#
# There is insufficient memory for the Java Runtime Environment to continue.
# Native memory allocation (malloc) failed to allocate 1194048 bytes for Chunk::new
# Possible reasons:
#   The system is out of physical RAM or swap space
#   In 32 bit mode, the process size limit was hit
# Possible solutions:
#   Reduce memory load on the system
#   Increase physical memory or swap space
#   Check if swap backing store is full
#   Use 64 bit Java on a 64 bit OS
#   Decrease Java heap size (-Xmx/-Xms)
#   Decrease number of Java threads
#   Decrease Java thread stack sizes (-Xss)
#   Set larger code cache with -XX:ReservedCodeCacheSize=
# This output file may be truncated or incomplete.
#
#  Out of Memory Error (allocation.cpp:390), pid=27424, tid=0x0000000000005404
#
# JRE version: Java(TM) SE Runtime Environment (8.0_181-b13) (build 1.8.0_181-b13)
# Java VM: Java HotSpot(TM) 64-Bit Server VM (25.181-b13 mixed mode windows-amd64 compressed oops)
# Failed to write core dump. Minidumps are not enabled by default on client versions of Windows
#

---------------  T H R E A D  ---------------

Current thread (0x000000001e204000):  JavaThread "C2 CompilerThread2" daemon [_thread_in_native, id=21508, stack(0x000000001f900000,0x000000001fa00000)]

Stack: [0x000000001f900000,0x000000001fa00000]
[error occurred during error reporting (printing stack bounds), id 0xc0000005]

Native frames: (J=compiled Java code, j=interpreted, Vv=VM code, C=native code)


Current CompileTask:
C2:7627042 3342   !   4       sun.awt.RepaintArea::paint (354 bytes)


---------------  P R O C E S S  ---------------

Java Threads: ( => current thread )
  0x000000002d8c9800 JavaThread "DestroyJavaVM" [_thread_blocked, id=23172, stack(0x0000000002c10000,0x0000000002d10000)]
  0x00000000203c8000 JavaThread "D3D Screen Updater" daemon [_thread_blocked, id=17584, stack(0x000000002d610000,0x000000002d710000)]
  0x0000000020321800 JavaThread "TimerQueue" daemon [_thread_blocked, id=26752, stack(0x000000002d110000,0x000000002d210000)]
  0x000000002025e000 JavaThread "AWT-EventQueue-0" [_thread_blocked, id=5724, stack(0x000000002c520000,0x000000002c620000)]
  0x000000002005a800 JavaThread "Thread-1" [_thread_blocked, id=16688, stack(0x00000000212d0000,0x00000000213d0000)]
  0x0000000020002800 JavaThread "AWT-Windows" daemon [_thread_in_native, id=27104, stack(0x00000000208b0000,0x00000000209b0000)]
  0x0000000020000800 JavaThread "AWT-Shutdown" [_thread_blocked, id=20944, stack(0x00000000207b0000,0x00000000208b0000)]
  0x000000001ff7c800 JavaThread "Java2D Disposer" daemon [_thread_blocked, id=22132, stack(0x00000000206b0000,0x00000000207b0000)]
  0x000000001e259000 JavaThread "Service Thread" daemon [_thread_blocked, id=27464, stack(0x000000001fb00000,0x000000001fc00000)]
  0x000000001e213800 JavaThread "C1 CompilerThread3" daemon [_thread_blocked, id=25192, stack(0x000000001fa00000,0x000000001fb00000)]
=>0x000000001e204000 JavaThread "C2 CompilerThread2" daemon [_thread_in_native, id=21508, stack(0x000000001f900000,0x000000001fa00000)]
  0x000000001e1af800 JavaThread "C2 CompilerThread1" daemon [_thread_blocked, id=9772, stack(0x000000001f800000,0x000000001f900000)]
  0x000000001e1ac800 JavaThread "C2 CompilerThread0" daemon [_thread_in_native, id=26512, stack(0x000000001f700000,0x000000001f800000)]
  0x000000001e1aa000 JavaThread "Signal Dispatcher" daemon [_thread_blocked, id=10648, stack(0x000000001f600000,0x000000001f700000)]
  0x000000001e1a3000 JavaThread "Finalizer" daemon [_thread_blocked, id=25052, stack(0x000000001f400000,0x000000001f500000)]
  0x0000000002e0a000 JavaThread "Reference Handler" daemon [_thread_blocked, id=11664, stack(0x000000001f300000,0x000000001f400000)]

Other Threads:
  0x000000001cad6800 VMThread [stack: 0x000000001f200000,0x000000001f300000] [id=16644]
  0x000000001e25b800 WatcherThread [stack: 0x000000001fc00000,0x000000001fd00000] [id=16348]

VM state:not at safepoint (normal execution)

VM Mutex/Monitor currently owned by a thread: None

Heap:
 PSYoungGen      total 74752K, used 56569K [0x000000076ad80000, 0x0000000771500000, 0x00000007c0000000)
  eden space 64000K, 82% used [0x000000076ad80000,0x000000076e141960,0x000000076ec00000)
  from space 10752K, 33% used [0x000000076ed80000,0x000000076f0fce50,0x000000076f800000)
  to   space 20992K, 0% used [0x0000000770080000,0x0000000770080000,0x0000000771500000)
 ParOldGen       total 84992K, used 12159K [0x00000006c0800000, 0x00000006c5b00000, 0x000000076ad80000)
  object space 84992K, 14% used [0x00000006c0800000,0x00000006c13dfd30,0x00000006c5b00000)
 Metaspace       used 20947K, capacity 21500K, committed 21760K, reserved 1069056K
  class space    used 2592K, capacity 2739K, committed 2816K, reserved 1048576K

Card table byte_map: [0x00000000121d0000,0x00000000129d0000] byte_map_base: 0x000000000ebcc000

Marking Bits: (ParMarkBitMap*) 0x00000000532b2d00
 Begin Bits: [0x0000000013930000, 0x0000000017910000)
 End Bits:   [0x0000000017910000, 0x000000001b8f0000)

Polling page: 0x00000000012e0000

CodeCache: size=245760Kb used=9438Kb max_used=9688Kb free=236321Kb
 bounds [0x0000000002e10000, 0x00000000037a0000, 0x0000000011e10000]
 total_blobs=3416 nmethods=2847 adapters=480
 compilation: enabled

Compilation events (10 events):
Event: 7581.196 Thread 0x000000001e213800 3338   !   3       sun.security.ssl.CipherBox::decrypt (325 bytes)
Event: 7581.198 Thread 0x000000001e213800 nmethod 3338 0x000000000365bcd0 code [0x000000000365c0c0, 0x000000000365e698]
Event: 7581.198 Thread 0x000000001e213800 3339   !   3       sun.net.www.protocol.http.HttpURLConnection::getHeaderField (58 bytes)
Event: 7581.199 Thread 0x000000001e213800 nmethod 3339 0x000000000365a450 code [0x000000000365a660, 0x000000000365b568]
Event: 7585.701 Thread 0x000000001e1ac800 3341  s    4       sun.java2d.d3d.D3DScreenUpdateManager::startUpdateThread (38 bytes)
Event: 7585.701 Thread 0x000000001e1af800 3340   !   4       sun.java2d.d3d.D3DScreenUpdateManager::trackScreenSurface (78 bytes)
Event: 7585.704 Thread 0x000000001e1ac800 nmethod 3341 0x00000000036569d0 code [0x0000000003656b20, 0x00000000036570e8]
Event: 7585.706 Thread 0x000000001e1af800 nmethod 3340 0x0000000003658290 code [0x0000000003658400, 0x0000000003658bb8]
Event: 7626.033 Thread 0x000000001e204000 3342   !   4       sun.awt.RepaintArea::paint (354 bytes)
Event: 7626.235 Thread 0x000000001e1ac800 3343   !   4       java.awt.EventQueue::postEventPrivate (104 bytes)

GC Heap History (10 events):
Event: 842.614 GC heap before
{Heap before GC invocations=2 (full 0):
 PSYoungGen      total 76288K, used 75459K [0x000000076ad80000, 0x0000000770280000, 0x00000007c0000000)
  eden space 65536K, 100% used [0x000000076ad80000,0x000000076ed80000,0x000000076ed80000)
  from space 10752K, 92% used [0x000000076ed80000,0x000000076f730d90,0x000000076f800000)
  to   space 10752K, 0% used [0x000000076f800000,0x000000076f800000,0x0000000770280000)
 ParOldGen       total 175104K, used 40K [0x00000006c0800000, 0x00000006cb300000, 0x000000076ad80000)
  object space 175104K, 0% used [0x00000006c0800000,0x00000006c080a000,0x00000006cb300000)
 Metaspace       used 20502K, capacity 21038K, committed 21248K, reserved 1067008K
  class space    used 2588K, capacity 2736K, committed 2816K, reserved 1048576K
Event: 842.623 GC heap after
Heap after GC invocations=2 (full 0):
 PSYoungGen      total 76288K, used 10729K [0x000000076ad80000, 0x0000000770280000, 0x00000007c0000000)
  eden space 65536K, 0% used [0x000000076ad80000,0x000000076ad80000,0x000000076ed80000)
  from space 10752K, 99% used [0x000000076f800000,0x000000077027a650,0x0000000770280000)
  to   space 10752K, 0% used [0x000000076ed80000,0x000000076ed80000,0x000000076f800000)
 ParOldGen       total 175104K, used 6976K [0x00000006c0800000, 0x00000006cb300000, 0x000000076ad80000)
  object space 175104K, 3% used [0x00000006c0800000,0x00000006c0ed00e8,0x00000006cb300000)
 Metaspace       used 20502K, capacity 21038K, committed 21248K, reserved 1067008K
  class space    used 2588K, capacity 2736K, committed 2816K, reserved 1048576K
}
Event: 2226.088 GC heap before
{Heap before GC invocations=3 (full 0):
 PSYoungGen      total 76288K, used 60380K [0x000000076ad80000, 0x0000000770280000, 0x00000007c0000000)
  eden space 65536K, 75% used [0x000000076ad80000,0x000000076ddfca30,0x000000076ed80000)
  from space 10752K, 99% used [0x000000076f800000,0x000000077027a650,0x0000000770280000)
  to   space 10752K, 0% used [0x000000076ed80000,0x000000076ed80000,0x000000076f800000)
 ParOldGen       total 175104K, used 6976K [0x00000006c0800000, 0x00000006cb300000, 0x000000076ad80000)
  object space 175104K, 3% used [0x00000006c0800000,0x00000006c0ed00e8,0x00000006cb300000)
 Metaspace       used 20579K, capacity 21108K, committed 21248K, reserved 1067008K
  class space    used 2589K, capacity 2737K, committed 2816K, reserved 1048576K
Event: 2226.099 GC heap after
Heap after GC invocations=3 (full 0):
 PSYoungGen      total 76288K, used 10744K [0x000000076ad80000, 0x0000000770280000, 0x00000007c0000000)
  eden space 65536K, 0% used [0x000000076ad80000,0x000000076ad80000,0x000000076ed80000)
  from space 10752K, 99% used [0x000000076ed80000,0x000000076f7fe2a8,0x000000076f800000)
  to   space 10752K, 0% used [0x000000076f800000,0x000000076f800000,0x0000000770280000)
 ParOldGen       total 175104K, used 10593K [0x00000006c0800000, 0x00000006cb300000, 0x000000076ad80000)
  object space 175104K, 6% used [0x00000006c0800000,0x00000006c12587c8,0x00000006cb300000)
 Metaspace       used 20579K, capacity 21108K, committed 21248K, reserved 1067008K
  class space    used 2589K, capacity 2737K, committed 2816K, reserved 1048576K
}
Event: 2226.099 GC heap before
{Heap before GC invocations=4 (full 1):
 PSYoungGen      total 76288K, used 10744K [0x000000076ad80000, 0x0000000770280000, 0x00000007c0000000)
  eden space 65536K, 0% used [0x000000076ad80000,0x000000076ad80000,0x000000076ed80000)
  from space 10752K, 99% used [0x000000076ed80000,0x000000076f7fe2a8,0x000000076f800000)
  to   space 10752K, 0% used [0x000000076f800000,0x000000076f800000,0x0000000770280000)
 ParOldGen       total 175104K, used 10593K [0x00000006c0800000, 0x00000006cb300000, 0x000000076ad80000)
  object space 175104K, 6% used [0x00000006c0800000,0x00000006c12587c8,0x00000006cb300000)
 Metaspace       used 20579K, capacity 21108K, committed 21248K, reserved 1067008K
  class space    used 2589K, capacity 2737K, committed 2816K, reserved 1048576K
Event: 2226.177 GC heap after
Heap after GC invocations=4 (full 1):
 PSYoungGen      total 76288K, used 0K [0x000000076ad80000, 0x0000000770280000, 0x00000007c0000000)
  eden space 65536K, 0% used [0x000000076ad80000,0x000000076ad80000,0x000000076ed80000)
  from space 10752K, 0% used [0x000000076ed80000,0x000000076ed80000,0x000000076f800000)
  to   space 10752K, 0% used [0x000000076f800000,0x000000076f800000,0x0000000770280000)
 ParOldGen       total 84992K, used 12143K [0x00000006c0800000, 0x00000006c5b00000, 0x000000076ad80000)
  object space 84992K, 14% used [0x00000006c0800000,0x00000006c13dbd30,0x00000006c5b00000)
 Metaspace       used 20579K, capacity 21108K, committed 21248K, reserved 1067008K
  class space    used 2589K, capacity 2737K, committed 2816K, reserved 1048576K
}
Event: 4096.411 GC heap before
{Heap before GC invocations=5 (full 1):
 PSYoungGen      total 76288K, used 65536K [0x000000076ad80000, 0x0000000770280000, 0x00000007c0000000)
  eden space 65536K, 100% used [0x000000076ad80000,0x000000076ed80000,0x000000076ed80000)
  from space 10752K, 0% used [0x000000076ed80000,0x000000076ed80000,0x000000076f800000)
  to   space 10752K, 0% used [0x000000076f800000,0x000000076f800000,0x0000000770280000)
 ParOldGen       total 84992K, used 12143K [0x00000006c0800000, 0x00000006c5b00000, 0x000000076ad80000)
  object space 84992K, 14% used [0x00000006c0800000,0x00000006c13dbd30,0x00000006c5b00000)
 Metaspace       used 20719K, capacity 21236K, committed 21504K, reserved 1069056K
  class space    used 2590K, capacity 2737K, committed 2816K, reserved 1048576K
Event: 4096.425 GC heap after
Heap after GC invocations=5 (full 1):
 PSYoungGen      total 76288K, used 3279K [0x000000076ad80000, 0x0000000770280000, 0x00000007c0000000)
  eden space 65536K, 0% used [0x000000076ad80000,0x000000076ad80000,0x000000076ed80000)
  from space 10752K, 30% used [0x000000076f800000,0x000000076fb33f10,0x0000000770280000)
  to   space 10752K, 0% used [0x000000076ed80000,0x000000076ed80000,0x000000076f800000)
 ParOldGen       total 84992K, used 12151K [0x00000006c0800000, 0x00000006c5b00000, 0x000000076ad80000)
  object space 84992K, 14% used [0x00000006c0800000,0x00000006c13ddd30,0x00000006c5b00000)
 Metaspace       used 20719K, capacity 21236K, committed 21504K, reserved 1069056K
  class space    used 2590K, capacity 2737K, committed 2816K, reserved 1048576K
}
Event: 6131.010 GC heap before
{Heap before GC invocations=6 (full 1):
 PSYoungGen      total 76288K, used 68815K [0x000000076ad80000, 0x0000000770280000, 0x00000007c0000000)
  eden space 65536K, 100% used [0x000000076ad80000,0x000000076ed80000,0x000000076ed80000)
  from space 10752K, 30% used [0x000000076f800000,0x000000076fb33f10,0x0000000770280000)
  to   space 10752K, 0% used [0x000000076ed80000,0x000000076ed80000,0x000000076f800000)
 ParOldGen       total 84992K, used 12151K [0x00000006c0800000, 0x00000006c5b00000, 0x000000076ad80000)
  object space 84992K, 14% used [0x00000006c0800000,0x00000006c13ddd30,0x00000006c5b00000)
 Metaspace       used 20808K, capacity 21364K, committed 21504K, reserved 1069056K
  class space    used 2590K, capacity 2737K, committed 2816K, reserved 1048576K
Event: 6131.038 GC heap after
Heap after GC invocations=6 (full 1):
 PSYoungGen      total 74752K, used 3571K [0x000000076ad80000, 0x0000000771500000, 0x00000007c0000000)
  eden space 64000K, 0% used [0x000000076ad80000,0x000000076ad80000,0x000000076ec00000)
  from space 10752K, 33% used [0x000000076ed80000,0x000000076f0fce50,0x000000076f800000)
  to   space 20992K, 0% used [0x0000000770080000,0x0000000770080000,0x0000000771500000)
 ParOldGen       total 84992K, used 12159K [0x00000006c0800000, 0x00000006c5b00000, 0x000000076ad80000)
  object space 84992K, 14% used [0x00000006c0800000,0x00000006c13dfd30,0x00000006c5b00000)
 Metaspace       used 20808K, capacity 21364K, committed 21504K, reserved 1069056K
  class space    used 2590K, capacity 2737K, committed 2816K, reserved 1048576K
}

Deoptimization events (10 events):
Event: 7431.341 Thread 0x000000002025e000 Uncommon trap: reason=speculate_class_check action=maybe_recompile pc=0x0000000002fd9668 method=java.awt.Component.dispatchEventImpl(Ljava/awt/AWTEvent;)V @ 98
Event: 7490.374 Thread 0x000000002025e000 Uncommon trap: reason=unstable_if action=reinterpret pc=0x00000000031b3030 method=java.util.AbstractCollection.addAll(Ljava/util/Collection;)Z @ 32
Event: 7494.168 Thread 0x000000002025e000 Uncommon trap: reason=speculate_class_check action=maybe_recompile pc=0x0000000002fd9668 method=java.awt.Component.dispatchEventImpl(Ljava/awt/AWTEvent;)V @ 98
Event: 7494.224 Thread 0x000000002025e000 Uncommon trap: reason=unstable_if action=reinterpret pc=0x0000000003733424 method=sun.java2d.pipe.Region.isInsideXYXY(IIII)Z @ 30
Event: 7494.447 Thread 0x000000002025e000 Uncommon trap: reason=unstable_if action=reinterpret pc=0x000000000307e68c method=sun.java2d.SurfaceData.canRenderParallelograms(Lsun/java2d/SunGraphics2D;)Z @ 91
Event: 7494.449 Thread 0x000000002025e000 Uncommon trap: reason=bimorphic action=maybe_recompile pc=0x00000000036fe4cc method=sun.java2d.SunGraphics2D.fillRect(IIII)V @ 10
Event: 7494.455 Thread 0x000000002025e000 Uncommon trap: reason=class_check action=maybe_recompile pc=0x000000000377b71c method=sun.java2d.SunGraphics2D.checkFontInfo(Lsun/java2d/loops/FontInfo;Ljava/awt/Font;Ljava/awt/font/FontRenderContext;)Lsun/java2d/loops/FontInfo; @ 622
Event: 7494.464 Thread 0x000000002025e000 Uncommon trap: reason=class_check action=maybe_recompile pc=0x000000000377b71c method=sun.java2d.SunGraphics2D.checkFontInfo(Lsun/java2d/loops/FontInfo;Ljava/awt/Font;Ljava/awt/font/FontRenderContext;)Lsun/java2d/loops/FontInfo; @ 622
Event: 7494.465 Thread 0x000000002025e000 Uncommon trap: reason=class_check action=maybe_recompile pc=0x000000000377b71c method=sun.java2d.SunGraphics2D.checkFontInfo(Lsun/java2d/loops/FontInfo;Ljava/awt/Font;Ljava/awt/font/FontRenderContext;)Lsun/java2d/loops/FontInfo; @ 622
Event: 7494.482 Thread 0x000000002025e000 Uncommon trap: reason=speculate_class_check action=maybe_recompile pc=0x0000000002fd9668 method=java.awt.Component.dispatchEventImpl(Ljava/awt/AWTEvent;)V @ 98

Classes redefined (0 events):
No events

Internal exceptions (10 events):
Event: 3.493 Thread 0x0000000002b4d800 Exception <a 'java/io/IOException'> (0x000000076c65dae8) thrown at [C:\re\workspace\8-2-build-windows-amd64-cygwin\jdk8u181\11358\hotspot\src\share\vm\prims\jni.cpp, line 709]
Event: 3.498 Thread 0x0000000002b4d800 Exception <a 'java/io/IOException'> (0x000000076c67c818) thrown at [C:\re\workspace\8-2-build-windows-amd64-cygwin\jdk8u181\11358\hotspot\src\share\vm\prims\jni.cpp, line 709]
Event: 3.498 Thread 0x0000000002b4d800 Exception <a 'java/io/IOException'> (0x000000076c67cab8) thrown at [C:\re\workspace\8-2-build-windows-amd64-cygwin\jdk8u181\11358\hotspot\src\share\vm\prims\jni.cpp, line 709]
Event: 3.498 Thread 0x0000000002b4d800 Exception <a 'java/io/IOException'> (0x000000076c67cd28) thrown at [C:\re\workspace\8-2-build-windows-amd64-cygwin\jdk8u181\11358\hotspot\src\share\vm\prims\jni.cpp, line 709]
Event: 63.539 Thread 0x0000000002b4d800 Exception <a 'java/io/IOException'> (0x000000076cd7c548) thrown at [C:\re\workspace\8-2-build-windows-amd64-cygwin\jdk8u181\11358\hotspot\src\share\vm\prims\jni.cpp, line 709]
Event: 63.539 Thread 0x0000000002b4d800 Exception <a 'java/io/IOException'> (0x000000076cd7c7e8) thrown at [C:\re\workspace\8-2-build-windows-amd64-cygwin\jdk8u181\11358\hotspot\src\share\vm\prims\jni.cpp, line 709]
Event: 63.539 Thread 0x0000000002b4d800 Exception <a 'java/io/IOException'> (0x000000076cd7ca58) thrown at [C:\re\workspace\8-2-build-windows-amd64-cygwin\jdk8u181\11358\hotspot\src\share\vm\prims\jni.cpp, line 709]
Event: 63.540 Thread 0x000000002d8c9800 Implicit null exception at 0x00000000035b89e4 to 0x00000000035b9fad
Event: 842.687 Thread 0x000000002025e000 Implicit null exception at 0x0000000002f43b93 to 0x0000000002f44955
Event: 6799.543 Thread 0x000000002025e000 Implicit null exception at 0x0000000003640d85 to 0x00000000036496bd

Events (10 events):
Event: 7591.195 Executing VM operation: RevokeBias done
Event: 7591.195 Executing VM operation: RevokeBias
Event: 7591.195 Executing VM operation: RevokeBias done
Event: 7591.195 Executing VM operation: RevokeBias
Event: 7591.195 Executing VM operation: RevokeBias done
Event: 7591.196 Executing VM operation: RevokeBias
Event: 7591.196 Executing VM operation: RevokeBias done
Event: 7591.196 Executing VM operation: RevokeBias
Event: 7591.196 Executing VM operation: RevokeBias done
Event: 7591.196 Thread 0x000000002d8c7000 Thread exited: 0x000000002d8c7000


Dynamic libraries:
0x00007ff6653c0000 - 0x00007ff6653f7000 	C:\Program Files\Java\jre1.8.0_181\bin\java.exe
0x00007ffe34840000 - 0x00007ffe34a21000 	C:\WINDOWS\SYSTEM32\ntdll.dll
0x00007ffe34680000 - 0x00007ffe34732000 	C:\WINDOWS\System32\KERNEL32.DLL
0x00007ffe31560000 - 0x00007ffe317d3000 	C:\WINDOWS\System32\KERNELBASE.dll
0x00007ffe31f00000 - 0x00007ffe31fa1000 	C:\WINDOWS\System32\ADVAPI32.dll
0x00007ffe342f0000 - 0x00007ffe3438e000 	C:\WINDOWS\System32\msvcrt.dll
0x00007ffe329b0000 - 0x00007ffe32a0b000 	C:\WINDOWS\System32\sechost.dll
0x00007ffe340d0000 - 0x00007ffe341f4000 	C:\WINDOWS\System32\RPCRT4.dll
0x00007ffe34430000 - 0x00007ffe345c0000 	C:\WINDOWS\System32\USER32.dll
0x00007ffe31cb0000 - 0x00007ffe31cd0000 	C:\WINDOWS\System32\win32u.dll
0x00007ffe31ed0000 - 0x00007ffe31ef8000 	C:\WINDOWS\System32\GDI32.dll
0x00007ffe31320000 - 0x00007ffe314b2000 	C:\WINDOWS\System32\gdi32full.dll
0x00007ffe314c0000 - 0x00007ffe3155f000 	C:\WINDOWS\System32\msvcp_win.dll
0x00007ffe31bb0000 - 0x00007ffe31caa000 	C:\WINDOWS\System32\ucrtbase.dll
0x00007ffe263c0000 - 0x00007ffe26629000 	C:\WINDOWS\WinSxS\amd64_microsoft.windows.common-controls_6595b64144ccf1df_6.0.17134.407_none_fb449d63306391e9\COMCTL32.dll
0x00007ffe320b0000 - 0x00007ffe323d2000 	C:\WINDOWS\System32\combase.dll
0x00007ffe31b30000 - 0x00007ffe31baa000 	C:\WINDOWS\System32\bcryptPrimitives.dll
0x00007ffe34390000 - 0x00007ffe343bd000 	C:\WINDOWS\System32\IMM32.DLL
0x00000000527e0000 - 0x00000000528b2000 	C:\Program Files\Java\jre1.8.0_181\bin\msvcr100.dll
0x0000000052a90000 - 0x0000000053332000 	C:\Program Files\Java\jre1.8.0_181\bin\server\jvm.dll
0x00007ffe343c0000 - 0x00007ffe343c8000 	C:\WINDOWS\System32\PSAPI.DLL
0x00007ffe215d0000 - 0x00007ffe215d9000 	C:\WINDOWS\SYSTEM32\WSOCK32.dll
0x00007ffe34280000 - 0x00007ffe342ec000 	C:\WINDOWS\System32\WS2_32.dll
0x00007ffe2edb0000 - 0x00007ffe2edd3000 	C:\WINDOWS\SYSTEM32\WINMM.dll
0x00007ffe2b580000 - 0x00007ffe2b58a000 	C:\WINDOWS\SYSTEM32\VERSION.dll
0x00007ffe2ebb0000 - 0x00007ffe2ebda000 	C:\WINDOWS\SYSTEM32\winmmbase.dll
0x00007ffe31ae0000 - 0x00007ffe31b29000 	C:\WINDOWS\System32\cfgmgr32.dll
0x00000000529a0000 - 0x00000000529af000 	C:\Program Files\Java\jre1.8.0_181\bin\verify.dll
0x0000000052970000 - 0x0000000052999000 	C:\Program Files\Java\jre1.8.0_181\bin\java.dll
0x0000000052950000 - 0x0000000052966000 	C:\Program Files\Java\jre1.8.0_181\bin\zip.dll
0x00007ffe32c90000 - 0x00007ffe340cf000 	C:\WINDOWS\System32\SHELL32.dll
0x00007ffe345d0000 - 0x00007ffe34679000 	C:\WINDOWS\System32\shcore.dll
0x00007ffe30c10000 - 0x00007ffe3131d000 	C:\WINDOWS\System32\windows.storage.dll
0x00007ffe32050000 - 0x00007ffe320a1000 	C:\WINDOWS\System32\shlwapi.dll
0x00007ffe30bf0000 - 0x00007ffe30c01000 	C:\WINDOWS\System32\kernel.appcore.dll
0x00007ffe30b60000 - 0x00007ffe30b7f000 	C:\WINDOWS\System32\profapi.dll
0x00007ffe30b80000 - 0x00007ffe30bcc000 	C:\WINDOWS\System32\powrprof.dll
0x00007ffe30b50000 - 0x00007ffe30b5a000 	C:\WINDOWS\System32\FLTLIB.DLL
0x0000000052640000 - 0x00000000527d9000 	C:\Program Files\Java\jre1.8.0_181\bin\awt.dll
0x00007ffe34740000 - 0x00007ffe34802000 	C:\WINDOWS\System32\OLEAUT32.dll
0x00007ffe2eed0000 - 0x00007ffe2ef5b000 	C:\WINDOWS\SYSTEM32\apphelp.dll
0x00007ffe2f050000 - 0x00007ffe2f0e8000 	C:\WINDOWS\system32\uxtheme.dll
0x00007ffe32830000 - 0x00007ffe329a3000 	C:\WINDOWS\System32\MSCTF.dll
0x00007ffe2f230000 - 0x00007ffe2f259000 	C:\WINDOWS\system32\dwmapi.dll
0x00007ffe32b30000 - 0x00007ffe32c81000 	C:\WINDOWS\System32\ole32.dll
0x00000000528e0000 - 0x0000000052904000 	C:\Program Files\Java\jre1.8.0_181\bin\sunec.dll
0x0000000052930000 - 0x000000005294a000 	C:\Program Files\Java\jre1.8.0_181\bin\net.dll
0x00007ffe30370000 - 0x00007ffe303d6000 	C:\WINDOWS\system32\mswsock.dll
0x00007ffe300f0000 - 0x00007ffe30128000 	C:\WINDOWS\SYSTEM32\IPHLPAPI.DLL
0x00007ffe32a10000 - 0x00007ffe32a18000 	C:\WINDOWS\System32\NSI.dll
0x00007ffe2b7d0000 - 0x00007ffe2b7e6000 	C:\WINDOWS\SYSTEM32\dhcpcsvc6.DLL
0x00007ffe2b790000 - 0x00007ffe2b7aa000 	C:\WINDOWS\SYSTEM32\dhcpcsvc.DLL
0x0000000052910000 - 0x0000000052921000 	C:\Program Files\Java\jre1.8.0_181\bin\nio.dll
0x00007ffe0ad50000 - 0x00007ffe0ae70000 	C:\WINDOWS\system32\opengl32.dll
0x00007ffe1bdf0000 - 0x00007ffe1be1c000 	C:\WINDOWS\SYSTEM32\GLU32.dll
0x00007ffe29500000 - 0x00007ffe29697000 	C:\WINDOWS\system32\d3d9.dll
0x00007ffe2a290000 - 0x00007ffe2a37b000 	C:\WINDOWS\System32\DriverStore\FileRepository\nv_dispi.inf_amd64_040c7acb04cee565\nvldumdx.dll
0x00007ffe318f0000 - 0x00007ffe31ad2000 	C:\WINDOWS\System32\crypt32.dll
0x00007ffe30bd0000 - 0x00007ffe30be2000 	C:\WINDOWS\System32\MSASN1.dll
0x00007ffe31890000 - 0x00007ffe318e7000 	C:\WINDOWS\System32\WINTRUST.DLL
0x00007ffe32a20000 - 0x00007ffe32a3d000 	C:\WINDOWS\System32\imagehlp.dll
0x00007ffe30530000 - 0x00007ffe30547000 	C:\WINDOWS\SYSTEM32\CRYPTSP.dll
0x00007ffe2ff50000 - 0x00007ffe2ff83000 	C:\WINDOWS\system32\rsaenh.dll
0x00007ffe30650000 - 0x00007ffe30675000 	C:\WINDOWS\SYSTEM32\bcrypt.dll
0x00007ffe30520000 - 0x00007ffe3052b000 	C:\WINDOWS\SYSTEM32\CRYPTBASE.dll
0x00007ffde3f50000 - 0x00007ffde5188000 	C:\WINDOWS\System32\DriverStore\FileRepository\nv_dispi.inf_amd64_040c7acb04cee565\nvd3dumx.dll
0x00007ffdfa220000 - 0x00007ffdfa464000 	C:\WINDOWS\system32\nvspcap64.dll
0x00007ffe2fc70000 - 0x00007ffe2fca1000 	C:\WINDOWS\SYSTEM32\ntmarta.dll
0x00007ffe2f890000 - 0x00007ffe2f8b2000 	C:\WINDOWS\SYSTEM32\gpapi.dll
0x00007ffe2b310000 - 0x00007ffe2b33e000 	C:\WINDOWS\SYSTEM32\cryptnet.dll
0x00000000525f0000 - 0x0000000052637000 	C:\Program Files\Java\jre1.8.0_181\bin\fontmanager.dll
0x00007ffe31fb0000 - 0x00007ffe32050000 	C:\WINDOWS\System32\clbcatq.dll
0x00007ffe2a8b0000 - 0x00007ffe2aa5e000 	C:\WINDOWS\SYSTEM32\WindowsCodecs.dll
0x00007ffe13280000 - 0x00007ffe132d8000 	C:\WINDOWS\system32\dataexchange.dll
0x00007ffe2e590000 - 0x00007ffe2e72c000 	C:\WINDOWS\system32\dcomp.dll
0x00007ffe2d680000 - 0x00007ffe2d98b000 	C:\WINDOWS\system32\d3d11.dll
0x00007ffe2f910000 - 0x00007ffe2f9cb000 	C:\WINDOWS\system32\dxgi.dll
0x00007ffe2f420000 - 0x00007ffe2f5d8000 	C:\WINDOWS\system32\twinapi.appcore.dll
0x00007ffe2f3c0000 - 0x00007ffe2f3e1000 	C:\WINDOWS\system32\RMCLIENT.dll
0x00000000525a0000 - 0x00000000525e2000 	C:\Program Files\Java\jre1.8.0_181\bin\t2k.dll
0x00007ffe30a80000 - 0x00007ffe30aa8000 	C:\WINDOWS\SYSTEM32\USERENV.dll
0x00007ffe10800000 - 0x00007ffe10816000 	C:\WINDOWS\system32\napinsp.dll
0x00007ffe107e0000 - 0x00007ffe107fa000 	C:\WINDOWS\system32\pnrpnsp.dll
0x00007ffe2e570000 - 0x00007ffe2e589000 	C:\WINDOWS\system32\NLAapi.dll
0x00007ffe30130000 - 0x00007ffe301ee000 	C:\WINDOWS\SYSTEM32\DNSAPI.dll
0x00007ffe10770000 - 0x00007ffe1077e000 	C:\WINDOWS\System32\winrnr.dll
0x00007ffe115a0000 - 0x00007ffe115b5000 	C:\WINDOWS\System32\wshbth.dll
0x00007ffe29a40000 - 0x00007ffe29ab2000 	C:\WINDOWS\System32\fwpuclnt.dll
0x00007ffe29750000 - 0x00007ffe2975a000 	C:\Windows\System32\rasadhlp.dll
0x00000000528d0000 - 0x00000000528db000 	C:\Program Files\Java\jre1.8.0_181\bin\sunmscapi.dll
0x00000000528c0000 - 0x00000000528cd000 	C:\Program Files\Java\jre1.8.0_181\bin\management.dll
0x00007ffe0e850000 - 0x00007ffe0e8cf000 	C:\Program Files (x86)\TeamViewer\tv_x64.dll

VM Arguments:
jvm_args: -Xbootclasspath/p:C:\Users\William Holmberg\OSBot\Data\filter_72cdb86.jar -XX:+DisableAttachMechanism 
java_command: org.osbot.BotApplication 0,1,0,1vestnolife@gmail.com:ugot00wned2:1234,NEX:ugot00wned2_,178,0,0,1,0,0,null
java_class_path (initial): /C:/Users/William Holmberg/eclipse-workspace/NexusDesktop/osbot.jar;/C:/Users/William Holmberg/eclipse-workspace/NexusDesktop/osbot.jar
Launcher Type: SUN_STANDARD

Environment Variables:
PATH=C:/Program Files/Java/jre1.8.0_181/bin/server;C:/Program Files/Java/jre1.8.0_181/bin;C:/Program Files/Java/jre1.8.0_181/lib/amd64;C:\Program Files (x86)\Common Files\Oracle\Java\javapath;C:\Program Files (x86)\Intel\iCLS Client\;C:\Program Files\Intel\iCLS Client\;C:\WINDOWS\system32;C:\WINDOWS;C:\WINDOWS\System32\Wbem;C:\WINDOWS\System32\WindowsPowerShell\v1.0\;C:\WINDOWS\System32\OpenSSH\;C:\Program Files (x86)\NVIDIA Corporation\PhysX\Common;C:\Program Files (x86)\Intel\Intel(R) Management Engine Components\DAL;C:\Program Files\Intel\Intel(R) Management Engine Components\DAL;C:\Program Files (x86)\Intel\Intel(R) Management Engine Components\IPT;C:\Program Files\Intel\Intel(R) Management Engine Components\IPT;C:\Users\William Holmberg\AppData\Local\Microsoft\WindowsApps;C:\Users\William Holmberg\AppData\Local\GitHubDesktop\bin;C:\WINDOWS\system32;
USERNAME=William Holmberg
OS=Windows_NT
PROCESSOR_IDENTIFIER=Intel64 Family 6 Model 158 Stepping 10, GenuineIntel



---------------  S Y S T E M  ---------------

OS: Windows 10.0 , 64 bit Build 17134 (10.0.17134.1)

CPU:total 12 (initial active 12) (6 cores per cpu, 2 threads per core) family 6 model 158 stepping 10, cmov, cx8, fxsr, mmx, sse, sse2, sse3, ssse3, sse4.1, sse4.2, popcnt, avx, avx2, aes, clmul, erms, rtm, 3dnowpref, lzcnt, ht, tsc, tscinvbit, bmi1, bmi2, adx

Memory: 4k page, physical 16736684k(728080k free), swap 45909140k(13580k free)

vm_info: Java HotSpot(TM) 64-Bit Server VM (25.181-b13) for windows-amd64 JRE (1.8.0_181-b13), built on Jul  7 2018 04:01:33 by "java_re" with MS VC++ 10.0 (VS2010)

time: Thu Dec 06 21:19:51 2018
elapsed time: 7626 seconds (0d 2h 7m 6s)

