#
# A fatal error has been detected by the Java Runtime Environment:
#
#  EXCEPTION_ACCESS_VIOLATION (0xc0000005) at pc=0x00007fff42dfd979, pid=8540, tid=0x0000000000002d88
#
# JRE version: Java(TM) SE Runtime Environment (8.0_181-b13) (build 1.8.0_181-b13)
# Java VM: Java HotSpot(TM) 64-Bit Server VM (25.181-b13 mixed mode windows-amd64 compressed oops)
# Problematic frame:
# C  [ntdll.dll+0x1d979]
#
# Failed to write core dump. Minidumps are not enabled by default on client versions of Windows
#
# If you would like to submit a bug report, please visit:
#   http://bugreport.java.com/bugreport/crash.jsp
# The crash happened outside the Java Virtual Machine in native code.
# See problematic frame for where to report the bug.
#

---------------  T H R E A D  ---------------

Current thread (0x000000001fd10000):  JavaThread "Thread-7" daemon [_thread_in_native, id=11656, stack(0x0000000031a60000,0x0000000031b60000)]

siginfo: ExceptionCode=0xc0000005, writing address 0x0000000000000024

Registers:
RAX=0xffffffffffffffff, RBX=0x00000000006297e8, RCX=0x0000000000000000, RDX=0xffffffffffffffff
RSP=0x0000000031b5eab0, RBP=0x0000000031b5eb20, RSI=0x0000000000000000, RDI=0x0000000000000000
R8 =0x0000000000000000, R9 =0x0000000000000000, R10=0x000000001bd394e0, R11=0x000000002fc4c7f8
R12=0x0000000000000000, R13=0x000000002bde82c0, R14=0x0000000000000000, R15=0x000000001fd10000
RIP=0x00007fff42dfd979, EFLAGS=0x0000000000010213

Top of Stack: (sp=0x0000000031b5eab0)
0x0000000031b5eab0:   ffffffffffffffff 00000000006297e8
0x0000000031b5eac0:   00000000021a0cc0 000000001fd10000
0x0000000031b5ead0:   0000000031b5ed58 000000002bde82c0
0x0000000031b5eae0:   0000000000000000 000000000039c000
0x0000000031b5eaf0:   0000000031b5ebe8 000000001fd10000
0x0000000031b5eb00:   0000000031b5ed58 00000000725f9ba1
0x0000000031b5eb10:   0000000000000000 0000000000000000
0x0000000031b5eb20:   000000001fd10000 0000000000000001
0x0000000031b5eb30:   000000002bde82c0 0000000000000000
0x0000000031b5eb40:   0000000000000000 0000000000000000
0x0000000031b5eb50:   0000000000000001 00007fff42df83e7
0x0000000031b5eb60:   0000000000000000 00000000006297e8
0x0000000031b5eb70:   00000000fffffffa 0000000072aaa668
0x0000000031b5eb80:   0000000031b5ed58 00007fff42df8300
0x0000000031b5eb90:   0000000031b5ec20 0000000000010001
0x0000000031b5eba0:   0000000000000000 0000000000000001 

Instructions: (pc=0x00007fff42dfd979)
0x00007fff42dfd959:   35 62 e5 13 00 4c 0f 45 f6 48 39 73 18 0f 84 b6
0x00007fff42dfd969:   01 00 00 48 8b 0b 48 83 f9 ff 0f 84 b6 01 00 00
0x00007fff42dfd979:   ff 41 24 48 8b 7b 18 44 8b ee 48 89 7d c0 e8 b4
0x00007fff42dfd989:   2e ff ff 85 c0 0f 85 56 ca 08 00 b9 82 03 fe 7f 


Register to memory mapping:

RAX=0xffffffffffffffff is an unknown value
RBX=0x00000000006297e8 is an unknown value
RCX=0x0000000000000000 is an unknown value
RDX=0xffffffffffffffff is an unknown value
RSP=0x0000000031b5eab0 is pointing into the stack for thread: 0x000000001fd10000
RBP=0x0000000031b5eb20 is pointing into the stack for thread: 0x000000001fd10000
RSI=0x0000000000000000 is an unknown value
RDI=0x0000000000000000 is an unknown value
R8 =0x0000000000000000 is an unknown value
R9 =0x0000000000000000 is an unknown value
R10={method} {0x000000001bd394e8} 'addRecord' '(Ljava/lang/Object;JJ)V' in 'sun/java2d/Disposer'
R11=0x000000002fc4c7f8 is an unknown value
R12=0x0000000000000000 is an unknown value
R13={method} {0x000000002bde82c8} 'initOps' '(III)V' in 'sun/java2d/d3d/D3DSurfaceData'
R14=0x0000000000000000 is an unknown value
R15=0x000000001fd10000 is a thread


Stack: [0x0000000031a60000,0x0000000031b60000],  sp=0x0000000031b5eab0,  free space=1018k
Native frames: (J=compiled Java code, j=interpreted, Vv=VM code, C=native code)
C  [ntdll.dll+0x1d979]
C  [ntdll.dll+0x183e7]
C  [ntdll.dll+0x18300]
C  0x00007fff377b54c9

Java frames: (J=compiled Java code, j=interpreted, Vv=VM code)
j  sun.java2d.d3d.D3DSurfaceData.initOps(III)V+0
j  sun.java2d.d3d.D3DSurfaceData.<init>(Lsun/awt/windows/WComponentPeer;Lsun/java2d/d3d/D3DGraphicsConfig;IILjava/awt/Image;Ljava/awt/image/ColorModel;IILsun/java2d/pipe/hw/ExtendedBufferCapabilities$VSyncType;I)V+76
j  sun.java2d.d3d.D3DSurfaceData.createData(Lsun/java2d/d3d/D3DGraphicsConfig;IILjava/awt/image/ColorModel;Ljava/awt/Image;I)Lsun/java2d/d3d/D3DSurfaceData;+70
j  sun.java2d.d3d.D3DGraphicsConfig.createManagedSurface(III)Lsun/java2d/SurfaceData;+10
j  sun.java2d.d3d.D3DSurfaceDataProxy.validateSurfaceData(Lsun/java2d/SurfaceData;Lsun/java2d/SurfaceData;II)Lsun/java2d/SurfaceData;+22
J 3264 C1 sun.java2d.SurfaceDataProxy.replaceData(Lsun/java2d/SurfaceData;ILsun/java2d/loops/CompositeType;Ljava/awt/Color;)Lsun/java2d/SurfaceData; (329 bytes) @ 0x00000000026a7adc [0x00000000026a7100+0x9dc]
J 5399 C2 sun.java2d.SunGraphics2D.drawImage(Ljava/awt/Image;IILjava/awt/Color;Ljava/awt/image/ImageObserver;)Z (145 bytes) @ 0x0000000003d75a44 [0x0000000003d6f520+0x6524]
J 5404 C2 sun.java2d.SunGraphics2D.drawImage(Ljava/awt/Image;IILjava/awt/image/ImageObserver;)Z (11 bytes) @ 0x0000000002be2cd8 [0x0000000002be2ca0+0x38]
j  org.osbot.rs07.canvas.WrappedCanvas.IIIiiiiiIiiI()V+105
J 3408 C1 org.osbot.rs07.canvas.WrappedCanvas.getGraphics()Ljava/awt/Graphics; (141 bytes) @ 0x0000000002dcf57c [0x0000000002dcca40+0x2b3c]
J 5327 C2 client.ar(ZI)V (1149 bytes) @ 0x0000000003986798 [0x0000000003986380+0x418]
J 3415 C1 ah.o(B)V (406 bytes) @ 0x0000000002d31d2c [0x0000000002d30cc0+0x106c]
j  ah.run()V+365
j  java.lang.Thread.run()V+11
v  ~StubRoutines::call_stub

---------------  P R O C E S S  ---------------

Java Threads: ( => current thread )
  0x000000002ee91000 JavaThread "Thread-18" daemon [_thread_blocked, id=11328, stack(0x0000000033850000,0x0000000033950000)]
  0x000000002ee91800 JavaThread "pool-5-thread-1" [_thread_blocked, id=1384, stack(0x0000000033450000,0x0000000033550000)]
  0x000000002ee92800 JavaThread "Thread-17" daemon [_thread_blocked, id=9916, stack(0x0000000033350000,0x0000000033450000)]
  0x000000002ee8b000 JavaThread "Thread-16" daemon [_thread_in_native, id=14392, stack(0x0000000033250000,0x0000000033350000)]
  0x000000002ee83800 JavaThread "Event Executor [Bot: 1, #0]" [_thread_blocked, id=7292, stack(0x0000000033150000,0x0000000033250000)]
  0x000000002ee8a000 JavaThread "DestroyJavaVM" [_thread_blocked, id=9196, stack(0x00000000022c0000,0x00000000023c0000)]
  0x000000002ee88000 JavaThread "Script Executor" [_thread_blocked, id=13140, stack(0x0000000033050000,0x0000000033150000)]
  0x000000002ee87000 JavaThread "Thread-15" [_thread_blocked, id=14224, stack(0x0000000032f50000,0x0000000033050000)]
  0x000000002ee86800 JavaThread "Thread-14" daemon [_thread_blocked, id=16832, stack(0x0000000032e50000,0x0000000032f50000)]
  0x000000002ee89800 JavaThread "pool-4-thread-1" [_thread_blocked, id=15352, stack(0x0000000032a50000,0x0000000032b50000)]
  0x000000002ee85800 JavaThread "Java Sound Event Dispatcher" daemon [_thread_blocked, id=18284, stack(0x0000000032750000,0x0000000032850000)]
  0x000000002ee85000 JavaThread "pool-3-thread-1" [_thread_blocked, id=9508, stack(0x0000000032260000,0x0000000032360000)]
  0x000000002ee88800 JavaThread "Thread-11" daemon [_thread_blocked, id=12780, stack(0x0000000031e60000,0x0000000031f60000)]
  0x000000001fd13800 JavaThread "Thread-9" daemon [_thread_blocked, id=6128, stack(0x0000000031c60000,0x0000000031d60000)]
=>0x000000001fd10000 JavaThread "Thread-7" daemon [_thread_in_native, id=11656, stack(0x0000000031a60000,0x0000000031b60000)]
  0x000000001fd15800 JavaThread "Thread-6" daemon [_thread_blocked, id=1684, stack(0x0000000031740000,0x0000000031840000)]
  0x000000001fd11800 JavaThread "Thread-5" [_thread_blocked, id=10228, stack(0x000000002e2a0000,0x000000002e3a0000)]
  0x000000001fb64000 JavaThread "Thread-3" [_thread_blocked, id=12000, stack(0x000000002c980000,0x000000002ca80000)]
  0x000000001fac3800 JavaThread "TimerQueue" daemon [_thread_blocked, id=4012, stack(0x000000002c680000,0x000000002c780000)]
  0x000000001fa11000 JavaThread "AWT-EventQueue-0" [_thread_in_native, id=10184, stack(0x000000002bfa0000,0x000000002c0a0000)]
  0x000000001f73e000 JavaThread "Thread-1" [_thread_blocked, id=18304, stack(0x0000000020a00000,0x0000000020b00000)]
  0x000000001f5b4000 JavaThread "AWT-Shutdown" [_thread_blocked, id=8720, stack(0x000000001fe80000,0x000000001ff80000)]
  0x000000001f643800 JavaThread "Java2D Disposer" daemon [_thread_blocked, id=16768, stack(0x000000001fd80000,0x000000001fe80000)]
  0x000000001d912800 JavaThread "Service Thread" daemon [_thread_blocked, id=16828, stack(0x000000001f1d0000,0x000000001f2d0000)]
  0x000000001d8d4000 JavaThread "C1 CompilerThread3" daemon [_thread_blocked, id=11832, stack(0x000000001f0d0000,0x000000001f1d0000)]
  0x000000001d8a9800 JavaThread "C2 CompilerThread2" daemon [_thread_blocked, id=12104, stack(0x000000001efd0000,0x000000001f0d0000)]
  0x000000001d874000 JavaThread "C2 CompilerThread1" daemon [_thread_blocked, id=13080, stack(0x000000001eed0000,0x000000001efd0000)]
  0x000000001d870800 JavaThread "C2 CompilerThread0" daemon [_thread_blocked, id=1824, stack(0x000000001edd0000,0x000000001eed0000)]
  0x000000001d86e000 JavaThread "Signal Dispatcher" daemon [_thread_blocked, id=7532, stack(0x000000001ecd0000,0x000000001edd0000)]
  0x000000001d863800 JavaThread "Finalizer" daemon [_thread_blocked, id=8152, stack(0x000000001ead0000,0x000000001ebd0000)]
  0x00000000024ba000 JavaThread "Reference Handler" daemon [_thread_blocked, id=14784, stack(0x000000001e9d0000,0x000000001ead0000)]

Other Threads:
  0x000000001c186800 VMThread [stack: 0x000000001e8d0000,0x000000001e9d0000] [id=15500]
  0x000000001d914800 WatcherThread [stack: 0x000000001f2d0000,0x000000001f3d0000] [id=18148]

VM state:not at safepoint (normal execution)

VM Mutex/Monitor currently owned by a thread: None

Heap:
 PSYoungGen      total 387584K, used 135217K [0x000000076ad80000, 0x000000078a780000, 0x00000007c0000000)
  eden space 315904K, 20% used [0x000000076ad80000,0x000000076eb8eb20,0x000000077e200000)
  from space 71680K, 99% used [0x000000077e200000,0x00000007827fdc60,0x0000000782800000)
  to   space 85504K, 0% used [0x0000000785400000,0x0000000785400000,0x000000078a780000)
 ParOldGen       total 287232K, used 125524K [0x00000006c0800000, 0x00000006d2080000, 0x000000076ad80000)
  object space 287232K, 43% used [0x00000006c0800000,0x00000006c82952a0,0x00000006d2080000)
 Metaspace       used 31028K, capacity 31751K, committed 32000K, reserved 1077248K
  class space    used 3325K, capacity 3473K, committed 3584K, reserved 1048576K

Card table byte_map: [0x0000000011880000,0x0000000012080000] byte_map_base: 0x000000000e27c000

Marking Bits: (ParMarkBitMap*) 0x0000000072cc2d00
 Begin Bits: [0x0000000012fe0000, 0x0000000016fc0000)
 End Bits:   [0x0000000016fc0000, 0x000000001afa0000)

Polling page: 0x00000000001f0000

CodeCache: size=245760Kb used=25474Kb max_used=25479Kb free=220285Kb
 bounds [0x00000000024c0000, 0x0000000003dc0000, 0x00000000114c0000]
 total_blobs=4991 nmethods=4309 adapters=593
 compilation: enabled

Compilation events (10 events):
Event: 113.442 Thread 0x000000001d874000 5438       4       java.awt.font.FontRenderContext::equals (127 bytes)
Event: 113.443 Thread 0x000000001d874000 nmethod 5438 0x0000000002e0e090 code [0x0000000002e0e1e0, 0x0000000002e0e2f8]
Event: 114.077 Thread 0x000000001d8d4000 5439       3       org.osbot.BP::add (48 bytes)
Event: 114.077 Thread 0x000000001d8d4000 nmethod 5439 0x0000000002e0d4d0 code [0x0000000002e0d6a0, 0x0000000002e0de18]
Event: 114.077 Thread 0x000000001d8d4000 5440       3       org.osbot.oF::size (10 bytes)
Event: 114.077 Thread 0x000000001d8d4000 nmethod 5440 0x0000000002e0cf50 code [0x0000000002e0d0c0, 0x0000000002e0d398]
Event: 114.078 Thread 0x000000001d8d4000 5441       3       java.awt.event.InvocationEvent::<init> (52 bytes)
Event: 114.078 Thread 0x000000001d8d4000 nmethod 5441 0x0000000003b58c50 code [0x0000000003b58dc0, 0x0000000003b59028]
Event: 114.088 Thread 0x000000001d8d4000 5442       1       sun.java2d.StateTrackableDelegate::markDirty (6 bytes)
Event: 114.089 Thread 0x000000001d8d4000 nmethod 5442 0x0000000003b58990 code [0x0000000003b58ae0, 0x0000000003b58c10]

GC Heap History (10 events):
Event: 4.822 GC heap before
{Heap before GC invocations=6 (full 0):
 PSYoungGen      total 141824K, used 107872K [0x000000076ad80000, 0x0000000783280000, 0x00000007c0000000)
  eden space 131072K, 74% used [0x000000076ad80000,0x0000000770c586a8,0x0000000772d80000)
  from space 10752K, 99% used [0x0000000772d80000,0x00000007737ffc78,0x0000000773800000)
  to   space 68096K, 0% used [0x000000077f000000,0x000000077f000000,0x0000000783280000)
 ParOldGen       total 175104K, used 113848K [0x00000006c0800000, 0x00000006cb300000, 0x000000076ad80000)
  object space 175104K, 65% used [0x00000006c0800000,0x00000006c772e188,0x00000006cb300000)
 Metaspace       used 20660K, capacity 21186K, committed 21248K, reserved 1067008K
  class space    used 2618K, capacity 2766K, committed 2816K, reserved 1048576K
Event: 4.828 GC heap after
Heap after GC invocations=6 (full 0):
 PSYoungGen      total 329216K, used 10942K [0x000000076ad80000, 0x0000000783180000, 0x00000007c0000000)
  eden space 262144K, 0% used [0x000000076ad80000,0x000000076ad80000,0x000000077ad80000)
  from space 67072K, 16% used [0x000000077f000000,0x000000077faafa38,0x0000000783180000)
  to   space 67584K, 0% used [0x000000077ad80000,0x000000077ad80000,0x000000077ef80000)
 ParOldGen       total 175104K, used 113848K [0x00000006c0800000, 0x00000006cb300000, 0x000000076ad80000)
  object space 175104K, 65% used [0x00000006c0800000,0x00000006c772e188,0x00000006cb300000)
 Metaspace       used 20660K, capacity 21186K, committed 21248K, reserved 1067008K
  class space    used 2618K, capacity 2766K, committed 2816K, reserved 1048576K
}
Event: 4.828 GC heap before
{Heap before GC invocations=7 (full 1):
 PSYoungGen      total 329216K, used 10942K [0x000000076ad80000, 0x0000000783180000, 0x00000007c0000000)
  eden space 262144K, 0% used [0x000000076ad80000,0x000000076ad80000,0x000000077ad80000)
  from space 67072K, 16% used [0x000000077f000000,0x000000077faafa38,0x0000000783180000)
  to   space 67584K, 0% used [0x000000077ad80000,0x000000077ad80000,0x000000077ef80000)
 ParOldGen       total 175104K, used 113848K [0x00000006c0800000, 0x00000006cb300000, 0x000000076ad80000)
  object space 175104K, 65% used [0x00000006c0800000,0x00000006c772e188,0x00000006cb300000)
 Metaspace       used 20660K, capacity 21186K, committed 21248K, reserved 1067008K
  class space    used 2618K, capacity 2766K, committed 2816K, reserved 1048576K
Event: 5.701 GC heap after
Heap after GC invocations=7 (full 1):
 PSYoungGen      total 329216K, used 0K [0x000000076ad80000, 0x0000000783180000, 0x00000007c0000000)
  eden space 262144K, 0% used [0x000000076ad80000,0x000000076ad80000,0x000000077ad80000)
  from space 67072K, 0% used [0x000000077f000000,0x000000077f000000,0x0000000783180000)
  to   space 67584K, 0% used [0x000000077ad80000,0x000000077ad80000,0x000000077ef80000)
 ParOldGen       total 287232K, used 122773K [0x00000006c0800000, 0x00000006d2080000, 0x000000076ad80000)
  object space 287232K, 42% used [0x00000006c0800000,0x00000006c7fe5520,0x00000006d2080000)
 Metaspace       used 20660K, capacity 21186K, committed 21248K, reserved 1067008K
  class space    used 2618K, capacity 2766K, committed 2816K, reserved 1048576K
}
Event: 7.068 GC heap before
{Heap before GC invocations=8 (full 1):
 PSYoungGen      total 329216K, used 262144K [0x000000076ad80000, 0x0000000783180000, 0x00000007c0000000)
  eden space 262144K, 100% used [0x000000076ad80000,0x000000077ad80000,0x000000077ad80000)
  from space 67072K, 0% used [0x000000077f000000,0x000000077f000000,0x0000000783180000)
  to   space 67584K, 0% used [0x000000077ad80000,0x000000077ad80000,0x000000077ef80000)
 ParOldGen       total 287232K, used 122773K [0x00000006c0800000, 0x00000006d2080000, 0x000000076ad80000)
  object space 287232K, 42% used [0x00000006c0800000,0x00000006c7fe5520,0x00000006d2080000)
 Metaspace       used 20690K, capacity 21250K, committed 21504K, reserved 1069056K
  class space    used 2620K, capacity 2766K, committed 2816K, reserved 1048576K
Event: 7.069 GC heap after
Heap after GC invocations=8 (full 1):
 PSYoungGen      total 329728K, used 384K [0x000000076ad80000, 0x0000000787580000, 0x00000007c0000000)
  eden space 262144K, 0% used [0x000000076ad80000,0x000000076ad80000,0x000000077ad80000)
  from space 67584K, 0% used [0x000000077ad80000,0x000000077ade0000,0x000000077ef80000)
  to   space 69120K, 0% used [0x0000000783200000,0x0000000783200000,0x0000000787580000)
 ParOldGen       total 287232K, used 122781K [0x00000006c0800000, 0x00000006d2080000, 0x000000076ad80000)
  object space 287232K, 42% used [0x00000006c0800000,0x00000006c7fe7520,0x00000006d2080000)
 Metaspace       used 20690K, capacity 21250K, committed 21504K, reserved 1069056K
  class space    used 2620K, capacity 2766K, committed 2816K, reserved 1048576K
}
Event: 18.630 GC heap before
{Heap before GC invocations=9 (full 1):
 PSYoungGen      total 329728K, used 262528K [0x000000076ad80000, 0x0000000787580000, 0x00000007c0000000)
  eden space 262144K, 100% used [0x000000076ad80000,0x000000077ad80000,0x000000077ad80000)
  from space 67584K, 0% used [0x000000077ad80000,0x000000077ade0000,0x000000077ef80000)
  to   space 69120K, 0% used [0x0000000783200000,0x0000000783200000,0x0000000787580000)
 ParOldGen       total 287232K, used 122781K [0x00000006c0800000, 0x00000006d2080000, 0x000000076ad80000)
  object space 287232K, 42% used [0x00000006c0800000,0x00000006c7fe7520,0x00000006d2080000)
 Metaspace       used 28350K, capacity 28957K, committed 29056K, reserved 1075200K
  class space    used 3206K, capacity 3362K, committed 3456K, reserved 1048576K
Event: 18.651 GC heap after
Heap after GC invocations=9 (full 1):
 PSYoungGen      total 377344K, used 43205K [0x000000076ad80000, 0x0000000786e00000, 0x00000007c0000000)
  eden space 315904K, 0% used [0x000000076ad80000,0x000000076ad80000,0x000000077e200000)
  from space 61440K, 70% used [0x0000000783200000,0x0000000785c317c8,0x0000000786e00000)
  to   space 71680K, 0% used [0x000000077e200000,0x000000077e200000,0x0000000782800000)
 ParOldGen       total 287232K, used 122789K [0x00000006c0800000, 0x00000006d2080000, 0x000000076ad80000)
  object space 287232K, 42% used [0x00000006c0800000,0x00000006c7fe9520,0x00000006d2080000)
 Metaspace       used 28350K, capacity 28957K, committed 29056K, reserved 1075200K
  class space    used 3206K, capacity 3362K, committed 3456K, reserved 1048576K
}
Event: 81.714 GC heap before
{Heap before GC invocations=10 (full 1):
 PSYoungGen      total 377344K, used 359109K [0x000000076ad80000, 0x0000000786e00000, 0x00000007c0000000)
  eden space 315904K, 100% used [0x000000076ad80000,0x000000077e200000,0x000000077e200000)
  from space 61440K, 70% used [0x0000000783200000,0x0000000785c317c8,0x0000000786e00000)
  to   space 71680K, 0% used [0x000000077e200000,0x000000077e200000,0x0000000782800000)
 ParOldGen       total 287232K, used 122789K [0x00000006c0800000, 0x00000006d2080000, 0x000000076ad80000)
  object space 287232K, 42% used [0x00000006c0800000,0x00000006c7fe9520,0x00000006d2080000)
 Metaspace       used 30953K, capacity 31681K, committed 32000K, reserved 1077248K
  class space    used 3323K, capacity 3472K, committed 3584K, reserved 1048576K
Event: 81.745 GC heap after
Heap after GC invocations=10 (full 1):
 PSYoungGen      total 387584K, used 71671K [0x000000076ad80000, 0x000000078a780000, 0x00000007c0000000)
  eden space 315904K, 0% used [0x000000076ad80000,0x000000076ad80000,0x000000077e200000)
  from space 71680K, 99% used [0x000000077e200000,0x00000007827fdc60,0x0000000782800000)
  to   space 85504K, 0% used [0x0000000785400000,0x0000000785400000,0x000000078a780000)
 ParOldGen       total 287232K, used 125524K [0x00000006c0800000, 0x00000006d2080000, 0x000000076ad80000)
  object space 287232K, 43% used [0x00000006c0800000,0x00000006c82952a0,0x00000006d2080000)
 Metaspace       used 30953K, capacity 31681K, committed 32000K, reserved 1077248K
  class space    used 3323K, capacity 3472K, committed 3584K, reserved 1048576K
}

Deoptimization events (10 events):
Event: 76.852 Thread 0x000000001fd10000 Uncommon trap: reason=unstable_if action=reinterpret pc=0x0000000003251d34 method=de.ah(Ldw;Z)V @ 2369
Event: 81.746 Thread 0x000000001d863800 Uncommon trap: reason=unstable_if action=reinterpret pc=0x0000000002ad52b0 method=java.util.HashMap$HashIterator.<init>(Ljava/util/HashMap;)V @ 45
Event: 81.746 Thread 0x000000001d863800 Uncommon trap: reason=unstable_if action=reinterpret pc=0x0000000002ad4b84 method=java.util.HashMap$HashIterator.<init>(Ljava/util/HashMap;)V @ 45
Event: 81.746 Thread 0x000000001d863800 Uncommon trap: reason=unstable_if action=reinterpret pc=0x0000000002a67b64 method=java.util.HashMap$HashIterator.<init>(Ljava/util/HashMap;)V @ 45
Event: 82.601 Thread 0x000000001fd10000 Uncommon trap: reason=unstable_if action=reinterpret pc=0x00000000037b7158 method=be.iw(IIIII)V @ 1775
Event: 85.884 Thread 0x000000002ee84000 Uncommon trap: reason=unstable_if action=reinterpret pc=0x00000000039c6048 method=java.util.concurrent.locks.AbstractQueuedSynchronizer.acquireQueued(Ljava/util/concurrent/locks/AbstractQueuedSynchronizer$Node;I)Z @ 70
Event: 86.015 Thread 0x000000002ee88000 Uncommon trap: reason=bimorphic action=maybe_recompile pc=0x00000000031c4dc0 method=java.awt.geom.Area.pathToCurves(Ljava/awt/geom/PathIterator;)Ljava/util/Vector; @ 33
Event: 98.935 Thread 0x000000001fd10000 Uncommon trap: reason=unstable_if action=reinterpret pc=0x000000000329bef4 method=ju.fu(Lbc;I)V @ 819
Event: 99.906 Thread 0x000000001fd10000 Uncommon trap: reason=unstable_if action=reinterpret pc=0x0000000003c3cb8c method=de.ah(Ldw;Z)V @ 2927
Event: 114.111 Thread 0x000000001fd10000 Uncommon trap: reason=unstable_if action=reinterpret pc=0x0000000003b8c694 method=sun.java2d.d3d.D3DScreenUpdateManager.createGraphics(Lsun/java2d/SurfaceData;Lsun/awt/windows/WComponentPeer;Ljava/awt/Color;Ljava/awt/Color;Ljava/awt/Font;)Ljava/awt/Graphi

Classes redefined (0 events):
No events

Internal exceptions (10 events):
Event: 112.879 Thread 0x000000002ee87000 Exception <a 'java/io/IOException'> (0x000000076e908e68) thrown at [C:\re\workspace\8-2-build-windows-amd64-cygwin\jdk8u181\11358\hotspot\src\share\vm\prims\jni.cpp, line 709]
Event: 114.077 Thread 0x000000002ee87000 Exception <a 'java/io/IOException'> (0x000000076e9135b0) thrown at [C:\re\workspace\8-2-build-windows-amd64-cygwin\jdk8u181\11358\hotspot\src\share\vm\prims\jni.cpp, line 709]
Event: 114.077 Thread 0x000000002ee87000 Exception <a 'java/io/IOException'> (0x000000076e913850) thrown at [C:\re\workspace\8-2-build-windows-amd64-cygwin\jdk8u181\11358\hotspot\src\share\vm\prims\jni.cpp, line 709]
Event: 114.077 Thread 0x000000002ee87000 Exception <a 'java/io/IOException'> (0x000000076e913ac0) thrown at [C:\re\workspace\8-2-build-windows-amd64-cygwin\jdk8u181\11358\hotspot\src\share\vm\prims\jni.cpp, line 709]
Event: 114.077 Thread 0x000000002ee87000 Exception <a 'java/io/IOException'> (0x000000076e91d9d8) thrown at [C:\re\workspace\8-2-build-windows-amd64-cygwin\jdk8u181\11358\hotspot\src\share\vm\prims\jni.cpp, line 709]
Event: 114.077 Thread 0x000000002ee87000 Exception <a 'java/io/IOException'> (0x000000076e91dc78) thrown at [C:\re\workspace\8-2-build-windows-amd64-cygwin\jdk8u181\11358\hotspot\src\share\vm\prims\jni.cpp, line 709]
Event: 114.077 Thread 0x000000002ee87000 Exception <a 'java/io/IOException'> (0x000000076e91dee8) thrown at [C:\re\workspace\8-2-build-windows-amd64-cygwin\jdk8u181\11358\hotspot\src\share\vm\prims\jni.cpp, line 709]
Event: 114.077 Thread 0x000000002ee87000 Exception <a 'java/io/IOException'> (0x000000076e92e7a8) thrown at [C:\re\workspace\8-2-build-windows-amd64-cygwin\jdk8u181\11358\hotspot\src\share\vm\prims\jni.cpp, line 709]
Event: 114.077 Thread 0x000000002ee87000 Exception <a 'java/io/IOException'> (0x000000076e92ea48) thrown at [C:\re\workspace\8-2-build-windows-amd64-cygwin\jdk8u181\11358\hotspot\src\share\vm\prims\jni.cpp, line 709]
Event: 114.077 Thread 0x000000002ee87000 Exception <a 'java/io/IOException'> (0x000000076e92ecb8) thrown at [C:\re\workspace\8-2-build-windows-amd64-cygwin\jdk8u181\11358\hotspot\src\share\vm\prims\jni.cpp, line 709]

Events (10 events):
Event: 100.887 Thread 0x000000001fd10000 DEOPT UNPACKING pc=0x0000000002507890 sp=0x0000000031b5eb60 mode 0
Event: 114.078 Thread 0x000000002ee84000 Thread added: 0x000000002ee84000
Event: 114.079 Thread 0x000000002ee8c800 Thread added: 0x000000002ee8c800
Event: 114.079 Thread 0x000000002ee84000 Thread exited: 0x000000002ee84000
Event: 114.079 Thread 0x000000001fb63800 Thread exited: 0x000000001fb63800
Event: 114.080 loading class sun/java2d/pipe/hw/AccelDeviceEventNotifier
Event: 114.088 loading class sun/java2d/pipe/hw/AccelDeviceEventNotifier done
Event: 114.111 Thread 0x000000001fd10000 Uncommon trap: trap_request=0xffffff65 fr.pc=0x0000000003b8c694
Event: 114.111 Thread 0x000000001fd10000 DEOPT PACKING pc=0x0000000003b8c694 sp=0x0000000031b5f0f0
Event: 114.111 Thread 0x000000001fd10000 DEOPT UNPACKING pc=0x000000000250583b sp=0x0000000031b5f030 mode 2


Dynamic libraries:
0x00007ff6bbad0000 - 0x00007ff6bbb07000 	C:\Program Files\Java\jre1.8.0_181\bin\java.exe
0x00007fff42de0000 - 0x00007fff42fc1000 	C:\WINDOWS\SYSTEM32\ntdll.dll
0x00007fff41f00000 - 0x00007fff41fb2000 	C:\WINDOWS\System32\KERNEL32.DLL
0x00007fff3f580000 - 0x00007fff3f7f3000 	C:\WINDOWS\System32\KERNELBASE.dll
0x00007fff41ff0000 - 0x00007fff42091000 	C:\WINDOWS\System32\ADVAPI32.dll
0x00007fff426f0000 - 0x00007fff4278e000 	C:\WINDOWS\System32\msvcrt.dll
0x00007fff40270000 - 0x00007fff402cb000 	C:\WINDOWS\System32\sechost.dll
0x00007fff42570000 - 0x00007fff42694000 	C:\WINDOWS\System32\RPCRT4.dll
0x00007fff42200000 - 0x00007fff42390000 	C:\WINDOWS\System32\USER32.dll
0x00007fff3f800000 - 0x00007fff3f820000 	C:\WINDOWS\System32\win32u.dll
0x00007fff426a0000 - 0x00007fff426c8000 	C:\WINDOWS\System32\GDI32.dll
0x00007fff3f8c0000 - 0x00007fff3fa52000 	C:\WINDOWS\System32\gdi32full.dll
0x00007fff3f820000 - 0x00007fff3f8bf000 	C:\WINDOWS\System32\msvcp_win.dll
0x00007fff40170000 - 0x00007fff4026a000 	C:\WINDOWS\System32\ucrtbase.dll
0x00007fff36b40000 - 0x00007fff36da9000 	C:\WINDOWS\WinSxS\amd64_microsoft.windows.common-controls_6595b64144ccf1df_6.0.17134.407_none_fb449d63306391e9\COMCTL32.dll
0x00007fff41b00000 - 0x00007fff41e22000 	C:\WINDOWS\System32\combase.dll
0x00007fff3f500000 - 0x00007fff3f57a000 	C:\WINDOWS\System32\bcryptPrimitives.dll
0x00007fff41fc0000 - 0x00007fff41fed000 	C:\WINDOWS\System32\IMM32.DLL
0x00000000721f0000 - 0x00000000722c2000 	C:\Program Files\Java\jre1.8.0_181\bin\msvcr100.dll
0x00000000724a0000 - 0x0000000072d42000 	C:\Program Files\Java\jre1.8.0_181\bin\server\jvm.dll
0x00007fff40470000 - 0x00007fff40478000 	C:\WINDOWS\System32\PSAPI.DLL
0x00007fff3d180000 - 0x00007fff3d1a3000 	C:\WINDOWS\SYSTEM32\WINMM.dll
0x00007fff3ce10000 - 0x00007fff3ce3a000 	C:\WINDOWS\SYSTEM32\WINMMBASE.dll
0x00007fff3f4b0000 - 0x00007fff3f4f9000 	C:\WINDOWS\System32\cfgmgr32.dll
0x00007fff39cb0000 - 0x00007fff39cba000 	C:\WINDOWS\SYSTEM32\VERSION.dll
0x00007fff3cd80000 - 0x00007fff3cd89000 	C:\WINDOWS\SYSTEM32\WSOCK32.dll
0x00007fff42190000 - 0x00007fff421fc000 	C:\WINDOWS\System32\WS2_32.dll
0x00000000723b0000 - 0x00000000723bf000 	C:\Program Files\Java\jre1.8.0_181\bin\verify.dll
0x0000000072380000 - 0x00000000723a9000 	C:\Program Files\Java\jre1.8.0_181\bin\java.dll
0x0000000072360000 - 0x0000000072376000 	C:\Program Files\Java\jre1.8.0_181\bin\zip.dll
0x00007fff406c0000 - 0x00007fff41aff000 	C:\WINDOWS\System32\SHELL32.dll
0x00007fff42d00000 - 0x00007fff42da9000 	C:\WINDOWS\System32\shcore.dll
0x00007fff3fa60000 - 0x00007fff4016d000 	C:\WINDOWS\System32\windows.storage.dll
0x00007fff427b0000 - 0x00007fff42801000 	C:\WINDOWS\System32\shlwapi.dll
0x00007fff3f120000 - 0x00007fff3f131000 	C:\WINDOWS\System32\kernel.appcore.dll
0x00007fff3f140000 - 0x00007fff3f15f000 	C:\WINDOWS\System32\profapi.dll
0x00007fff3f160000 - 0x00007fff3f1ac000 	C:\WINDOWS\System32\powrprof.dll
0x00007fff3f110000 - 0x00007fff3f11a000 	C:\WINDOWS\System32\FLTLIB.DLL
0x0000000072050000 - 0x00000000721e9000 	C:\Program Files\Java\jre1.8.0_181\bin\awt.dll
0x00007fff41e30000 - 0x00007fff41ef2000 	C:\WINDOWS\System32\OLEAUT32.dll
0x00007fff3d470000 - 0x00007fff3d4fb000 	C:\WINDOWS\SYSTEM32\apphelp.dll
0x00007fff3d5f0000 - 0x00007fff3d688000 	C:\WINDOWS\system32\uxtheme.dll
0x00007fff423f0000 - 0x00007fff42563000 	C:\WINDOWS\System32\MSCTF.dll
0x00007fff3d870000 - 0x00007fff3d899000 	C:\WINDOWS\system32\dwmapi.dll
0x00007fff40480000 - 0x00007fff405d1000 	C:\WINDOWS\System32\ole32.dll
0x00000000722f0000 - 0x0000000072314000 	C:\Program Files\Java\jre1.8.0_181\bin\sunec.dll
0x0000000072340000 - 0x000000007235a000 	C:\Program Files\Java\jre1.8.0_181\bin\net.dll
0x00007fff3e910000 - 0x00007fff3e976000 	C:\WINDOWS\system32\mswsock.dll
0x00007fff3e690000 - 0x00007fff3e6c8000 	C:\WINDOWS\SYSTEM32\IPHLPAPI.DLL
0x00007fff426e0000 - 0x00007fff426e8000 	C:\WINDOWS\System32\NSI.dll
0x00007fff39d50000 - 0x00007fff39d66000 	C:\WINDOWS\SYSTEM32\dhcpcsvc6.DLL
0x00007fff39d30000 - 0x00007fff39d4a000 	C:\WINDOWS\SYSTEM32\dhcpcsvc.DLL
0x0000000072320000 - 0x0000000072331000 	C:\Program Files\Java\jre1.8.0_181\bin\nio.dll
0x00007fff2bcc0000 - 0x00007fff2bde0000 	C:\WINDOWS\system32\opengl32.dll
0x00007fff2d940000 - 0x00007fff2d96c000 	C:\WINDOWS\SYSTEM32\GLU32.dll
0x00007fff3f2c0000 - 0x00007fff3f4a2000 	C:\WINDOWS\System32\crypt32.dll
0x00007fff3f0f0000 - 0x00007fff3f102000 	C:\WINDOWS\System32\MSASN1.dll
0x00007fff3f1b0000 - 0x00007fff3f207000 	C:\WINDOWS\System32\WINTRUST.DLL
0x00007fff42790000 - 0x00007fff427ad000 	C:\WINDOWS\System32\imagehlp.dll
0x00007fff3ead0000 - 0x00007fff3eae7000 	C:\WINDOWS\SYSTEM32\CRYPTSP.dll
0x00007fff3e4f0000 - 0x00007fff3e523000 	C:\WINDOWS\system32\rsaenh.dll
0x00007fff3ebf0000 - 0x00007fff3ec15000 	C:\WINDOWS\SYSTEM32\bcrypt.dll
0x00007fff3eac0000 - 0x00007fff3eacb000 	C:\WINDOWS\SYSTEM32\CRYPTBASE.dll
0x00007fff10480000 - 0x00007fff106c4000 	C:\WINDOWS\system32\nvspcap64.dll
0x00007fff3e210000 - 0x00007fff3e241000 	C:\WINDOWS\SYSTEM32\ntmarta.dll
0x00007fff3de30000 - 0x00007fff3de52000 	C:\WINDOWS\SYSTEM32\gpapi.dll
0x00007fff39af0000 - 0x00007fff39b1e000 	C:\WINDOWS\SYSTEM32\cryptnet.dll
0x0000000072000000 - 0x0000000072047000 	C:\Program Files\Java\jre1.8.0_181\bin\fontmanager.dll
0x00007fff42810000 - 0x00007fff428b0000 	C:\WINDOWS\System32\clbcatq.dll
0x00007fff389c0000 - 0x00007fff38b6e000 	C:\WINDOWS\SYSTEM32\WindowsCodecs.dll
0x00007fff1c4e0000 - 0x00007fff1c538000 	C:\WINDOWS\system32\dataexchange.dll
0x00007fff3cb30000 - 0x00007fff3cccc000 	C:\WINDOWS\system32\dcomp.dll
0x00007fff3bc90000 - 0x00007fff3bf9b000 	C:\WINDOWS\system32\d3d11.dll
0x00007fff3deb0000 - 0x00007fff3df6b000 	C:\WINDOWS\system32\dxgi.dll
0x00007fff3d9c0000 - 0x00007fff3db78000 	C:\WINDOWS\system32\twinapi.appcore.dll
0x00007fff3d960000 - 0x00007fff3d981000 	C:\WINDOWS\system32\RMCLIENT.dll
0x0000000071fb0000 - 0x0000000071ff2000 	C:\Program Files\Java\jre1.8.0_181\bin\t2k.dll
0x00007fff3eff0000 - 0x00007fff3f018000 	C:\WINDOWS\SYSTEM32\USERENV.dll
0x00007fff1ff00000 - 0x00007fff1ff16000 	C:\WINDOWS\system32\napinsp.dll
0x00007fff1fed0000 - 0x00007fff1feea000 	C:\WINDOWS\system32\pnrpnsp.dll
0x00007fff3cb10000 - 0x00007fff3cb29000 	C:\WINDOWS\system32\NLAapi.dll
0x00007fff3e6d0000 - 0x00007fff3e78e000 	C:\WINDOWS\SYSTEM32\DNSAPI.dll
0x00007fff1fec0000 - 0x00007fff1fece000 	C:\WINDOWS\System32\winrnr.dll
0x00007fff28ec0000 - 0x00007fff28ed5000 	C:\WINDOWS\System32\wshbth.dll
0x00007fff38f40000 - 0x00007fff38fb2000 	C:\WINDOWS\System32\fwpuclnt.dll
0x00007fff38b70000 - 0x00007fff38b7a000 	C:\Windows\System32\rasadhlp.dll
0x00000000722e0000 - 0x00000000722eb000 	C:\Program Files\Java\jre1.8.0_181\bin\sunmscapi.dll
0x0000000071f90000 - 0x0000000071fa7000 	C:\Program Files\Java\jre1.8.0_181\bin\unpack.dll
0x0000000071f80000 - 0x0000000071f8c000 	C:\Program Files\Java\jre1.8.0_181\bin\jsound.dll
0x0000000071f70000 - 0x0000000071f7b000 	C:\Program Files\Java\jre1.8.0_181\bin\jsoundds.dll
0x00007fff2c130000 - 0x00007fff2c1bf000 	C:\WINDOWS\SYSTEM32\DSOUND.dll
0x00007fff38fc0000 - 0x00007fff39036000 	C:\WINDOWS\SYSTEM32\MMDevAPI.DLL
0x00007fff3eea0000 - 0x00007fff3eec7000 	C:\WINDOWS\SYSTEM32\DEVOBJ.dll
0x00007fff3b8b0000 - 0x00007fff3ba64000 	C:\WINDOWS\SYSTEM32\PROPSYS.dll
0x00007ffee8f20000 - 0x00007ffee8f64000 	C:\WINDOWS\SYSTEM32\wdmaud.drv
0x00007fff39da0000 - 0x00007fff39da9000 	C:\WINDOWS\SYSTEM32\ksuser.dll
0x00007fff3b340000 - 0x00007fff3b34a000 	C:\WINDOWS\SYSTEM32\AVRT.dll
0x00007fff2dbe0000 - 0x00007fff2dd0c000 	C:\WINDOWS\SYSTEM32\AUDIOSES.DLL
0x00007fff3b430000 - 0x00007fff3b57d000 	C:\WINDOWS\SYSTEM32\wintypes.dll
0x00007fff0c6e0000 - 0x00007fff0c6ed000 	C:\WINDOWS\SYSTEM32\msacm32.drv
0x00007fff0b850000 - 0x00007fff0b86c000 	C:\WINDOWS\SYSTEM32\MSACM32.dll
0x00007fff0c6a0000 - 0x00007fff0c6aa000 	C:\WINDOWS\SYSTEM32\midimap.dll
0x00007fff28ee0000 - 0x00007fff28ff4000 	C:\Windows\System32\Windows.UI.dll
0x00007fff30270000 - 0x00007fff30306000 	C:\Windows\System32\TextInputFramework.dll
0x00007fff2ffe0000 - 0x00007fff30059000 	C:\Windows\System32\InputHost.dll
0x00007fff3d2a0000 - 0x00007fff3d37a000 	C:\Windows\System32\CoreMessaging.dll
0x00007fff384e0000 - 0x00007fff387fe000 	C:\Windows\System32\CoreUIComponents.dll
0x0000000071f30000 - 0x0000000071f61000 	C:\Program Files\Java\jre1.8.0_181\bin\jpeg.dll
0x00000000722d0000 - 0x00000000722dd000 	C:\Program Files\Java\jre1.8.0_181\bin\management.dll
0x00007fff2ee80000 - 0x00007fff2f049000 	C:\WINDOWS\SYSTEM32\dbghelp.dll

VM Arguments:
jvm_args: -Xbootclasspath/p:C:\Users\William Holmberg\OSBot\Data\filter_72cdb86.jar -XX:+DisableAttachMechanism 
java_command: org.osbot.BotApplication 0,1,0,ad_da_mig1@hotmail.com:ugot00wned2:1234,NEX:ugot00wned2_,154,0,1,1,0,1,null
java_class_path (initial): /C:/Users/William Holmberg/Documents/GitHub/NexusDesktop/osbot.jar;/C:/Users/William Holmberg/Documents/GitHub/NexusDesktop/osbot.jar
Launcher Type: SUN_STANDARD

Environment Variables:
PATH=C:/Program Files/Java/jre1.8.0_181/bin/server;C:/Program Files/Java/jre1.8.0_181/bin;C:/Program Files/Java/jre1.8.0_181/lib/amd64;C:\Program Files (x86)\Common Files\Oracle\Java\javapath;C:\Program Files (x86)\Intel\iCLS Client\;C:\Program Files\Intel\iCLS Client\;C:\WINDOWS\system32;C:\WINDOWS;C:\WINDOWS\System32\Wbem;C:\WINDOWS\System32\WindowsPowerShell\v1.0\;C:\WINDOWS\System32\OpenSSH\;C:\Program Files (x86)\NVIDIA Corporation\PhysX\Common;C:\Program Files (x86)\Intel\Intel(R) Management Engine Components\DAL;C:\Program Files\Intel\Intel(R) Management Engine Components\DAL;C:\Program Files (x86)\Intel\Intel(R) Management Engine Components\IPT;C:\Program Files\Intel\Intel(R) Management Engine Components\IPT;C:\Users\William Holmberg\AppData\Local\Microsoft\WindowsApps;C:\Users\William Holmberg\AppData\Local\GitHubDesktop\bin;C:\WINDOWS\system32;
USERNAME=William Holmberg
OS=Windows_NT
PROCESSOR_IDENTIFIER=Intel64 Family 6 Model 158 Stepping 10, GenuineIntel



---------------  S Y S T E M  ---------------

OS: Windows 10.0 , 64 bit Build 17134 (10.0.17134.1)

CPU:total 12 (initial active 12) (6 cores per cpu, 2 threads per core) family 6 model 158 stepping 10, cmov, cx8, fxsr, mmx, sse, sse2, sse3, ssse3, sse4.1, sse4.2, popcnt, avx, avx2, aes, clmul, erms, rtm, 3dnowpref, lzcnt, ht, tsc, tscinvbit, bmi1, bmi2, adx

Memory: 4k page, physical 16736684k(13104k free), swap 45586824k(10892524k free)

vm_info: Java HotSpot(TM) 64-Bit Server VM (25.181-b13) for windows-amd64 JRE (1.8.0_181-b13), built on Jul  7 2018 04:01:33 by "java_re" with MS VC++ 10.0 (VS2010)

time: Sat Dec 08 18:33:55 2018
elapsed time: 114 seconds (0d 0h 1m 54s)

