#
# There is insufficient memory for the Java Runtime Environment to continue.
# Native memory allocation (malloc) failed to allocate 131136 bytes for Chunk::new
# Possible reasons:
#   The system is out of physical RAM or swap space
#   In 32 bit mode, the process size limit was hit
# Possible solutions:
#   Reduce memory load on the system
#   Increase physical memory or swap space
#   Check if swap backing store is full
#   Use 64 bit Java on a 64 bit OS
#   Decrease Java heap size (-Xmx/-Xms)
#   Decrease number of Java threads
#   Decrease Java thread stack sizes (-Xss)
#   Set larger code cache with -XX:ReservedCodeCacheSize=
# This output file may be truncated or incomplete.
#
#  Out of Memory Error (allocation.cpp:390), pid=25740, tid=0x00000000000066f4
#
# JRE version: Java(TM) SE Runtime Environment (8.0_181-b13) (build 1.8.0_181-b13)
# Java VM: Java HotSpot(TM) 64-Bit Server VM (25.181-b13 mixed mode windows-amd64 compressed oops)
# Failed to write core dump. Minidumps are not enabled by default on client versions of Windows
#

---------------  T H R E A D  ---------------

Current thread (0x000000001de58800):  JavaThread "C2 CompilerThread2" daemon [_thread_in_native, id=26356, stack(0x000000001f670000,0x000000001f770000)]

Stack: [0x000000001f670000,0x000000001f770000]
[error occurred during error reporting (printing stack bounds), id 0xc0000005]

Native frames: (J=compiled Java code, j=interpreted, Vv=VM code, C=native code)


Current CompileTask:
C2:   1894 1117       4       org.osbot.XC::iiiiiiiIIIii (59 bytes)


---------------  P R O C E S S  ---------------

Java Threads: ( => current thread )
  0x000000001fc6f800 JavaThread "AWT-Windows" daemon [_thread_in_native, id=27532, stack(0x0000000020ef0000,0x0000000020ff0000)]
  0x000000001fc6d000 JavaThread "AWT-Shutdown" [_thread_blocked, id=17696, stack(0x0000000020df0000,0x0000000020ef0000)]
  0x000000001fc6c000 JavaThread "Java2D Disposer" daemon [_thread_blocked, id=16024, stack(0x0000000020cf0000,0x0000000020df0000)]
  0x000000001fda7000 JavaThread "Keep-Alive-Timer" daemon [_thread_blocked, id=6216, stack(0x00000000206b0000,0x00000000207b0000)]
  0x000000001dead000 JavaThread "Service Thread" daemon [_thread_blocked, id=24472, stack(0x000000001f870000,0x000000001f970000)]
  0x000000001de77800 JavaThread "C1 CompilerThread3" daemon [_thread_in_native, id=7140, stack(0x000000001f770000,0x000000001f870000)]
=>0x000000001de58800 JavaThread "C2 CompilerThread2" daemon [_thread_in_native, id=26356, stack(0x000000001f670000,0x000000001f770000)]
  0x000000001de1a800 JavaThread "C2 CompilerThread1" daemon [_thread_blocked, id=27052, stack(0x000000001f570000,0x000000001f670000)]
  0x000000001de10800 JavaThread "C2 CompilerThread0" daemon [_thread_blocked, id=22184, stack(0x000000001f470000,0x000000001f570000)]
  0x000000001de0a800 JavaThread "Attach Listener" daemon [_thread_blocked, id=19836, stack(0x000000001f370000,0x000000001f470000)]
  0x000000001de09000 JavaThread "Signal Dispatcher" daemon [_thread_blocked, id=25396, stack(0x000000001f270000,0x000000001f370000)]
  0x000000001de03000 JavaThread "Finalizer" daemon [_thread_blocked, id=6004, stack(0x000000001f070000,0x000000001f170000)]
  0x0000000002a49000 JavaThread "Reference Handler" daemon [_thread_blocked, id=25832, stack(0x000000001ef70000,0x000000001f070000)]
  0x0000000002951000 JavaThread "main" [_thread_in_vm, id=19588, stack(0x0000000002850000,0x0000000002950000)]

Other Threads:
  0x000000001dde2800 VMThread [stack: 0x000000001ee70000,0x000000001ef70000] [id=24400]
  0x000000001deaf000 WatcherThread [stack: 0x000000001f970000,0x000000001fa70000] [id=21496]

VM state:not at safepoint (normal execution)

VM Mutex/Monitor currently owned by a thread: None

Heap:
 PSYoungGen      total 76288K, used 32926K [0x000000076ad80000, 0x0000000770280000, 0x00000007c0000000)
  eden space 65536K, 50% used [0x000000076ad80000,0x000000076cda79e8,0x000000076ed80000)
  from space 10752K, 0% used [0x000000076f800000,0x000000076f800000,0x0000000770280000)
  to   space 10752K, 0% used [0x000000076ed80000,0x000000076ed80000,0x000000076f800000)
 ParOldGen       total 175104K, used 0K [0x00000006c0800000, 0x00000006cb300000, 0x000000076ad80000)
  object space 175104K, 0% used [0x00000006c0800000,0x00000006c0800000,0x00000006cb300000)
 Metaspace       used 12573K, capacity 12848K, committed 13056K, reserved 1060864K
  class space    used 1434K, capacity 1528K, committed 1536K, reserved 1048576K

Card table byte_map: [0x0000000011e10000,0x0000000012610000] byte_map_base: 0x000000000e80c000

Marking Bits: (ParMarkBitMap*) 0x00000000532b2d00
 Begin Bits: [0x0000000013570000, 0x0000000017550000)
 End Bits:   [0x0000000017550000, 0x000000001b530000)

Polling page: 0x0000000000dd0000

CodeCache: size=245760Kb used=3874Kb max_used=3885Kb free=241885Kb
 bounds [0x0000000002a50000, 0x0000000002e20000, 0x0000000011a50000]
 total_blobs=1556 nmethods=1114 adapters=354
 compilation: enabled

Compilation events (10 events):
Event: 1.885 Thread 0x000000001de77800 nmethod 1110 0x0000000002e15890 code [0x0000000002e159e0, 0x0000000002e15b90]
Event: 1.885 Thread 0x000000001de77800 1111       3       org.osbot.XC::IiiiIiiiiIII (20 bytes)
Event: 1.885 Thread 0x000000001de77800 nmethod 1111 0x0000000002e194d0 code [0x0000000002e19660, 0x0000000002e19a90]
Event: 1.885 Thread 0x000000001de77800 1112       3       org.osbot.XC::IiiiIiiiiIII (3669 bytes)
Event: 1.886 Thread 0x000000001de1a800 1116       4       org.osbot.BC::iiiiiiiIIIii (63 bytes)
Event: 1.887 Thread 0x000000001de1a800 nmethod 1116 0x0000000002e1c950 code [0x0000000002e1ca80, 0x0000000002e1cb58]
Event: 1.887 Thread 0x000000001de58800 1117       4       org.osbot.XC::iiiiiiiIIIii (59 bytes)
Event: 1.888 Thread 0x000000001de1a800 1118       4       java.io.WinNTFileSystem::isSlash (18 bytes)
Event: 1.889 Thread 0x000000001de1a800 nmethod 1118 0x0000000002e1cc10 code [0x0000000002e1cd40, 0x0000000002e1cdb8]
Event: 1.892 Thread 0x000000001de1a800 1121       4       java.lang.AbstractStringBuilder::ensureCapacityInternal (27 bytes)

GC Heap History (0 events):
No events

Deoptimization events (10 events):
Event: 1.217 Thread 0x0000000002951000 Uncommon trap: reason=bimorphic action=maybe_recompile pc=0x0000000002cbd710 method=java.util.regex.Pattern$BmpCharProperty.match(Ljava/util/regex/Matcher;ILjava/lang/CharSequence;)Z @ 16
Event: 1.621 Thread 0x0000000002951000 Uncommon trap: reason=bimorphic action=maybe_recompile pc=0x0000000002d26af0 method=java.io.DataInputStream.readInt()I @ 4
Event: 1.621 Thread 0x0000000002951000 Uncommon trap: reason=bimorphic action=maybe_recompile pc=0x0000000002d26af0 method=java.io.DataInputStream.readInt()I @ 4
Event: 1.621 Thread 0x0000000002951000 Uncommon trap: reason=bimorphic action=maybe_recompile pc=0x0000000002d26af0 method=java.io.DataInputStream.readInt()I @ 4
Event: 1.621 Thread 0x0000000002951000 Uncommon trap: reason=bimorphic action=maybe_recompile pc=0x0000000002d26af0 method=java.io.DataInputStream.readInt()I @ 4
Event: 1.637 Thread 0x0000000002951000 Uncommon trap: reason=class_check action=maybe_recompile pc=0x0000000002bd196c method=java.util.regex.Pattern$Curly.match(Ljava/util/regex/Matcher;ILjava/lang/CharSequence;)Z @ 19
Event: 1.638 Thread 0x0000000002951000 Uncommon trap: reason=class_check action=maybe_recompile pc=0x0000000002bd196c method=java.util.regex.Pattern$Curly.match(Ljava/util/regex/Matcher;ILjava/lang/CharSequence;)Z @ 19
Event: 1.853 Thread 0x0000000002951000 Uncommon trap: reason=unstable_if action=reinterpret pc=0x0000000002dfbc10 method=java.util.zip.ZipFile$ZipFileInputStream.read([BII)I @ 24
Event: 1.863 Thread 0x0000000002951000 Uncommon trap: reason=unstable_if action=reinterpret pc=0x0000000002e02990 method=java.util.zip.ZipFile$ZipFileInputStream.read([BII)I @ 24
Event: 1.884 Thread 0x0000000002951000 Uncommon trap: reason=unstable_if action=reinterpret pc=0x0000000002dfd0a8 method=java.util.zip.ZipFile$ZipFileInputStream.read([BII)I @ 24

Classes redefined (0 events):
No events

Internal exceptions (10 events):
Event: 0.045 Thread 0x0000000002951000 Exception <a 'java/lang/NoSuchMethodError': Method sun.misc.Unsafe.defineClass(Ljava/lang/String;[BII)Ljava/lang/Class; name or signature does not match> (0x000000076ad87cb0) thrown at [C:\re\workspace\8-2-build-windows-amd64-cygwin\jdk8u181\11358\hotspot
Event: 0.045 Thread 0x0000000002951000 Exception <a 'java/lang/NoSuchMethodError': Method sun.misc.Unsafe.prefetchRead(Ljava/lang/Object;J)V name or signature does not match> (0x000000076ad87f98) thrown at [C:\re\workspace\8-2-build-windows-amd64-cygwin\jdk8u181\11358\hotspot\src\share\vm\prim
Event: 0.221 Thread 0x0000000002951000 Exception <a 'java/security/PrivilegedActionException'> (0x000000076b12f2e0) thrown at [C:\re\workspace\8-2-build-windows-amd64-cygwin\jdk8u181\11358\hotspot\src\share\vm\prims\jvm.cpp, line 1435]
Event: 0.221 Thread 0x0000000002951000 Exception <a 'java/security/PrivilegedActionException'> (0x000000076b12f6d8) thrown at [C:\re\workspace\8-2-build-windows-amd64-cygwin\jdk8u181\11358\hotspot\src\share\vm\prims\jvm.cpp, line 1435]
Event: 0.351 Thread 0x0000000002951000 Exception <a 'java/lang/NoSuchFieldError': method resolution failed> (0x000000076b353548) thrown at [C:\re\workspace\8-2-build-windows-amd64-cygwin\jdk8u181\11358\hotspot\src\share\vm\prims\methodHandles.cpp, line 1167]
Event: 0.352 Thread 0x0000000002951000 Exception <a 'java/lang/NoSuchFieldError': method resolution failed> (0x000000076b360cb8) thrown at [C:\re\workspace\8-2-build-windows-amd64-cygwin\jdk8u181\11358\hotspot\src\share\vm\prims\methodHandles.cpp, line 1167]
Event: 1.211 Thread 0x0000000002951000 Exception <a 'java/security/PrivilegedActionException'> (0x000000076c4ef758) thrown at [C:\re\workspace\8-2-build-windows-amd64-cygwin\jdk8u181\11358\hotspot\src\share\vm\prims\jvm.cpp, line 1435]
Event: 1.211 Thread 0x0000000002951000 Exception <a 'java/security/PrivilegedActionException'> (0x000000076c4efb50) thrown at [C:\re\workspace\8-2-build-windows-amd64-cygwin\jdk8u181\11358\hotspot\src\share\vm\prims\jvm.cpp, line 1435]
Event: 1.659 Thread 0x0000000002951000 Exception <a 'java/io/FileNotFoundException'> (0x000000076c8ef700) thrown at [C:\re\workspace\8-2-build-windows-amd64-cygwin\jdk8u181\11358\hotspot\src\share\vm\prims\jni.cpp, line 709]
Event: 1.720 Thread 0x0000000002951000 Exception <a 'java/io/FileNotFoundException'> (0x000000076c932480) thrown at [C:\re\workspace\8-2-build-windows-amd64-cygwin\jdk8u181\11358\hotspot\src\share\vm\prims\jni.cpp, line 709]

Events (10 events):
Event: 1.884 Thread 0x0000000002951000 DEOPT PACKING pc=0x0000000002dfd0a8 sp=0x000000000294f420
Event: 1.884 Thread 0x0000000002951000 DEOPT UNPACKING pc=0x0000000002a9583b sp=0x000000000294f3d8 mode 2
Event: 1.887 loading class org/osbot/iD
Event: 1.887 loading class org/osbot/iD done
Event: 1.890 loading class java/util/concurrent/ConcurrentHashMap$ValueIterator
Event: 1.890 loading class java/util/concurrent/ConcurrentHashMap$BaseIterator
Event: 1.890 loading class java/util/concurrent/ConcurrentHashMap$Traverser
Event: 1.890 loading class java/util/concurrent/ConcurrentHashMap$Traverser done
Event: 1.890 loading class java/util/concurrent/ConcurrentHashMap$BaseIterator done
Event: 1.890 loading class java/util/concurrent/ConcurrentHashMap$ValueIterator done


Dynamic libraries:
0x00007ff6653c0000 - 0x00007ff6653f7000 	C:\Program Files\Java\jre1.8.0_181\bin\java.exe
0x00007ffe34840000 - 0x00007ffe34a21000 	C:\WINDOWS\SYSTEM32\ntdll.dll
0x00007ffe34680000 - 0x00007ffe34732000 	C:\WINDOWS\System32\KERNEL32.DLL
0x00007ffe31560000 - 0x00007ffe317d3000 	C:\WINDOWS\System32\KERNELBASE.dll
0x00007ffe31f00000 - 0x00007ffe31fa1000 	C:\WINDOWS\System32\ADVAPI32.dll
0x00007ffe342f0000 - 0x00007ffe3438e000 	C:\WINDOWS\System32\msvcrt.dll
0x00007ffe329b0000 - 0x00007ffe32a0b000 	C:\WINDOWS\System32\sechost.dll
0x00007ffe340d0000 - 0x00007ffe341f4000 	C:\WINDOWS\System32\RPCRT4.dll
0x00007ffe34430000 - 0x00007ffe345c0000 	C:\WINDOWS\System32\USER32.dll
0x00007ffe31cb0000 - 0x00007ffe31cd0000 	C:\WINDOWS\System32\win32u.dll
0x00007ffe31ed0000 - 0x00007ffe31ef8000 	C:\WINDOWS\System32\GDI32.dll
0x00007ffe31320000 - 0x00007ffe314b2000 	C:\WINDOWS\System32\gdi32full.dll
0x00007ffe314c0000 - 0x00007ffe3155f000 	C:\WINDOWS\System32\msvcp_win.dll
0x00007ffe31bb0000 - 0x00007ffe31caa000 	C:\WINDOWS\System32\ucrtbase.dll
0x00007ffe263c0000 - 0x00007ffe26629000 	C:\WINDOWS\WinSxS\amd64_microsoft.windows.common-controls_6595b64144ccf1df_6.0.17134.407_none_fb449d63306391e9\COMCTL32.dll
0x00007ffe320b0000 - 0x00007ffe323d2000 	C:\WINDOWS\System32\combase.dll
0x00007ffe31b30000 - 0x00007ffe31baa000 	C:\WINDOWS\System32\bcryptPrimitives.dll
0x00007ffe34390000 - 0x00007ffe343bd000 	C:\WINDOWS\System32\IMM32.DLL
0x00000000527e0000 - 0x00000000528b2000 	C:\Program Files\Java\jre1.8.0_181\bin\msvcr100.dll
0x0000000052a90000 - 0x0000000053332000 	C:\Program Files\Java\jre1.8.0_181\bin\server\jvm.dll
0x00007ffe215d0000 - 0x00007ffe215d9000 	C:\WINDOWS\SYSTEM32\WSOCK32.dll
0x00007ffe343c0000 - 0x00007ffe343c8000 	C:\WINDOWS\System32\PSAPI.DLL
0x00007ffe2b580000 - 0x00007ffe2b58a000 	C:\WINDOWS\SYSTEM32\VERSION.dll
0x00007ffe2edb0000 - 0x00007ffe2edd3000 	C:\WINDOWS\SYSTEM32\WINMM.dll
0x00007ffe34280000 - 0x00007ffe342ec000 	C:\WINDOWS\System32\WS2_32.dll
0x00007ffe2ebb0000 - 0x00007ffe2ebda000 	C:\WINDOWS\SYSTEM32\WINMMBASE.dll
0x00007ffe31ae0000 - 0x00007ffe31b29000 	C:\WINDOWS\System32\cfgmgr32.dll
0x00000000529a0000 - 0x00000000529af000 	C:\Program Files\Java\jre1.8.0_181\bin\verify.dll
0x0000000052970000 - 0x0000000052999000 	C:\Program Files\Java\jre1.8.0_181\bin\java.dll
0x0000000052950000 - 0x0000000052966000 	C:\Program Files\Java\jre1.8.0_181\bin\zip.dll
0x00007ffe32c90000 - 0x00007ffe340cf000 	C:\WINDOWS\System32\SHELL32.dll
0x00007ffe345d0000 - 0x00007ffe34679000 	C:\WINDOWS\System32\shcore.dll
0x00007ffe30c10000 - 0x00007ffe3131d000 	C:\WINDOWS\System32\windows.storage.dll
0x00007ffe32050000 - 0x00007ffe320a1000 	C:\WINDOWS\System32\shlwapi.dll
0x00007ffe30bf0000 - 0x00007ffe30c01000 	C:\WINDOWS\System32\kernel.appcore.dll
0x00007ffe30b60000 - 0x00007ffe30b7f000 	C:\WINDOWS\System32\profapi.dll
0x00007ffe30b80000 - 0x00007ffe30bcc000 	C:\WINDOWS\System32\powrprof.dll
0x00007ffe30b50000 - 0x00007ffe30b5a000 	C:\WINDOWS\System32\FLTLIB.DLL
0x00000000528e0000 - 0x0000000052904000 	C:\Program Files\Java\jre1.8.0_181\bin\sunec.dll
0x0000000052930000 - 0x000000005294a000 	C:\Program Files\Java\jre1.8.0_181\bin\net.dll
0x00007ffe30370000 - 0x00007ffe303d6000 	C:\WINDOWS\system32\mswsock.dll
0x00007ffe300f0000 - 0x00007ffe30128000 	C:\WINDOWS\SYSTEM32\IPHLPAPI.DLL
0x00007ffe32a10000 - 0x00007ffe32a18000 	C:\WINDOWS\System32\NSI.dll
0x00007ffe2b7d0000 - 0x00007ffe2b7e6000 	C:\WINDOWS\SYSTEM32\dhcpcsvc6.DLL
0x00007ffe2b790000 - 0x00007ffe2b7aa000 	C:\WINDOWS\SYSTEM32\dhcpcsvc.DLL
0x0000000052910000 - 0x0000000052921000 	C:\Program Files\Java\jre1.8.0_181\bin\nio.dll
0x00007ffe30530000 - 0x00007ffe30547000 	C:\WINDOWS\SYSTEM32\CRYPTSP.dll
0x00007ffe2ff50000 - 0x00007ffe2ff83000 	C:\WINDOWS\system32\rsaenh.dll
0x00007ffe30650000 - 0x00007ffe30675000 	C:\WINDOWS\SYSTEM32\bcrypt.dll
0x00007ffe30a80000 - 0x00007ffe30aa8000 	C:\WINDOWS\SYSTEM32\USERENV.dll
0x00007ffe30520000 - 0x00007ffe3052b000 	C:\WINDOWS\SYSTEM32\CRYPTBASE.dll
0x00000000528d0000 - 0x00000000528db000 	C:\Program Files\Java\jre1.8.0_181\bin\sunmscapi.dll
0x00007ffe318f0000 - 0x00007ffe31ad2000 	C:\WINDOWS\System32\CRYPT32.dll
0x00007ffe30bd0000 - 0x00007ffe30be2000 	C:\WINDOWS\System32\MSASN1.dll
0x00007ffe30130000 - 0x00007ffe301ee000 	C:\WINDOWS\SYSTEM32\DNSAPI.dll
0x00007ffe29750000 - 0x00007ffe2975a000 	C:\Windows\System32\rasadhlp.dll
0x00007ffe29a40000 - 0x00007ffe29ab2000 	C:\WINDOWS\System32\fwpuclnt.dll
0x00007ffe10800000 - 0x00007ffe10816000 	C:\WINDOWS\system32\napinsp.dll
0x00007ffe107e0000 - 0x00007ffe107fa000 	C:\WINDOWS\system32\pnrpnsp.dll
0x00007ffe2e570000 - 0x00007ffe2e589000 	C:\WINDOWS\system32\NLAapi.dll
0x00007ffe10770000 - 0x00007ffe1077e000 	C:\WINDOWS\System32\winrnr.dll
0x00007ffe115a0000 - 0x00007ffe115b5000 	C:\WINDOWS\System32\wshbth.dll
0x00000000528c0000 - 0x00000000528cd000 	C:\Program Files\Java\jre1.8.0_181\bin\management.dll
0x0000000052640000 - 0x00000000527d9000 	C:\Program Files\Java\jre1.8.0_181\bin\awt.dll
0x00007ffe34740000 - 0x00007ffe34802000 	C:\WINDOWS\System32\OLEAUT32.dll
0x00007ffe2eed0000 - 0x00007ffe2ef5b000 	C:\WINDOWS\SYSTEM32\apphelp.dll
0x00007ffe2f050000 - 0x00007ffe2f0e8000 	C:\WINDOWS\system32\uxtheme.dll
0x00007ffe32830000 - 0x00007ffe329a3000 	C:\WINDOWS\System32\MSCTF.dll
0x00007ffe2f230000 - 0x00007ffe2f259000 	C:\WINDOWS\system32\dwmapi.dll
0x00007ffe32b30000 - 0x00007ffe32c81000 	C:\WINDOWS\System32\ole32.dll

VM Arguments:
java_command: ./osbot.jar -allow norandoms -proxy : : : -login wavh:Lifeosbotbook123 -bot ad_da_mig1@hotmail.com:ugot00wned2:1234 -world 452 -script NEX:ugot00wned2_
java_class_path (initial): ./osbot.jar
Launcher Type: SUN_STANDARD

Environment Variables:
PATH=C:/Program Files/Java/jre1.8.0_181/bin/server;C:/Program Files/Java/jre1.8.0_181/bin;C:/Program Files/Java/jre1.8.0_181/lib/amd64;C:\Program Files (x86)\Common Files\Oracle\Java\javapath;C:\Program Files (x86)\Intel\iCLS Client\;C:\Program Files\Intel\iCLS Client\;C:\WINDOWS\system32;C:\WINDOWS;C:\WINDOWS\System32\Wbem;C:\WINDOWS\System32\WindowsPowerShell\v1.0\;C:\WINDOWS\System32\OpenSSH\;C:\Program Files (x86)\NVIDIA Corporation\PhysX\Common;C:\Program Files (x86)\Intel\Intel(R) Management Engine Components\DAL;C:\Program Files\Intel\Intel(R) Management Engine Components\DAL;C:\Program Files (x86)\Intel\Intel(R) Management Engine Components\IPT;C:\Program Files\Intel\Intel(R) Management Engine Components\IPT;C:\Users\William Holmberg\AppData\Local\Microsoft\WindowsApps;C:\Users\William Holmberg\AppData\Local\GitHubDesktop\bin;C:\WINDOWS\system32;
USERNAME=William Holmberg
OS=Windows_NT
PROCESSOR_IDENTIFIER=Intel64 Family 6 Model 158 Stepping 10, GenuineIntel



---------------  S Y S T E M  ---------------

OS: Windows 10.0 , 64 bit Build 17134 (10.0.17134.1)

CPU:total 12 (initial active 12) (6 cores per cpu, 2 threads per core) family 6 model 158 stepping 10, cmov, cx8, fxsr, mmx, sse, sse2, sse3, ssse3, sse4.1, sse4.2, popcnt, avx, avx2, aes, clmul, erms, rtm, 3dnowpref, lzcnt, ht, tsc, tscinvbit, bmi1, bmi2, adx

Memory: 4k page, physical 16736684k(402424k free), swap 45909140k(5140k free)

vm_info: Java HotSpot(TM) 64-Bit Server VM (25.181-b13) for windows-amd64 JRE (1.8.0_181-b13), built on Jul  7 2018 04:01:33 by "java_re" with MS VC++ 10.0 (VS2010)

time: Thu Dec 06 21:03:30 2018
elapsed time: 1 seconds (0d 0h 0m 1s)

