#
# There is insufficient memory for the Java Runtime Environment to continue.
# Native memory allocation (malloc) failed to allocate 1704976 bytes for Chunk::new
# Possible reasons:
#   The system is out of physical RAM or swap space
#   In 32 bit mode, the process size limit was hit
# Possible solutions:
#   Reduce memory load on the system
#   Increase physical memory or swap space
#   Check if swap backing store is full
#   Use 64 bit Java on a 64 bit OS
#   Decrease Java heap size (-Xmx/-Xms)
#   Decrease number of Java threads
#   Decrease Java thread stack sizes (-Xss)
#   Set larger code cache with -XX:ReservedCodeCacheSize=
# This output file may be truncated or incomplete.
#
#  Out of Memory Error (allocation.cpp:390), pid=26860, tid=0x0000000000006ae4
#
# JRE version: Java(TM) SE Runtime Environment (8.0_181-b13) (build 1.8.0_181-b13)
# Java VM: Java HotSpot(TM) 64-Bit Server VM (25.181-b13 mixed mode windows-amd64 compressed oops)
# Failed to write core dump. Minidumps are not enabled by default on client versions of Windows
#

---------------  T H R E A D  ---------------

Current thread (0x000000001dbe8000):  JavaThread "C2 CompilerThread1" daemon [_thread_in_native, id=27364, stack(0x000000001f240000,0x000000001f340000)]

Stack: [0x000000001f240000,0x000000001f340000]
[error occurred during error reporting (printing stack bounds), id 0xc0000005]

Native frames: (J=compiled Java code, j=interpreted, Vv=VM code, C=native code)


Current CompileTask:
C2:8232799 3325   !   4       sun.awt.RepaintArea::paint (354 bytes)


---------------  P R O C E S S  ---------------

Java Threads: ( => current thread )
  0x000000002d615000 JavaThread "DestroyJavaVM" [_thread_blocked, id=26712, stack(0x00000000025c0000,0x00000000026c0000)]
  0x000000001fe78000 JavaThread "D3D Screen Updater" daemon [_thread_blocked, id=25988, stack(0x000000002d4f0000,0x000000002d5f0000)]
  0x000000001fdd7000 JavaThread "TimerQueue" daemon [_thread_blocked, id=26060, stack(0x000000002ca00000,0x000000002cb00000)]
  0x000000001fd1e000 JavaThread "AWT-EventQueue-0" [_thread_blocked, id=20448, stack(0x000000002bb30000,0x000000002bc30000)]
  0x000000001fa8e800 JavaThread "Thread-1" [_thread_blocked, id=10560, stack(0x0000000020d10000,0x0000000020e10000)]
  0x000000001f98b800 JavaThread "AWT-Windows" daemon [_thread_in_native, id=21372, stack(0x00000000202f0000,0x00000000203f0000)]
  0x000000001f989800 JavaThread "AWT-Shutdown" [_thread_blocked, id=10992, stack(0x00000000201f0000,0x00000000202f0000)]
  0x000000001f989000 JavaThread "Java2D Disposer" daemon [_thread_blocked, id=11608, stack(0x00000000200f0000,0x00000000201f0000)]
  0x000000001dc7f000 JavaThread "Service Thread" daemon [_thread_blocked, id=18808, stack(0x000000001f540000,0x000000001f640000)]
  0x000000001dc51800 JavaThread "C1 CompilerThread3" daemon [_thread_blocked, id=18792, stack(0x000000001f440000,0x000000001f540000)]
  0x000000001dbee000 JavaThread "C2 CompilerThread2" daemon [_thread_blocked, id=15408, stack(0x000000001f340000,0x000000001f440000)]
=>0x000000001dbe8000 JavaThread "C2 CompilerThread1" daemon [_thread_in_native, id=27364, stack(0x000000001f240000,0x000000001f340000)]
  0x000000001dbf6800 JavaThread "C2 CompilerThread0" daemon [_thread_blocked, id=11524, stack(0x000000001f140000,0x000000001f240000)]
  0x000000001dbf4000 JavaThread "Signal Dispatcher" daemon [_thread_blocked, id=15184, stack(0x000000001f040000,0x000000001f140000)]
  0x000000001dbe3000 JavaThread "Finalizer" daemon [_thread_blocked, id=1276, stack(0x000000001ee40000,0x000000001ef40000)]
  0x000000001c50c800 JavaThread "Reference Handler" daemon [_thread_blocked, id=21304, stack(0x000000001ed40000,0x000000001ee40000)]

Other Threads:
  0x000000001c507000 VMThread [stack: 0x000000001ec40000,0x000000001ed40000] [id=25764]
  0x000000001dc81000 WatcherThread [stack: 0x000000001f640000,0x000000001f740000] [id=18568]

VM state:not at safepoint (normal execution)

VM Mutex/Monitor currently owned by a thread: None

Heap:
 PSYoungGen      total 81408K, used 14117K [0x000000076ad80000, 0x0000000771280000, 0x00000007c0000000)
  eden space 62464K, 17% used [0x000000076ad80000,0x000000076b821928,0x000000076ea80000)
  from space 18944K, 17% used [0x0000000770000000,0x0000000770327d00,0x0000000771280000)
  to   space 20480K, 0% used [0x000000076ea80000,0x000000076ea80000,0x000000076fe80000)
 ParOldGen       total 84992K, used 12141K [0x00000006c0800000, 0x00000006c5b00000, 0x000000076ad80000)
  object space 84992K, 14% used [0x00000006c0800000,0x00000006c13db5a0,0x00000006c5b00000)
 Metaspace       used 20950K, capacity 21500K, committed 21760K, reserved 1069056K
  class space    used 2592K, capacity 2739K, committed 2816K, reserved 1048576K

Card table byte_map: [0x0000000011bb0000,0x00000000123b0000] byte_map_base: 0x000000000e5ac000

Marking Bits: (ParMarkBitMap*) 0x00000000532b2d00
 Begin Bits: [0x0000000013310000, 0x00000000172f0000)
 End Bits:   [0x00000000172f0000, 0x000000001b2d0000)

Polling page: 0x0000000000d30000

CodeCache: size=245760Kb used=9585Kb max_used=9602Kb free=236174Kb
 bounds [0x00000000027f0000, 0x0000000003160000, 0x00000000117f0000]
 total_blobs=3422 nmethods=2853 adapters=480
 compilation: enabled

Compilation events (10 events):
Event: 8125.325 Thread 0x000000001dc51800 nmethod 3320 0x0000000002a6ca90 code [0x0000000002a6cc00, 0x0000000002a6ced8]
Event: 8184.815 Thread 0x000000001dbee000 3321 %     4       com.sun.crypto.provider.AESCrypt::makeSessionKey @ 559 (790 bytes)
Event: 8184.816 Thread 0x000000001dbe8000 3322       4       sun.security.ssl.OutputRecord::availableDataBytes (15 bytes)
Event: 8184.817 Thread 0x000000001dbe8000 nmethod 3322 0x0000000002e109d0 code [0x0000000002e10b00, 0x0000000002e10b58]
Event: 8184.838 Thread 0x000000001dbee000 nmethod 3321% 0x000000000315d790 code [0x000000000315d940, 0x000000000315eaf8]
Event: 8191.220 Thread 0x000000001dbf6800 3323   !   4       sun.java2d.d3d.D3DScreenUpdateManager::trackScreenSurface (78 bytes)
Event: 8191.226 Thread 0x000000001dbf6800 nmethod 3323 0x000000000315ad10 code [0x000000000315ae80, 0x000000000315b638]
Event: 8224.219 Thread 0x000000001dc51800 3324       1       sun.java2d.SurfaceData::getDisposerReferent (5 bytes)
Event: 8224.219 Thread 0x000000001dc51800 nmethod 3324 0x0000000003150890 code [0x00000000031509e0, 0x0000000003150af0]
Event: 8231.726 Thread 0x000000001dbe8000 3325   !   4       sun.awt.RepaintArea::paint (354 bytes)

GC Heap History (10 events):
Event: 2346.200 GC heap before
{Heap before GC invocations=3 (full 0):
 PSYoungGen      total 76288K, used 66036K [0x000000076ad80000, 0x0000000770280000, 0x00000007c0000000)
  eden space 65536K, 84% used [0x000000076ad80000,0x000000076e37d5a0,0x000000076ed80000)
  from space 10752K, 99% used [0x000000076f800000,0x000000077027fb98,0x0000000770280000)
  to   space 10752K, 0% used [0x000000076ed80000,0x000000076ed80000,0x000000076f800000)
 ParOldGen       total 175104K, used 6839K [0x00000006c0800000, 0x00000006cb300000, 0x000000076ad80000)
  object space 175104K, 3% used [0x00000006c0800000,0x00000006c0eadc20,0x00000006cb300000)
 Metaspace       used 20584K, capacity 21102K, committed 21248K, reserved 1067008K
  class space    used 2589K, capacity 2736K, committed 2816K, reserved 1048576K
Event: 2346.228 GC heap after
Heap after GC invocations=3 (full 0):
 PSYoungGen      total 76288K, used 10750K [0x000000076ad80000, 0x0000000770280000, 0x00000007c0000000)
  eden space 65536K, 0% used [0x000000076ad80000,0x000000076ad80000,0x000000076ed80000)
  from space 10752K, 99% used [0x000000076ed80000,0x000000076f7ffbb8,0x000000076f800000)
  to   space 10752K, 0% used [0x000000076f800000,0x000000076f800000,0x0000000770280000)
 ParOldGen       total 175104K, used 9187K [0x00000006c0800000, 0x00000006cb300000, 0x000000076ad80000)
  object space 175104K, 5% used [0x00000006c0800000,0x00000006c10f8fc0,0x00000006cb300000)
 Metaspace       used 20584K, capacity 21102K, committed 21248K, reserved 1067008K
  class space    used 2589K, capacity 2736K, committed 2816K, reserved 1048576K
}
Event: 2346.229 GC heap before
{Heap before GC invocations=4 (full 1):
 PSYoungGen      total 76288K, used 10750K [0x000000076ad80000, 0x0000000770280000, 0x00000007c0000000)
  eden space 65536K, 0% used [0x000000076ad80000,0x000000076ad80000,0x000000076ed80000)
  from space 10752K, 99% used [0x000000076ed80000,0x000000076f7ffbb8,0x000000076f800000)
  to   space 10752K, 0% used [0x000000076f800000,0x000000076f800000,0x0000000770280000)
 ParOldGen       total 175104K, used 9187K [0x00000006c0800000, 0x00000006cb300000, 0x000000076ad80000)
  object space 175104K, 5% used [0x00000006c0800000,0x00000006c10f8fc0,0x00000006cb300000)
 Metaspace       used 20584K, capacity 21102K, committed 21248K, reserved 1067008K
  class space    used 2589K, capacity 2736K, committed 2816K, reserved 1048576K
Event: 2346.328 GC heap after
Heap after GC invocations=4 (full 1):
 PSYoungGen      total 76288K, used 0K [0x000000076ad80000, 0x0000000770280000, 0x00000007c0000000)
  eden space 65536K, 0% used [0x000000076ad80000,0x000000076ad80000,0x000000076ed80000)
  from space 10752K, 0% used [0x000000076ed80000,0x000000076ed80000,0x000000076f800000)
  to   space 10752K, 0% used [0x000000076f800000,0x000000076f800000,0x0000000770280000)
 ParOldGen       total 84992K, used 12117K [0x00000006c0800000, 0x00000006c5b00000, 0x000000076ad80000)
  object space 84992K, 14% used [0x00000006c0800000,0x00000006c13d55a0,0x00000006c5b00000)
 Metaspace       used 20584K, capacity 21102K, committed 21248K, reserved 1067008K
  class space    used 2589K, capacity 2736K, committed 2816K, reserved 1048576K
}
Event: 4264.327 GC heap before
{Heap before GC invocations=5 (full 1):
 PSYoungGen      total 76288K, used 65536K [0x000000076ad80000, 0x0000000770280000, 0x00000007c0000000)
  eden space 65536K, 100% used [0x000000076ad80000,0x000000076ed80000,0x000000076ed80000)
  from space 10752K, 0% used [0x000000076ed80000,0x000000076ed80000,0x000000076f800000)
  to   space 10752K, 0% used [0x000000076f800000,0x000000076f800000,0x0000000770280000)
 ParOldGen       total 84992K, used 12117K [0x00000006c0800000, 0x00000006c5b00000, 0x000000076ad80000)
  object space 84992K, 14% used [0x00000006c0800000,0x00000006c13d55a0,0x00000006c5b00000)
 Metaspace       used 20711K, capacity 21236K, committed 21504K, reserved 1069056K
  class space    used 2589K, capacity 2737K, committed 2816K, reserved 1048576K
Event: 4264.350 GC heap after
Heap after GC invocations=5 (full 1):
 PSYoungGen      total 76288K, used 3120K [0x000000076ad80000, 0x0000000770280000, 0x00000007c0000000)
  eden space 65536K, 0% used [0x000000076ad80000,0x000000076ad80000,0x000000076ed80000)
  from space 10752K, 29% used [0x000000076f800000,0x000000076fb0c370,0x0000000770280000)
  to   space 10752K, 0% used [0x000000076ed80000,0x000000076ed80000,0x000000076f800000)
 ParOldGen       total 84992K, used 12125K [0x00000006c0800000, 0x00000006c5b00000, 0x000000076ad80000)
  object space 84992K, 14% used [0x00000006c0800000,0x00000006c13d75a0,0x00000006c5b00000)
 Metaspace       used 20711K, capacity 21236K, committed 21504K, reserved 1069056K
  class space    used 2589K, capacity 2737K, committed 2816K, reserved 1048576K
}
Event: 6173.599 GC heap before
{Heap before GC invocations=6 (full 1):
 PSYoungGen      total 76288K, used 68656K [0x000000076ad80000, 0x0000000770280000, 0x00000007c0000000)
  eden space 65536K, 100% used [0x000000076ad80000,0x000000076ed80000,0x000000076ed80000)
  from space 10752K, 29% used [0x000000076f800000,0x000000076fb0c370,0x0000000770280000)
  to   space 10752K, 0% used [0x000000076ed80000,0x000000076ed80000,0x000000076f800000)
 ParOldGen       total 84992K, used 12125K [0x00000006c0800000, 0x00000006c5b00000, 0x000000076ad80000)
  object space 84992K, 14% used [0x00000006c0800000,0x00000006c13d75a0,0x00000006c5b00000)
 Metaspace       used 20796K, capacity 21364K, committed 21504K, reserved 1069056K
  class space    used 2590K, capacity 2737K, committed 2816K, reserved 1048576K
Event: 6173.626 GC heap after
Heap after GC invocations=6 (full 1):
 PSYoungGen      total 74752K, used 3314K [0x000000076ad80000, 0x0000000771400000, 0x00000007c0000000)
  eden space 64000K, 0% used [0x000000076ad80000,0x000000076ad80000,0x000000076ec00000)
  from space 10752K, 30% used [0x000000076ed80000,0x000000076f0bc9f0,0x000000076f800000)
  to   space 20480K, 0% used [0x0000000770000000,0x0000000770000000,0x0000000771400000)
 ParOldGen       total 84992K, used 12133K [0x00000006c0800000, 0x00000006c5b00000, 0x000000076ad80000)
  object space 84992K, 14% used [0x00000006c0800000,0x00000006c13d95a0,0x00000006c5b00000)
 Metaspace       used 20796K, capacity 21364K, committed 21504K, reserved 1069056K
  class space    used 2590K, capacity 2737K, committed 2816K, reserved 1048576K
}
Event: 8004.309 GC heap before
{Heap before GC invocations=7 (full 1):
 PSYoungGen      total 74752K, used 67314K [0x000000076ad80000, 0x0000000771400000, 0x00000007c0000000)
  eden space 64000K, 100% used [0x000000076ad80000,0x000000076ec00000,0x000000076ec00000)
  from space 10752K, 30% used [0x000000076ed80000,0x000000076f0bc9f0,0x000000076f800000)
  to   space 20480K, 0% used [0x0000000770000000,0x0000000770000000,0x0000000771400000)
 ParOldGen       total 84992K, used 12133K [0x00000006c0800000, 0x00000006c5b00000, 0x000000076ad80000)
  object space 84992K, 14% used [0x00000006c0800000,0x00000006c13d95a0,0x00000006c5b00000)
 Metaspace       used 20906K, capacity 21428K, committed 21760K, reserved 1069056K
  class space    used 2590K, capacity 2737K, committed 2816K, reserved 1048576K
Event: 8004.330 GC heap after
Heap after GC invocations=7 (full 1):
 PSYoungGen      total 81408K, used 3231K [0x000000076ad80000, 0x0000000771280000, 0x00000007c0000000)
  eden space 62464K, 0% used [0x000000076ad80000,0x000000076ad80000,0x000000076ea80000)
  from space 18944K, 17% used [0x0000000770000000,0x0000000770327d00,0x0000000771280000)
  to   space 20480K, 0% used [0x000000076ea80000,0x000000076ea80000,0x000000076fe80000)
 ParOldGen       total 84992K, used 12141K [0x00000006c0800000, 0x00000006c5b00000, 0x000000076ad80000)
  object space 84992K, 14% used [0x00000006c0800000,0x00000006c13db5a0,0x00000006c5b00000)
 Metaspace       used 20906K, capacity 21428K, committed 21760K, reserved 1069056K
  class space    used 2590K, capacity 2737K, committed 2816K, reserved 1048576K
}

Deoptimization events (10 events):
Event: 8036.546 Thread 0x000000001fd1e000 Uncommon trap: reason=class_check action=maybe_recompile pc=0x00000000029f3980 method=java.awt.event.InvocationEvent.dispatch()V @ 47
Event: 8036.604 Thread 0x000000001fd1e000 Uncommon trap: reason=class_check action=maybe_recompile pc=0x0000000002a7b53c method=sun.java2d.SunGraphics2D.fillRect(IIII)V @ 10
Event: 8096.012 Thread 0x000000001fd1e000 Uncommon trap: reason=unstable_if action=reinterpret pc=0x000000000294e630 method=java.util.AbstractCollection.addAll(Ljava/util/Collection;)Z @ 32
Event: 8099.679 Thread 0x000000001fd1e000 Uncommon trap: reason=class_check action=maybe_recompile pc=0x0000000002a7b53c method=sun.java2d.SunGraphics2D.fillRect(IIII)V @ 10
Event: 8099.812 Thread 0x000000001fd1e000 Uncommon trap: reason=unstable_if action=reinterpret pc=0x00000000030f54a4 method=sun.java2d.pipe.Region.isInsideXYXY(IIII)Z @ 30
Event: 8100.013 Thread 0x000000001fd1e000 Uncommon trap: reason=class_check action=maybe_recompile pc=0x0000000002a7b53c method=sun.java2d.SunGraphics2D.fillRect(IIII)V @ 10
Event: 8100.185 Thread 0x000000001fd1e000 Uncommon trap: reason=unstable_if action=reinterpret pc=0x0000000002b9cc0c method=sun.java2d.SurfaceData.canRenderParallelograms(Lsun/java2d/SunGraphics2D;)Z @ 91
Event: 8100.186 Thread 0x000000001fd1e000 Uncommon trap: reason=class_check action=maybe_recompile pc=0x000000000312605c method=sun.java2d.SunGraphics2D.checkFontInfo(Lsun/java2d/loops/FontInfo;Ljava/awt/Font;Ljava/awt/font/FontRenderContext;)Lsun/java2d/loops/FontInfo; @ 622
Event: 8100.188 Thread 0x000000001fd1e000 Uncommon trap: reason=class_check action=maybe_recompile pc=0x000000000312605c method=sun.java2d.SunGraphics2D.checkFontInfo(Lsun/java2d/loops/FontInfo;Ljava/awt/Font;Ljava/awt/font/FontRenderContext;)Lsun/java2d/loops/FontInfo; @ 622
Event: 8100.188 Thread 0x000000001fd1e000 Uncommon trap: reason=class_check action=maybe_recompile pc=0x000000000312605c method=sun.java2d.SunGraphics2D.checkFontInfo(Lsun/java2d/loops/FontInfo;Ljava/awt/Font;Ljava/awt/font/FontRenderContext;)Lsun/java2d/loops/FontInfo; @ 622

Classes redefined (0 events):
No events

Internal exceptions (10 events):
Event: 3.175 Thread 0x00000000025bd800 Exception <a 'java/io/IOException'> (0x000000076c68e430) thrown at [C:\re\workspace\8-2-build-windows-amd64-cygwin\jdk8u181\11358\hotspot\src\share\vm\prims\jni.cpp, line 709]
Event: 3.179 Thread 0x00000000025bd800 Exception <a 'java/io/IOException'> (0x000000076cae7b28) thrown at [C:\re\workspace\8-2-build-windows-amd64-cygwin\jdk8u181\11358\hotspot\src\share\vm\prims\jni.cpp, line 709]
Event: 3.179 Thread 0x00000000025bd800 Exception <a 'java/io/IOException'> (0x000000076cae7dc8) thrown at [C:\re\workspace\8-2-build-windows-amd64-cygwin\jdk8u181\11358\hotspot\src\share\vm\prims\jni.cpp, line 709]
Event: 3.179 Thread 0x00000000025bd800 Exception <a 'java/io/IOException'> (0x000000076cae8038) thrown at [C:\re\workspace\8-2-build-windows-amd64-cygwin\jdk8u181\11358\hotspot\src\share\vm\prims\jni.cpp, line 709]
Event: 63.210 Thread 0x00000000025bd800 Exception <a 'java/io/IOException'> (0x000000076cb1d850) thrown at [C:\re\workspace\8-2-build-windows-amd64-cygwin\jdk8u181\11358\hotspot\src\share\vm\prims\jni.cpp, line 709]
Event: 63.210 Thread 0x00000000025bd800 Exception <a 'java/io/IOException'> (0x000000076cb1daf0) thrown at [C:\re\workspace\8-2-build-windows-amd64-cygwin\jdk8u181\11358\hotspot\src\share\vm\prims\jni.cpp, line 709]
Event: 63.210 Thread 0x00000000025bd800 Exception <a 'java/io/IOException'> (0x000000076cb1dd60) thrown at [C:\re\workspace\8-2-build-windows-amd64-cygwin\jdk8u181\11358\hotspot\src\share\vm\prims\jni.cpp, line 709]
Event: 63.211 Thread 0x000000002d615000 Implicit null exception at 0x0000000002f736e4 to 0x0000000002f74ca5
Event: 836.499 Thread 0x000000001fd1e000 Implicit null exception at 0x0000000002a4bcef to 0x0000000002a4ceb9
Event: 7404.612 Thread 0x000000001fd1e000 Implicit null exception at 0x0000000002fffc84 to 0x0000000003001045

Events (10 events):
Event: 8194.982 Executing VM operation: RevokeBias done
Event: 8194.982 Executing VM operation: RevokeBias
Event: 8194.982 Executing VM operation: RevokeBias done
Event: 8194.982 Executing VM operation: RevokeBias
Event: 8194.982 Executing VM operation: RevokeBias done
Event: 8194.983 Executing VM operation: RevokeBias
Event: 8194.983 Executing VM operation: RevokeBias done
Event: 8194.983 Executing VM operation: RevokeBias
Event: 8194.983 Executing VM operation: RevokeBias done
Event: 8194.983 Thread 0x000000002d616800 Thread exited: 0x000000002d616800


Dynamic libraries:
0x00007ff6653c0000 - 0x00007ff6653f7000 	C:\Program Files\Java\jre1.8.0_181\bin\java.exe
0x00007ffe34840000 - 0x00007ffe34a21000 	C:\WINDOWS\SYSTEM32\ntdll.dll
0x00007ffe34680000 - 0x00007ffe34732000 	C:\WINDOWS\System32\KERNEL32.DLL
0x00007ffe31560000 - 0x00007ffe317d3000 	C:\WINDOWS\System32\KERNELBASE.dll
0x00007ffe31f00000 - 0x00007ffe31fa1000 	C:\WINDOWS\System32\ADVAPI32.dll
0x00007ffe342f0000 - 0x00007ffe3438e000 	C:\WINDOWS\System32\msvcrt.dll
0x00007ffe329b0000 - 0x00007ffe32a0b000 	C:\WINDOWS\System32\sechost.dll
0x00007ffe340d0000 - 0x00007ffe341f4000 	C:\WINDOWS\System32\RPCRT4.dll
0x00007ffe34430000 - 0x00007ffe345c0000 	C:\WINDOWS\System32\USER32.dll
0x00007ffe31cb0000 - 0x00007ffe31cd0000 	C:\WINDOWS\System32\win32u.dll
0x00007ffe31ed0000 - 0x00007ffe31ef8000 	C:\WINDOWS\System32\GDI32.dll
0x00007ffe31320000 - 0x00007ffe314b2000 	C:\WINDOWS\System32\gdi32full.dll
0x00007ffe314c0000 - 0x00007ffe3155f000 	C:\WINDOWS\System32\msvcp_win.dll
0x00007ffe31bb0000 - 0x00007ffe31caa000 	C:\WINDOWS\System32\ucrtbase.dll
0x00007ffe263c0000 - 0x00007ffe26629000 	C:\WINDOWS\WinSxS\amd64_microsoft.windows.common-controls_6595b64144ccf1df_6.0.17134.407_none_fb449d63306391e9\COMCTL32.dll
0x00007ffe320b0000 - 0x00007ffe323d2000 	C:\WINDOWS\System32\combase.dll
0x00007ffe31b30000 - 0x00007ffe31baa000 	C:\WINDOWS\System32\bcryptPrimitives.dll
0x00007ffe34390000 - 0x00007ffe343bd000 	C:\WINDOWS\System32\IMM32.DLL
0x00000000527e0000 - 0x00000000528b2000 	C:\Program Files\Java\jre1.8.0_181\bin\msvcr100.dll
0x0000000052a90000 - 0x0000000053332000 	C:\Program Files\Java\jre1.8.0_181\bin\server\jvm.dll
0x00007ffe343c0000 - 0x00007ffe343c8000 	C:\WINDOWS\System32\PSAPI.DLL
0x00007ffe215d0000 - 0x00007ffe215d9000 	C:\WINDOWS\SYSTEM32\WSOCK32.dll
0x00007ffe2edb0000 - 0x00007ffe2edd3000 	C:\WINDOWS\SYSTEM32\WINMM.dll
0x00007ffe2b580000 - 0x00007ffe2b58a000 	C:\WINDOWS\SYSTEM32\VERSION.dll
0x0000000000cc0000 - 0x0000000000d2c000 	C:\WINDOWS\System32\ws2_32.DLL
0x00007ffe2ebb0000 - 0x00007ffe2ebda000 	C:\WINDOWS\SYSTEM32\WINMMBASE.dll
0x00007ffe31ae0000 - 0x00007ffe31b29000 	C:\WINDOWS\System32\cfgmgr32.dll
0x00000000529a0000 - 0x00000000529af000 	C:\Program Files\Java\jre1.8.0_181\bin\verify.dll
0x0000000052970000 - 0x0000000052999000 	C:\Program Files\Java\jre1.8.0_181\bin\java.dll
0x0000000052950000 - 0x0000000052966000 	C:\Program Files\Java\jre1.8.0_181\bin\zip.dll
0x00007ffe32c90000 - 0x00007ffe340cf000 	C:\WINDOWS\System32\SHELL32.dll
0x00007ffe345d0000 - 0x00007ffe34679000 	C:\WINDOWS\System32\shcore.dll
0x00007ffe30c10000 - 0x00007ffe3131d000 	C:\WINDOWS\System32\windows.storage.dll
0x00007ffe32050000 - 0x00007ffe320a1000 	C:\WINDOWS\System32\shlwapi.dll
0x00007ffe30bf0000 - 0x00007ffe30c01000 	C:\WINDOWS\System32\kernel.appcore.dll
0x00007ffe30b60000 - 0x00007ffe30b7f000 	C:\WINDOWS\System32\profapi.dll
0x00007ffe30b80000 - 0x00007ffe30bcc000 	C:\WINDOWS\System32\powrprof.dll
0x00007ffe30b50000 - 0x00007ffe30b5a000 	C:\WINDOWS\System32\FLTLIB.DLL
0x0000000052640000 - 0x00000000527d9000 	C:\Program Files\Java\jre1.8.0_181\bin\awt.dll
0x00007ffe34740000 - 0x00007ffe34802000 	C:\WINDOWS\System32\OLEAUT32.dll
0x00007ffe2eed0000 - 0x00007ffe2ef5b000 	C:\WINDOWS\SYSTEM32\apphelp.dll
0x00007ffe2f050000 - 0x00007ffe2f0e8000 	C:\WINDOWS\system32\uxtheme.dll
0x00007ffe32830000 - 0x00007ffe329a3000 	C:\WINDOWS\System32\MSCTF.dll
0x00007ffe2f230000 - 0x00007ffe2f259000 	C:\WINDOWS\system32\dwmapi.dll
0x00007ffe32b30000 - 0x00007ffe32c81000 	C:\WINDOWS\System32\ole32.dll
0x00000000528e0000 - 0x0000000052904000 	C:\Program Files\Java\jre1.8.0_181\bin\sunec.dll
0x0000000052930000 - 0x000000005294a000 	C:\Program Files\Java\jre1.8.0_181\bin\net.dll
0x00007ffe30370000 - 0x00007ffe303d6000 	C:\WINDOWS\system32\mswsock.dll
0x00007ffe300f0000 - 0x00007ffe30128000 	C:\WINDOWS\SYSTEM32\IPHLPAPI.DLL
0x00007ffe32a10000 - 0x00007ffe32a18000 	C:\WINDOWS\System32\NSI.dll
0x00007ffe2b7d0000 - 0x00007ffe2b7e6000 	C:\WINDOWS\SYSTEM32\dhcpcsvc6.DLL
0x00007ffe2b790000 - 0x00007ffe2b7aa000 	C:\WINDOWS\SYSTEM32\dhcpcsvc.DLL
0x0000000052910000 - 0x0000000052921000 	C:\Program Files\Java\jre1.8.0_181\bin\nio.dll
0x00007ffe0ad50000 - 0x00007ffe0ae70000 	C:\WINDOWS\system32\opengl32.dll
0x00007ffe1bdf0000 - 0x00007ffe1be1c000 	C:\WINDOWS\SYSTEM32\GLU32.dll
0x00007ffe29500000 - 0x00007ffe29697000 	C:\WINDOWS\system32\d3d9.dll
0x00007ffe2a290000 - 0x00007ffe2a37b000 	C:\WINDOWS\System32\DriverStore\FileRepository\nv_dispi.inf_amd64_040c7acb04cee565\nvldumdx.dll
0x00007ffe318f0000 - 0x00007ffe31ad2000 	C:\WINDOWS\System32\crypt32.dll
0x00007ffe30bd0000 - 0x00007ffe30be2000 	C:\WINDOWS\System32\MSASN1.dll
0x00007ffe31890000 - 0x00007ffe318e7000 	C:\WINDOWS\System32\WINTRUST.DLL
0x00007ffe32a20000 - 0x00007ffe32a3d000 	C:\WINDOWS\System32\imagehlp.dll
0x00007ffe30530000 - 0x00007ffe30547000 	C:\WINDOWS\SYSTEM32\CRYPTSP.dll
0x00007ffe2ff50000 - 0x00007ffe2ff83000 	C:\WINDOWS\system32\rsaenh.dll
0x00007ffe30650000 - 0x00007ffe30675000 	C:\WINDOWS\SYSTEM32\bcrypt.dll
0x00007ffe30520000 - 0x00007ffe3052b000 	C:\WINDOWS\SYSTEM32\CRYPTBASE.dll
0x00007ffde3f50000 - 0x00007ffde5188000 	C:\WINDOWS\System32\DriverStore\FileRepository\nv_dispi.inf_amd64_040c7acb04cee565\nvd3dumx.dll
0x00007ffdfa220000 - 0x00007ffdfa464000 	C:\WINDOWS\system32\nvspcap64.dll
0x00007ffe2fc70000 - 0x00007ffe2fca1000 	C:\WINDOWS\SYSTEM32\ntmarta.dll
0x00007ffe2f890000 - 0x00007ffe2f8b2000 	C:\WINDOWS\SYSTEM32\gpapi.dll
0x00007ffe2b310000 - 0x00007ffe2b33e000 	C:\WINDOWS\SYSTEM32\cryptnet.dll
0x00000000525f0000 - 0x0000000052637000 	C:\Program Files\Java\jre1.8.0_181\bin\fontmanager.dll
0x00007ffe31fb0000 - 0x00007ffe32050000 	C:\WINDOWS\System32\clbcatq.dll
0x00007ffe2a8b0000 - 0x00007ffe2aa5e000 	C:\WINDOWS\SYSTEM32\WindowsCodecs.dll
0x00007ffe13280000 - 0x00007ffe132d8000 	C:\WINDOWS\system32\dataexchange.dll
0x00007ffe2d680000 - 0x00007ffe2d98b000 	C:\WINDOWS\system32\d3d11.dll
0x00007ffe2e590000 - 0x00007ffe2e72c000 	C:\WINDOWS\system32\dcomp.dll
0x00007ffe2f910000 - 0x00007ffe2f9cb000 	C:\WINDOWS\system32\dxgi.dll
0x00007ffe2f420000 - 0x00007ffe2f5d8000 	C:\WINDOWS\system32\twinapi.appcore.dll
0x00007ffe2f3c0000 - 0x00007ffe2f3e1000 	C:\WINDOWS\system32\RMCLIENT.dll
0x00000000525a0000 - 0x00000000525e2000 	C:\Program Files\Java\jre1.8.0_181\bin\t2k.dll
0x00007ffe25a40000 - 0x00007ffe25ad6000 	C:\WINDOWS\System32\TextInputFramework.dll
0x00007ffe2ecd0000 - 0x00007ffe2edaa000 	C:\WINDOWS\System32\CoreMessaging.dll
0x00007ffe2a440000 - 0x00007ffe2a75e000 	C:\WINDOWS\System32\CoreUIComponents.dll
0x00007ffe2ce20000 - 0x00007ffe2cf6d000 	C:\WINDOWS\SYSTEM32\wintypes.dll
0x00007ffe30a80000 - 0x00007ffe30aa8000 	C:\WINDOWS\SYSTEM32\USERENV.dll
0x00007ffe10800000 - 0x00007ffe10816000 	C:\WINDOWS\system32\napinsp.dll
0x00007ffe107e0000 - 0x00007ffe107fa000 	C:\WINDOWS\system32\pnrpnsp.dll
0x00007ffe2e570000 - 0x00007ffe2e589000 	C:\WINDOWS\system32\NLAapi.dll
0x00007ffe30130000 - 0x00007ffe301ee000 	C:\WINDOWS\SYSTEM32\DNSAPI.dll
0x00007ffe10770000 - 0x00007ffe1077e000 	C:\WINDOWS\System32\winrnr.dll
0x00007ffe115a0000 - 0x00007ffe115b5000 	C:\WINDOWS\System32\wshbth.dll
0x00007ffe29a40000 - 0x00007ffe29ab2000 	C:\WINDOWS\System32\fwpuclnt.dll
0x00007ffe29750000 - 0x00007ffe2975a000 	C:\Windows\System32\rasadhlp.dll
0x00000000528d0000 - 0x00000000528db000 	C:\Program Files\Java\jre1.8.0_181\bin\sunmscapi.dll
0x00000000528c0000 - 0x00000000528cd000 	C:\Program Files\Java\jre1.8.0_181\bin\management.dll
0x00007ffe0e850000 - 0x00007ffe0e8cf000 	C:\Program Files (x86)\TeamViewer\tv_x64.dll

VM Arguments:
jvm_args: -Xbootclasspath/p:C:\Users\William Holmberg\OSBot\Data\filter_72cdb86.jar -XX:+DisableAttachMechanism 
java_command: org.osbot.BotApplication 0,1,0,4soctcactus421@gmail.com:ugot00wned2:1234,NEX:ugot00wned2_,160,0,0,1,0,0,null
java_class_path (initial): /C:/Users/William Holmberg/eclipse-workspace/NexusDesktop/osbot.jar;/C:/Users/William Holmberg/eclipse-workspace/NexusDesktop/osbot.jar
Launcher Type: SUN_STANDARD

Environment Variables:
PATH=C:/Program Files/Java/jre1.8.0_181/bin/server;C:/Program Files/Java/jre1.8.0_181/bin;C:/Program Files/Java/jre1.8.0_181/lib/amd64;C:\Program Files (x86)\Common Files\Oracle\Java\javapath;C:\Program Files (x86)\Intel\iCLS Client\;C:\Program Files\Intel\iCLS Client\;C:\WINDOWS\system32;C:\WINDOWS;C:\WINDOWS\System32\Wbem;C:\WINDOWS\System32\WindowsPowerShell\v1.0\;C:\WINDOWS\System32\OpenSSH\;C:\Program Files (x86)\NVIDIA Corporation\PhysX\Common;C:\Program Files (x86)\Intel\Intel(R) Management Engine Components\DAL;C:\Program Files\Intel\Intel(R) Management Engine Components\DAL;C:\Program Files (x86)\Intel\Intel(R) Management Engine Components\IPT;C:\Program Files\Intel\Intel(R) Management Engine Components\IPT;C:\Users\William Holmberg\AppData\Local\Microsoft\WindowsApps;C:\Users\William Holmberg\AppData\Local\GitHubDesktop\bin;C:\WINDOWS\system32;
USERNAME=William Holmberg
OS=Windows_NT
PROCESSOR_IDENTIFIER=Intel64 Family 6 Model 158 Stepping 10, GenuineIntel



---------------  S Y S T E M  ---------------

OS: Windows 10.0 , 64 bit Build 17134 (10.0.17134.1)

CPU:total 12 (initial active 12) (6 cores per cpu, 2 threads per core) family 6 model 158 stepping 10, cmov, cx8, fxsr, mmx, sse, sse2, sse3, ssse3, sse4.1, sse4.2, popcnt, avx, avx2, aes, clmul, erms, rtm, 3dnowpref, lzcnt, ht, tsc, tscinvbit, bmi1, bmi2, adx

Memory: 4k page, physical 16736684k(713188k free), swap 45909140k(11156k free)

vm_info: Java HotSpot(TM) 64-Bit Server VM (25.181-b13) for windows-amd64 JRE (1.8.0_181-b13), built on Jul  7 2018 04:01:33 by "java_re" with MS VC++ 10.0 (VS2010)

time: Thu Dec 06 21:19:51 2018
elapsed time: 8231 seconds (0d 2h 17m 11s)

