#
# There is insufficient memory for the Java Runtime Environment to continue.
# Native memory allocation (malloc) failed to allocate 32744 bytes for ChunkPool::allocate
# Possible reasons:
#   The system is out of physical RAM or swap space
#   In 32 bit mode, the process size limit was hit
# Possible solutions:
#   Reduce memory load on the system
#   Increase physical memory or swap space
#   Check if swap backing store is full
#   Use 64 bit Java on a 64 bit OS
#   Decrease Java heap size (-Xmx/-Xms)
#   Decrease number of Java threads
#   Decrease Java thread stack sizes (-Xss)
#   Set larger code cache with -XX:ReservedCodeCacheSize=
# This output file may be truncated or incomplete.
#
#  Out of Memory Error (allocation.cpp:273), pid=17688, tid=0x0000000000000114
#
# JRE version: Java(TM) SE Runtime Environment (8.0_181-b13) (build 1.8.0_181-b13)
# Java VM: Java HotSpot(TM) 64-Bit Server VM (25.181-b13 mixed mode windows-amd64 compressed oops)
# Failed to write core dump. Minidumps are not enabled by default on client versions of Windows
#

---------------  T H R E A D  ---------------

Current thread (0x000000001d85a000):  JavaThread "C2 CompilerThread1" daemon [_thread_in_native, id=276, stack(0x000000001eeb0000,0x000000001efb0000)]

Stack: [0x000000001eeb0000,0x000000001efb0000]
[error occurred during error reporting (printing stack bounds), id 0xc0000005]

Native frames: (J=compiled Java code, j=interpreted, Vv=VM code, C=native code)


Current CompileTask:
C2:5996449 3077       4       org.osbot.rs07.canvas.BotPanel::paint (93 bytes)


---------------  P R O C E S S  ---------------

Java Threads: ( => current thread )
  0x000000002cfc9800 JavaThread "DestroyJavaVM" [_thread_blocked, id=4540, stack(0x00000000022a0000,0x00000000023a0000)]
  0x000000001fa04000 JavaThread "D3D Screen Updater" daemon [_thread_in_native, id=2676, stack(0x000000002cb70000,0x000000002cc70000)]
  0x000000001f9b4800 JavaThread "TimerQueue" daemon [_thread_blocked, id=12352, stack(0x000000002c670000,0x000000002c770000)]
  0x000000001f8ea800 JavaThread "AWT-EventQueue-0" [_thread_blocked, id=9844, stack(0x000000002b880000,0x000000002b980000)]
  0x000000001f6d6000 JavaThread "Thread-1" [_thread_blocked, id=8060, stack(0x0000000020a40000,0x0000000020b40000)]
  0x000000001f685000 JavaThread "AWT-Windows" daemon [_thread_in_native, id=14584, stack(0x000000001ff60000,0x0000000020060000)]
  0x000000001dbd6800 JavaThread "AWT-Shutdown" [_thread_blocked, id=5936, stack(0x000000001fe60000,0x000000001ff60000)]
  0x000000001dbd6000 JavaThread "Java2D Disposer" daemon [_thread_blocked, id=10012, stack(0x000000001fd60000,0x000000001fe60000)]
  0x000000001d8fe000 JavaThread "Service Thread" daemon [_thread_blocked, id=5516, stack(0x000000001f1b0000,0x000000001f2b0000)]
  0x000000001d8c1800 JavaThread "C1 CompilerThread3" daemon [_thread_blocked, id=11100, stack(0x000000001f0b0000,0x000000001f1b0000)]
  0x000000001d860000 JavaThread "C2 CompilerThread2" daemon [_thread_blocked, id=9688, stack(0x000000001efb0000,0x000000001f0b0000)]
=>0x000000001d85a000 JavaThread "C2 CompilerThread1" daemon [_thread_in_native, id=276, stack(0x000000001eeb0000,0x000000001efb0000)]
  0x000000001d866800 JavaThread "C2 CompilerThread0" daemon [_thread_blocked, id=10204, stack(0x000000001edb0000,0x000000001eeb0000)]
  0x000000001d864000 JavaThread "Signal Dispatcher" daemon [_thread_blocked, id=18792, stack(0x000000001ecb0000,0x000000001edb0000)]
  0x000000001d853000 JavaThread "Finalizer" daemon [_thread_blocked, id=17036, stack(0x000000001eab0000,0x000000001ebb0000)]
  0x000000001c16c800 JavaThread "Reference Handler" daemon [_thread_blocked, id=18712, stack(0x000000001e9b0000,0x000000001eab0000)]

Other Threads:
  0x000000001c167000 VMThread [stack: 0x000000001e8b0000,0x000000001e9b0000] [id=17584]
  0x000000001d901000 WatcherThread [stack: 0x000000001f2b0000,0x000000001f3b0000] [id=7116]

VM state:not at safepoint (normal execution)

VM Mutex/Monitor currently owned by a thread: None

Heap:
 PSYoungGen      total 76288K, used 65045K [0x000000076ad80000, 0x0000000770280000, 0x00000007c0000000)
  eden space 65536K, 94% used [0x000000076ad80000,0x000000076e9f52f0,0x000000076ed80000)
  from space 10752K, 29% used [0x000000076f800000,0x000000076fb10360,0x0000000770280000)
  to   space 10752K, 0% used [0x000000076ed80000,0x000000076ed80000,0x000000076f800000)
 ParOldGen       total 86016K, used 12122K [0x00000006c0800000, 0x00000006c5c00000, 0x000000076ad80000)
  object space 86016K, 14% used [0x00000006c0800000,0x00000006c13d68e0,0x00000006c5c00000)
 Metaspace       used 20775K, capacity 21326K, committed 21504K, reserved 1069056K
  class space    used 2580K, capacity 2704K, committed 2816K, reserved 1048576K

Card table byte_map: [0x0000000011860000,0x0000000012060000] byte_map_base: 0x000000000e25c000

Marking Bits: (ParMarkBitMap*) 0x00000000532b2d00
 Begin Bits: [0x0000000012fc0000, 0x0000000016fa0000)
 End Bits:   [0x0000000016fa0000, 0x000000001af80000)

Polling page: 0x00000000001c0000

CodeCache: size=245760Kb used=9146Kb max_used=9155Kb free=236613Kb
 bounds [0x00000000024a0000, 0x0000000002db0000, 0x00000000114a0000]
 total_blobs=3205 nmethods=2636 adapters=480
 compilation: enabled

Compilation events (10 events):
Event: 5992.887 Thread 0x000000001d866800 nmethod 3072 0x00000000025cf810 code [0x00000000025cf9a0, 0x00000000025cfd90]
Event: 5994.492 Thread 0x000000001d85a000 3073   !   4       java.awt.Container::paint (62 bytes)
Event: 5994.493 Thread 0x000000001d860000 3074       4       sun.awt.SunGraphicsCallback::runComponents (204 bytes)
Event: 5994.501 Thread 0x000000001d860000 nmethod 3074 0x0000000002d89050 code [0x0000000002d891e0, 0x0000000002d897a8]
Event: 5994.506 Thread 0x000000001d85a000 nmethod 3073 0x0000000002d92150 code [0x0000000002d92320, 0x0000000002d93188]
Event: 5994.896 Thread 0x000000001d866800 3075       4       sun.java2d.SunGraphics2D::clearRect (49 bytes)
Event: 5994.896 Thread 0x000000001d860000 3076       4       sun.java2d.SunGraphics2D::setPaint (158 bytes)
Event: 5994.898 Thread 0x000000001d860000 nmethod 3076 0x0000000002a812d0 code [0x0000000002a81420, 0x0000000002a815d8]
Event: 5994.906 Thread 0x000000001d866800 nmethod 3075 0x0000000002d831d0 code [0x0000000002d83500, 0x0000000002d84088]
Event: 5995.817 Thread 0x000000001d85a000 3077       4       org.osbot.rs07.canvas.BotPanel::paint (93 bytes)

GC Heap History (10 events):
Event: 2.346 GC heap before
{Heap before GC invocations=1 (full 0):
 PSYoungGen      total 76288K, used 65536K [0x000000076ad80000, 0x0000000770280000, 0x00000007c0000000)
  eden space 65536K, 100% used [0x000000076ad80000,0x000000076ed80000,0x000000076ed80000)
  from space 10752K, 0% used [0x000000076f800000,0x000000076f800000,0x0000000770280000)
  to   space 10752K, 0% used [0x000000076ed80000,0x000000076ed80000,0x000000076f800000)
 ParOldGen       total 175104K, used 0K [0x00000006c0800000, 0x00000006cb300000, 0x000000076ad80000)
  object space 175104K, 0% used [0x00000006c0800000,0x00000006c0800000,0x00000006cb300000)
 Metaspace       used 19588K, capacity 20150K, committed 20352K, reserved 1067008K
  class space    used 2518K, capacity 2636K, committed 2688K, reserved 1048576K
Event: 2.355 GC heap after
Heap after GC invocations=1 (full 0):
 PSYoungGen      total 76288K, used 9822K [0x000000076ad80000, 0x0000000770280000, 0x00000007c0000000)
  eden space 65536K, 0% used [0x000000076ad80000,0x000000076ad80000,0x000000076ed80000)
  from space 10752K, 91% used [0x000000076ed80000,0x000000076f717908,0x000000076f800000)
  to   space 10752K, 0% used [0x000000076f800000,0x000000076f800000,0x0000000770280000)
 ParOldGen       total 175104K, used 40K [0x00000006c0800000, 0x00000006cb300000, 0x000000076ad80000)
  object space 175104K, 0% used [0x00000006c0800000,0x00000006c080a000,0x00000006cb300000)
 Metaspace       used 19588K, capacity 20150K, committed 20352K, reserved 1067008K
  class space    used 2518K, capacity 2636K, committed 2688K, reserved 1048576K
}
Event: 842.249 GC heap before
{Heap before GC invocations=2 (full 0):
 PSYoungGen      total 76288K, used 75358K [0x000000076ad80000, 0x0000000770280000, 0x00000007c0000000)
  eden space 65536K, 100% used [0x000000076ad80000,0x000000076ed80000,0x000000076ed80000)
  from space 10752K, 91% used [0x000000076ed80000,0x000000076f717908,0x000000076f800000)
  to   space 10752K, 0% used [0x000000076f800000,0x000000076f800000,0x0000000770280000)
 ParOldGen       total 175104K, used 40K [0x00000006c0800000, 0x00000006cb300000, 0x000000076ad80000)
  object space 175104K, 0% used [0x00000006c0800000,0x00000006c080a000,0x00000006cb300000)
 Metaspace       used 20486K, capacity 21006K, committed 21248K, reserved 1067008K
  class space    used 2579K, capacity 2704K, committed 2816K, reserved 1048576K
Event: 842.256 GC heap after
Heap after GC invocations=2 (full 0):
 PSYoungGen      total 76288K, used 10722K [0x000000076ad80000, 0x0000000770280000, 0x00000007c0000000)
  eden space 65536K, 0% used [0x000000076ad80000,0x000000076ad80000,0x000000076ed80000)
  from space 10752K, 99% used [0x000000076f800000,0x0000000770278840,0x0000000770280000)
  to   space 10752K, 0% used [0x000000076ed80000,0x000000076ed80000,0x000000076f800000)
 ParOldGen       total 175104K, used 6919K [0x00000006c0800000, 0x00000006cb300000, 0x000000076ad80000)
  object space 175104K, 3% used [0x00000006c0800000,0x00000006c0ec1c38,0x00000006cb300000)
 Metaspace       used 20486K, capacity 21006K, committed 21248K, reserved 1067008K
  class space    used 2579K, capacity 2704K, committed 2816K, reserved 1048576K
}
Event: 2345.983 GC heap before
{Heap before GC invocations=3 (full 0):
 PSYoungGen      total 76288K, used 65356K [0x000000076ad80000, 0x0000000770280000, 0x00000007c0000000)
  eden space 65536K, 83% used [0x000000076ad80000,0x000000076e2da7c8,0x000000076ed80000)
  from space 10752K, 99% used [0x000000076f800000,0x0000000770278840,0x0000000770280000)
  to   space 10752K, 0% used [0x000000076ed80000,0x000000076ed80000,0x000000076f800000)
 ParOldGen       total 175104K, used 6919K [0x00000006c0800000, 0x00000006cb300000, 0x000000076ad80000)
  object space 175104K, 3% used [0x00000006c0800000,0x00000006c0ec1c38,0x00000006cb300000)
 Metaspace       used 20574K, capacity 21070K, committed 21248K, reserved 1067008K
  class space    used 2580K, capacity 2704K, committed 2816K, reserved 1048576K
Event: 2345.989 GC heap after
Heap after GC invocations=3 (full 0):
 PSYoungGen      total 76288K, used 8816K [0x000000076ad80000, 0x0000000770280000, 0x00000007c0000000)
  eden space 65536K, 0% used [0x000000076ad80000,0x000000076ad80000,0x000000076ed80000)
  from space 10752K, 81% used [0x000000076ed80000,0x000000076f61c010,0x000000076f800000)
  to   space 10752K, 0% used [0x000000076f800000,0x000000076f800000,0x0000000770280000)
 ParOldGen       total 175104K, used 6927K [0x00000006c0800000, 0x00000006cb300000, 0x000000076ad80000)
  object space 175104K, 3% used [0x00000006c0800000,0x00000006c0ec3c38,0x00000006cb300000)
 Metaspace       used 20574K, capacity 21070K, committed 21248K, reserved 1067008K
  class space    used 2580K, capacity 2704K, committed 2816K, reserved 1048576K
}
Event: 2345.990 GC heap before
{Heap before GC invocations=4 (full 1):
 PSYoungGen      total 76288K, used 8816K [0x000000076ad80000, 0x0000000770280000, 0x00000007c0000000)
  eden space 65536K, 0% used [0x000000076ad80000,0x000000076ad80000,0x000000076ed80000)
  from space 10752K, 81% used [0x000000076ed80000,0x000000076f61c010,0x000000076f800000)
  to   space 10752K, 0% used [0x000000076f800000,0x000000076f800000,0x0000000770280000)
 ParOldGen       total 175104K, used 6927K [0x00000006c0800000, 0x00000006cb300000, 0x000000076ad80000)
  object space 175104K, 3% used [0x00000006c0800000,0x00000006c0ec3c38,0x00000006cb300000)
 Metaspace       used 20574K, capacity 21070K, committed 21248K, reserved 1067008K
  class space    used 2580K, capacity 2704K, committed 2816K, reserved 1048576K
Event: 2346.024 GC heap after
Heap after GC invocations=4 (full 1):
 PSYoungGen      total 76288K, used 0K [0x000000076ad80000, 0x0000000770280000, 0x00000007c0000000)
  eden space 65536K, 0% used [0x000000076ad80000,0x000000076ad80000,0x000000076ed80000)
  from space 10752K, 0% used [0x000000076ed80000,0x000000076ed80000,0x000000076f800000)
  to   space 10752K, 0% used [0x000000076f800000,0x000000076f800000,0x0000000770280000)
 ParOldGen       total 86016K, used 12114K [0x00000006c0800000, 0x00000006c5c00000, 0x000000076ad80000)
  object space 86016K, 14% used [0x00000006c0800000,0x00000006c13d48e0,0x00000006c5c00000)
 Metaspace       used 20574K, capacity 21070K, committed 21248K, reserved 1067008K
  class space    used 2580K, capacity 2704K, committed 2816K, reserved 1048576K
}
Event: 4253.340 GC heap before
{Heap before GC invocations=5 (full 1):
 PSYoungGen      total 76288K, used 65536K [0x000000076ad80000, 0x0000000770280000, 0x00000007c0000000)
  eden space 65536K, 100% used [0x000000076ad80000,0x000000076ed80000,0x000000076ed80000)
  from space 10752K, 0% used [0x000000076ed80000,0x000000076ed80000,0x000000076f800000)
  to   space 10752K, 0% used [0x000000076f800000,0x000000076f800000,0x0000000770280000)
 ParOldGen       total 86016K, used 12114K [0x00000006c0800000, 0x00000006c5c00000, 0x000000076ad80000)
  object space 86016K, 14% used [0x00000006c0800000,0x00000006c13d48e0,0x00000006c5c00000)
 Metaspace       used 20702K, capacity 21198K, committed 21504K, reserved 1069056K
  class space    used 2580K, capacity 2704K, committed 2816K, reserved 1048576K
Event: 4253.356 GC heap after
Heap after GC invocations=5 (full 1):
 PSYoungGen      total 76288K, used 3136K [0x000000076ad80000, 0x0000000770280000, 0x00000007c0000000)
  eden space 65536K, 0% used [0x000000076ad80000,0x000000076ad80000,0x000000076ed80000)
  from space 10752K, 29% used [0x000000076f800000,0x000000076fb10360,0x0000000770280000)
  to   space 10752K, 0% used [0x000000076ed80000,0x000000076ed80000,0x000000076f800000)
 ParOldGen       total 86016K, used 12122K [0x00000006c0800000, 0x00000006c5c00000, 0x000000076ad80000)
  object space 86016K, 14% used [0x00000006c0800000,0x00000006c13d68e0,0x00000006c5c00000)
 Metaspace       used 20702K, capacity 21198K, committed 21504K, reserved 1069056K
  class space    used 2580K, capacity 2704K, committed 2816K, reserved 1048576K
}

Deoptimization events (10 events):
Event: 5781.142 Thread 0x000000001f8ea800 Uncommon trap: reason=class_check action=maybe_recompile pc=0x00000000025c435c method=sun.java2d.pipe.GlyphListPipe.drawString(Lsun/java2d/SunGraphics2D;Ljava/lang/String;DD)V @ 156
Event: 5781.142 Thread 0x000000001fa04000 Uncommon trap: reason=class_check action=maybe_recompile pc=0x0000000002ac280c method=sun.awt.windows.WComponentPeer.getBounds()Ljava/awt/Rectangle; @ 4
Event: 5781.152 Thread 0x000000001f8ea800 Uncommon trap: reason=unstable_if action=reinterpret pc=0x000000000267dd0c method=java.awt.EventQueue.getNextEventPrivate()Ljava/awt/AWTEvent; @ 45
Event: 5781.152 Thread 0x000000001f8ea800 Uncommon trap: reason=class_check action=maybe_recompile pc=0x000000000293d2d8 method=java.awt.event.InvocationEvent.dispatch()V @ 47
Event: 5781.152 Thread 0x000000001f8ea800 Uncommon trap: reason=unstable_if action=reinterpret pc=0x0000000002996a10 method=sun.awt.RepaintArea.add(Ljava/awt/Rectangle;I)V @ 40
Event: 5781.153 Thread 0x000000001f8ea800 Uncommon trap: reason=class_check action=maybe_recompile pc=0x0000000002ace2ac method=java.awt.EventQueue.getAccessControlContextFrom(Ljava/lang/Object;)Ljava/security/AccessControlContext; @ 8
Event: 5781.153 Thread 0x000000001f8ea800 Uncommon trap: reason=class_check action=maybe_recompile pc=0x000000000293d7cc method=java.awt.EventQueue.dispatchEventImpl(Ljava/awt/AWTEvent;Ljava/lang/Object;)V @ 30
Event: 5781.158 Thread 0x000000001f8ea800 Uncommon trap: reason=speculate_class_check action=maybe_recompile pc=0x0000000002662ae8 method=java.awt.Component.dispatchEventImpl(Ljava/awt/AWTEvent;)V @ 98
Event: 5781.160 Thread 0x000000001f8ea800 Uncommon trap: reason=class_check action=maybe_recompile pc=0x0000000002d24ea8 method=sun.awt.RepaintArea.paint(Ljava/lang/Object;Z)V @ 1
Event: 5781.160 Thread 0x000000001f8ea800 Uncommon trap: reason=unstable_if action=reinterpret pc=0x0000000002d24578 method=sun.awt.RepaintArea.paint(Ljava/lang/Object;Z)V @ 72

Classes redefined (0 events):
No events

Internal exceptions (10 events):
Event: 2.725 Thread 0x000000000229d800 Exception <a 'java/io/IOException'> (0x000000076c6701a0) thrown at [C:\re\workspace\8-2-build-windows-amd64-cygwin\jdk8u181\11358\hotspot\src\share\vm\prims\jni.cpp, line 709]
Event: 2.725 Thread 0x000000000229d800 Exception <a 'java/io/IOException'> (0x000000076c670410) thrown at [C:\re\workspace\8-2-build-windows-amd64-cygwin\jdk8u181\11358\hotspot\src\share\vm\prims\jni.cpp, line 709]
Event: 2.729 Thread 0x000000000229d800 Exception <a 'java/io/IOException'> (0x000000076cac9ad8) thrown at [C:\re\workspace\8-2-build-windows-amd64-cygwin\jdk8u181\11358\hotspot\src\share\vm\prims\jni.cpp, line 709]
Event: 2.729 Thread 0x000000000229d800 Exception <a 'java/io/IOException'> (0x000000076cac9d78) thrown at [C:\re\workspace\8-2-build-windows-amd64-cygwin\jdk8u181\11358\hotspot\src\share\vm\prims\jni.cpp, line 709]
Event: 2.729 Thread 0x000000000229d800 Exception <a 'java/io/IOException'> (0x000000076cac9fe8) thrown at [C:\re\workspace\8-2-build-windows-amd64-cygwin\jdk8u181\11358\hotspot\src\share\vm\prims\jni.cpp, line 709]
Event: 62.761 Thread 0x000000000229d800 Exception <a 'java/io/IOException'> (0x000000076caff800) thrown at [C:\re\workspace\8-2-build-windows-amd64-cygwin\jdk8u181\11358\hotspot\src\share\vm\prims\jni.cpp, line 709]
Event: 62.761 Thread 0x000000000229d800 Exception <a 'java/io/IOException'> (0x000000076caffaa0) thrown at [C:\re\workspace\8-2-build-windows-amd64-cygwin\jdk8u181\11358\hotspot\src\share\vm\prims\jni.cpp, line 709]
Event: 62.761 Thread 0x000000000229d800 Exception <a 'java/io/IOException'> (0x000000076caffd10) thrown at [C:\re\workspace\8-2-build-windows-amd64-cygwin\jdk8u181\11358\hotspot\src\share\vm\prims\jni.cpp, line 709]
Event: 62.762 Thread 0x000000002cfc9800 Implicit null exception at 0x0000000002c1e6e4 to 0x0000000002c1fcad
Event: 842.427 Thread 0x000000001f8ea800 Implicit null exception at 0x00000000026997d3 to 0x000000000269a595

Events (10 events):
Event: 5965.038 Executing VM operation: RevokeBias
Event: 5965.038 Executing VM operation: RevokeBias done
Event: 5965.038 Executing VM operation: RevokeBias
Event: 5965.038 Executing VM operation: RevokeBias done
Event: 5965.038 Executing VM operation: RevokeBias
Event: 5965.038 Executing VM operation: RevokeBias done
Event: 5965.038 Executing VM operation: RevokeBias
Event: 5965.038 Executing VM operation: RevokeBias done
Event: 5965.038 Thread 0x000000002cfcb000 Thread exited: 0x000000002cfcb000
Event: 5986.818 Thread 0x000000001d860000 flushing nmethod 0x0000000002a812d0


Dynamic libraries:
0x00007ff6653c0000 - 0x00007ff6653f7000 	C:\Program Files\Java\jre1.8.0_181\bin\java.exe
0x00007ffe34840000 - 0x00007ffe34a21000 	C:\WINDOWS\SYSTEM32\ntdll.dll
0x00007ffe34680000 - 0x00007ffe34732000 	C:\WINDOWS\System32\KERNEL32.DLL
0x00007ffe31560000 - 0x00007ffe317d3000 	C:\WINDOWS\System32\KERNELBASE.dll
0x00007ffe31f00000 - 0x00007ffe31fa1000 	C:\WINDOWS\System32\ADVAPI32.dll
0x00007ffe342f0000 - 0x00007ffe3438e000 	C:\WINDOWS\System32\msvcrt.dll
0x00007ffe329b0000 - 0x00007ffe32a0b000 	C:\WINDOWS\System32\sechost.dll
0x00007ffe340d0000 - 0x00007ffe341f4000 	C:\WINDOWS\System32\RPCRT4.dll
0x00007ffe34430000 - 0x00007ffe345c0000 	C:\WINDOWS\System32\USER32.dll
0x00007ffe31cb0000 - 0x00007ffe31cd0000 	C:\WINDOWS\System32\win32u.dll
0x00007ffe31ed0000 - 0x00007ffe31ef8000 	C:\WINDOWS\System32\GDI32.dll
0x00007ffe31320000 - 0x00007ffe314b2000 	C:\WINDOWS\System32\gdi32full.dll
0x00007ffe314c0000 - 0x00007ffe3155f000 	C:\WINDOWS\System32\msvcp_win.dll
0x00007ffe31bb0000 - 0x00007ffe31caa000 	C:\WINDOWS\System32\ucrtbase.dll
0x00007ffe263c0000 - 0x00007ffe26629000 	C:\WINDOWS\WinSxS\amd64_microsoft.windows.common-controls_6595b64144ccf1df_6.0.17134.407_none_fb449d63306391e9\COMCTL32.dll
0x00007ffe320b0000 - 0x00007ffe323d2000 	C:\WINDOWS\System32\combase.dll
0x00007ffe31b30000 - 0x00007ffe31baa000 	C:\WINDOWS\System32\bcryptPrimitives.dll
0x00007ffe34390000 - 0x00007ffe343bd000 	C:\WINDOWS\System32\IMM32.DLL
0x00000000527e0000 - 0x00000000528b2000 	C:\Program Files\Java\jre1.8.0_181\bin\msvcr100.dll
0x0000000052a90000 - 0x0000000053332000 	C:\Program Files\Java\jre1.8.0_181\bin\server\jvm.dll
0x00007ffe343c0000 - 0x00007ffe343c8000 	C:\WINDOWS\System32\PSAPI.DLL
0x00007ffe215d0000 - 0x00007ffe215d9000 	C:\WINDOWS\SYSTEM32\WSOCK32.dll
0x00007ffe2edb0000 - 0x00007ffe2edd3000 	C:\WINDOWS\SYSTEM32\WINMM.dll
0x00007ffe34280000 - 0x00007ffe342ec000 	C:\WINDOWS\System32\WS2_32.dll
0x00007ffe2b580000 - 0x00007ffe2b58a000 	C:\WINDOWS\SYSTEM32\VERSION.dll
0x00007ffe2ebb0000 - 0x00007ffe2ebda000 	C:\WINDOWS\SYSTEM32\WINMMBASE.dll
0x00007ffe31ae0000 - 0x00007ffe31b29000 	C:\WINDOWS\System32\cfgmgr32.dll
0x00000000529a0000 - 0x00000000529af000 	C:\Program Files\Java\jre1.8.0_181\bin\verify.dll
0x0000000052970000 - 0x0000000052999000 	C:\Program Files\Java\jre1.8.0_181\bin\java.dll
0x0000000052950000 - 0x0000000052966000 	C:\Program Files\Java\jre1.8.0_181\bin\zip.dll
0x00007ffe32c90000 - 0x00007ffe340cf000 	C:\WINDOWS\System32\SHELL32.dll
0x00007ffe345d0000 - 0x00007ffe34679000 	C:\WINDOWS\System32\shcore.dll
0x00007ffe30c10000 - 0x00007ffe3131d000 	C:\WINDOWS\System32\windows.storage.dll
0x00007ffe32050000 - 0x00007ffe320a1000 	C:\WINDOWS\System32\shlwapi.dll
0x00007ffe30bf0000 - 0x00007ffe30c01000 	C:\WINDOWS\System32\kernel.appcore.dll
0x00007ffe30b60000 - 0x00007ffe30b7f000 	C:\WINDOWS\System32\profapi.dll
0x00007ffe30b80000 - 0x00007ffe30bcc000 	C:\WINDOWS\System32\powrprof.dll
0x00007ffe30b50000 - 0x00007ffe30b5a000 	C:\WINDOWS\System32\FLTLIB.DLL
0x0000000052640000 - 0x00000000527d9000 	C:\Program Files\Java\jre1.8.0_181\bin\awt.dll
0x00007ffe34740000 - 0x00007ffe34802000 	C:\WINDOWS\System32\OLEAUT32.dll
0x00007ffe2eed0000 - 0x00007ffe2ef5b000 	C:\WINDOWS\SYSTEM32\apphelp.dll
0x00007ffe2f050000 - 0x00007ffe2f0e8000 	C:\WINDOWS\system32\uxtheme.dll
0x00007ffe32830000 - 0x00007ffe329a3000 	C:\WINDOWS\System32\MSCTF.dll
0x00007ffe2f230000 - 0x00007ffe2f259000 	C:\WINDOWS\system32\dwmapi.dll
0x00007ffe32b30000 - 0x00007ffe32c81000 	C:\WINDOWS\System32\ole32.dll
0x00000000528e0000 - 0x0000000052904000 	C:\Program Files\Java\jre1.8.0_181\bin\sunec.dll
0x0000000052930000 - 0x000000005294a000 	C:\Program Files\Java\jre1.8.0_181\bin\net.dll
0x00007ffe30370000 - 0x00007ffe303d6000 	C:\WINDOWS\system32\mswsock.dll
0x00007ffe300f0000 - 0x00007ffe30128000 	C:\WINDOWS\SYSTEM32\IPHLPAPI.DLL
0x00007ffe32a10000 - 0x00007ffe32a18000 	C:\WINDOWS\System32\NSI.dll
0x00007ffe2b7d0000 - 0x00007ffe2b7e6000 	C:\WINDOWS\SYSTEM32\dhcpcsvc6.DLL
0x00007ffe2b790000 - 0x00007ffe2b7aa000 	C:\WINDOWS\SYSTEM32\dhcpcsvc.DLL
0x0000000052910000 - 0x0000000052921000 	C:\Program Files\Java\jre1.8.0_181\bin\nio.dll
0x00007ffe0ad50000 - 0x00007ffe0ae70000 	C:\WINDOWS\system32\opengl32.dll
0x00007ffe1bdf0000 - 0x00007ffe1be1c000 	C:\WINDOWS\SYSTEM32\GLU32.dll
0x00007ffe29500000 - 0x00007ffe29697000 	C:\WINDOWS\system32\d3d9.dll
0x00007ffe2a290000 - 0x00007ffe2a37b000 	C:\WINDOWS\System32\DriverStore\FileRepository\nv_dispi.inf_amd64_040c7acb04cee565\nvldumdx.dll
0x00007ffe318f0000 - 0x00007ffe31ad2000 	C:\WINDOWS\System32\crypt32.dll
0x00007ffe30bd0000 - 0x00007ffe30be2000 	C:\WINDOWS\System32\MSASN1.dll
0x00007ffe31890000 - 0x00007ffe318e7000 	C:\WINDOWS\System32\WINTRUST.DLL
0x00007ffe32a20000 - 0x00007ffe32a3d000 	C:\WINDOWS\System32\imagehlp.dll
0x00007ffe30530000 - 0x00007ffe30547000 	C:\WINDOWS\SYSTEM32\CRYPTSP.dll
0x00007ffe2ff50000 - 0x00007ffe2ff83000 	C:\WINDOWS\system32\rsaenh.dll
0x00007ffe30650000 - 0x00007ffe30675000 	C:\WINDOWS\SYSTEM32\bcrypt.dll
0x00007ffe30520000 - 0x00007ffe3052b000 	C:\WINDOWS\SYSTEM32\CRYPTBASE.dll
0x00007ffde3f50000 - 0x00007ffde5188000 	C:\WINDOWS\System32\DriverStore\FileRepository\nv_dispi.inf_amd64_040c7acb04cee565\nvd3dumx.dll
0x00007ffdfa220000 - 0x00007ffdfa464000 	C:\WINDOWS\system32\nvspcap64.dll
0x00007ffe2fc70000 - 0x00007ffe2fca1000 	C:\WINDOWS\SYSTEM32\ntmarta.dll
0x00007ffe2f890000 - 0x00007ffe2f8b2000 	C:\WINDOWS\SYSTEM32\gpapi.dll
0x00007ffe2b310000 - 0x00007ffe2b33e000 	C:\WINDOWS\SYSTEM32\cryptnet.dll
0x00000000525f0000 - 0x0000000052637000 	C:\Program Files\Java\jre1.8.0_181\bin\fontmanager.dll
0x00007ffe31fb0000 - 0x00007ffe32050000 	C:\WINDOWS\System32\clbcatq.dll
0x00007ffe2a8b0000 - 0x00007ffe2aa5e000 	C:\WINDOWS\SYSTEM32\WindowsCodecs.dll
0x00007ffe13280000 - 0x00007ffe132d8000 	C:\WINDOWS\system32\dataexchange.dll
0x00007ffe2e590000 - 0x00007ffe2e72c000 	C:\WINDOWS\system32\dcomp.dll
0x00007ffe2d680000 - 0x00007ffe2d98b000 	C:\WINDOWS\system32\d3d11.dll
0x00007ffe2f910000 - 0x00007ffe2f9cb000 	C:\WINDOWS\system32\dxgi.dll
0x00007ffe2f420000 - 0x00007ffe2f5d8000 	C:\WINDOWS\system32\twinapi.appcore.dll
0x00007ffe2f3c0000 - 0x00007ffe2f3e1000 	C:\WINDOWS\system32\RMCLIENT.dll
0x00000000525a0000 - 0x00000000525e2000 	C:\Program Files\Java\jre1.8.0_181\bin\t2k.dll
0x00007ffe30a80000 - 0x00007ffe30aa8000 	C:\WINDOWS\SYSTEM32\USERENV.dll
0x00007ffe10800000 - 0x00007ffe10816000 	C:\WINDOWS\system32\napinsp.dll
0x00007ffe107e0000 - 0x00007ffe107fa000 	C:\WINDOWS\system32\pnrpnsp.dll
0x00007ffe2e570000 - 0x00007ffe2e589000 	C:\WINDOWS\system32\NLAapi.dll
0x00007ffe30130000 - 0x00007ffe301ee000 	C:\WINDOWS\SYSTEM32\DNSAPI.dll
0x00007ffe10770000 - 0x00007ffe1077e000 	C:\WINDOWS\System32\winrnr.dll
0x00007ffe115a0000 - 0x00007ffe115b5000 	C:\WINDOWS\System32\wshbth.dll
0x00007ffe29a40000 - 0x00007ffe29ab2000 	C:\WINDOWS\System32\fwpuclnt.dll
0x00007ffe29750000 - 0x00007ffe2975a000 	C:\Windows\System32\rasadhlp.dll
0x00000000528d0000 - 0x00000000528db000 	C:\Program Files\Java\jre1.8.0_181\bin\sunmscapi.dll
0x00000000528c0000 - 0x00000000528cd000 	C:\Program Files\Java\jre1.8.0_181\bin\management.dll

VM Arguments:
jvm_args: -Xbootclasspath/p:C:\Users\William Holmberg\OSBot\Data\filter_72cdb86.jar -XX:+DisableAttachMechanism 
java_command: org.osbot.BotApplication 0,1,0,4soctcactus421@gmail.com:ugot00wned2:1234,NEX:ugot00wned2_,160,0,0,1,0,0,null
java_class_path (initial): /C:/Users/William Holmberg/eclipse-workspace/NexusDesktop/osbot.jar;/C:/Users/William Holmberg/eclipse-workspace/NexusDesktop/osbot.jar
Launcher Type: SUN_STANDARD

Environment Variables:
PATH=C:/Program Files/Java/jre1.8.0_181/bin/server;C:/Program Files/Java/jre1.8.0_181/bin;C:/Program Files/Java/jre1.8.0_181/lib/amd64;C:\Program Files (x86)\Common Files\Oracle\Java\javapath;C:\Program Files (x86)\Intel\iCLS Client\;C:\Program Files\Intel\iCLS Client\;C:\WINDOWS\system32;C:\WINDOWS;C:\WINDOWS\System32\Wbem;C:\WINDOWS\System32\WindowsPowerShell\v1.0\;C:\WINDOWS\System32\OpenSSH\;C:\Program Files (x86)\NVIDIA Corporation\PhysX\Common;C:\Program Files (x86)\Intel\Intel(R) Management Engine Components\DAL;C:\Program Files\Intel\Intel(R) Management Engine Components\DAL;C:\Program Files (x86)\Intel\Intel(R) Management Engine Components\IPT;C:\Program Files\Intel\Intel(R) Management Engine Components\IPT;C:\Users\William Holmberg\AppData\Local\Microsoft\WindowsApps;C:\Users\William Holmberg\AppData\Local\GitHubDesktop\bin;C:\WINDOWS\system32;
USERNAME=William Holmberg
OS=Windows_NT
PROCESSOR_IDENTIFIER=Intel64 Family 6 Model 158 Stepping 10, GenuineIntel



---------------  S Y S T E M  ---------------

OS: Windows 10.0 , 64 bit Build 17134 (10.0.17134.1)

CPU:total 12 (initial active 12) (6 cores per cpu, 2 threads per core) family 6 model 158 stepping 10, cmov, cx8, fxsr, mmx, sse, sse2, sse3, ssse3, sse4.1, sse4.2, popcnt, avx, avx2, aes, clmul, erms, rtm, 3dnowpref, lzcnt, ht, tsc, tscinvbit, bmi1, bmi2, adx

Memory: 4k page, physical 16736684k(620752k free), swap 45909140k(676k free)

vm_info: Java HotSpot(TM) 64-Bit Server VM (25.181-b13) for windows-amd64 JRE (1.8.0_181-b13), built on Jul  7 2018 04:01:33 by "java_re" with MS VC++ 10.0 (VS2010)

time: Thu Dec 06 18:44:24 2018
elapsed time: 5995 seconds (0d 1h 39m 55s)

