#
# There is insufficient memory for the Java Runtime Environment to continue.
# Native memory allocation (malloc) failed to allocate 1048576 bytes for AllocateHeap
# Possible reasons:
#   The system is out of physical RAM or swap space
#   In 32 bit mode, the process size limit was hit
# Possible solutions:
#   Reduce memory load on the system
#   Increase physical memory or swap space
#   Check if swap backing store is full
#   Use 64 bit Java on a 64 bit OS
#   Decrease Java heap size (-Xmx/-Xms)
#   Decrease number of Java threads
#   Decrease Java thread stack sizes (-Xss)
#   Set larger code cache with -XX:ReservedCodeCacheSize=
# This output file may be truncated or incomplete.
#
#  Out of Memory Error (memory/allocation.inline.hpp:61), pid=13844, tid=0x0000000000003fec
#
# JRE version:  (8.0_181-b13) (build )
# Java VM: Java HotSpot(TM) 64-Bit Server VM (25.181-b13 mixed mode windows-amd64 compressed oops)
# Failed to write core dump. Minidumps are not enabled by default on client versions of Windows
#

---------------  T H R E A D  ---------------

Current thread (0x00000000025b1000):  JavaThread "Unknown thread" [_thread_in_vm, id=16364, stack(0x00000000023e0000,0x00000000024e0000)]

Stack: [0x00000000023e0000,0x00000000024e0000]
[error occurred during error reporting (printing stack bounds), id 0xc0000005]

Native frames: (J=compiled Java code, j=interpreted, Vv=VM code, C=native code)


---------------  P R O C E S S  ---------------

Java Threads: ( => current thread )

Other Threads:

=>0x00000000025b1000 (exited) JavaThread "Unknown thread" [_thread_in_vm, id=16364, stack(0x00000000023e0000,0x00000000024e0000)]

VM state:not at safepoint (normal execution)

VM Mutex/Monitor currently owned by a thread: None

Heap:
 PSYoungGen      total 76288K, used 1310K [0x000000076ad80000, 0x0000000770280000, 0x00000007c0000000)
  eden space 65536K, 2% used [0x000000076ad80000,0x000000076aec7af0,0x000000076ed80000)
  from space 10752K, 0% used [0x000000076f800000,0x000000076f800000,0x0000000770280000)
  to   space 10752K, 0% used [0x000000076ed80000,0x000000076ed80000,0x000000076f800000)
 ParOldGen       total 175104K, used 0K [0x00000006c0800000, 0x00000006cb300000, 0x000000076ad80000)
  object space 175104K, 0% used [0x00000006c0800000,0x00000006c0800000,0x00000006cb300000)
 Metaspace       used 751K, capacity 4480K, committed 4480K, reserved 1056768K
  class space    used 76K, capacity 384K, committed 384K, reserved 1048576K

Card table byte_map: [0x0000000011a70000,0x0000000012270000] byte_map_base: 0x000000000e46c000

Marking Bits: (ParMarkBitMap*) 0x00000000714c2d00
 Begin Bits: [0x00000000131d0000, 0x00000000171b0000)
 End Bits:   [0x00000000171b0000, 0x000000001b190000)

Polling page: 0x0000000000a70000

CodeCache: size=245760Kb used=328Kb max_used=328Kb free=245431Kb
 bounds [0x00000000026b0000, 0x0000000002920000, 0x00000000116b0000]
 total_blobs=58 nmethods=0 adapters=38
 compilation: enabled

Compilation events (0 events):
No events

GC Heap History (0 events):
No events

Deoptimization events (0 events):
No events

Classes redefined (0 events):
No events

Internal exceptions (0 events):
No events

Events (10 events):
Event: 0.024 loading class java/lang/Short
Event: 0.024 loading class java/lang/Short done
Event: 0.024 loading class java/lang/Integer
Event: 0.024 loading class java/lang/Integer done
Event: 0.024 loading class java/lang/Long
Event: 0.024 loading class java/lang/Long done
Event: 0.024 loading class java/lang/NullPointerException
Event: 0.024 loading class java/lang/NullPointerException done
Event: 0.024 loading class java/lang/ArithmeticException
Event: 0.024 loading class java/lang/ArithmeticException done


Dynamic libraries:
0x00007ff78bfd0000 - 0x00007ff78c007000 	C:\Program Files\Java\jre1.8.0_181\bin\java.exe
0x00007ffa01be0000 - 0x00007ffa01dc1000 	C:\WINDOWS\SYSTEM32\ntdll.dll
0x00007ffa00360000 - 0x00007ffa00412000 	C:\WINDOWS\System32\KERNEL32.DLL
0x00007ff9fdfb0000 - 0x00007ff9fe223000 	C:\WINDOWS\System32\KERNELBASE.dll
0x00007ff9ff4d0000 - 0x00007ff9ff571000 	C:\WINDOWS\System32\ADVAPI32.dll
0x00007ffa01b10000 - 0x00007ffa01bae000 	C:\WINDOWS\System32\msvcrt.dll
0x00007ffa00650000 - 0x00007ffa006ab000 	C:\WINDOWS\System32\sechost.dll
0x00007ff9ff7b0000 - 0x00007ff9ff8d4000 	C:\WINDOWS\System32\RPCRT4.dll
0x00007ff9ffaa0000 - 0x00007ff9ffc30000 	C:\WINDOWS\System32\USER32.dll
0x00007ff9fe6c0000 - 0x00007ff9fe6e0000 	C:\WINDOWS\System32\win32u.dll
0x00007ff9ff580000 - 0x00007ff9ff5a8000 	C:\WINDOWS\System32\GDI32.dll
0x00007ff9fe230000 - 0x00007ff9fe3c2000 	C:\WINDOWS\System32\gdi32full.dll
0x00007ff9fe730000 - 0x00007ff9fe7cf000 	C:\WINDOWS\System32\msvcp_win.dll
0x00007ff9fe5c0000 - 0x00007ff9fe6ba000 	C:\WINDOWS\System32\ucrtbase.dll
0x00007ff9e8960000 - 0x00007ff9e8bc9000 	C:\WINDOWS\WinSxS\amd64_microsoft.windows.common-controls_6595b64144ccf1df_6.0.17134.407_none_fb449d63306391e9\COMCTL32.dll
0x00007ff9ff1a0000 - 0x00007ff9ff4c2000 	C:\WINDOWS\System32\combase.dll
0x00007ff9fef40000 - 0x00007ff9fefba000 	C:\WINDOWS\System32\bcryptPrimitives.dll
0x00007ffa000f0000 - 0x00007ffa0011d000 	C:\WINDOWS\System32\IMM32.DLL
0x00000000705f0000 - 0x00000000706c2000 	C:\Program Files\Java\jre1.8.0_181\bin\msvcr100.dll
0x0000000070ca0000 - 0x0000000071542000 	C:\Program Files\Java\jre1.8.0_181\bin\server\jvm.dll
0x00007ff9ffa90000 - 0x00007ff9ffa98000 	C:\WINDOWS\System32\PSAPI.DLL
0x00007ff9f8d40000 - 0x00007ff9f8d4a000 	C:\WINDOWS\SYSTEM32\VERSION.dll
0x00007ff9f03d0000 - 0x00007ff9f03d9000 	C:\WINDOWS\SYSTEM32\WSOCK32.dll
0x00007ff9fb780000 - 0x00007ff9fb7a3000 	C:\WINDOWS\SYSTEM32\WINMM.dll
0x00007ffa00080000 - 0x00007ffa000ec000 	C:\WINDOWS\System32\WS2_32.dll
0x00007ff9fb750000 - 0x00007ff9fb77a000 	C:\WINDOWS\SYSTEM32\WINMMBASE.dll
0x00007ff9fe6e0000 - 0x00007ff9fe729000 	C:\WINDOWS\System32\cfgmgr32.dll
0x0000000070bb0000 - 0x0000000070bbf000 	C:\Program Files\Java\jre1.8.0_181\bin\verify.dll
0x0000000070b80000 - 0x0000000070ba9000 	C:\Program Files\Java\jre1.8.0_181\bin\java.dll
0x0000000070b60000 - 0x0000000070b76000 	C:\Program Files\Java\jre1.8.0_181\bin\zip.dll

VM Arguments:
java_command: ./osbot.jar -Xmx750m -allow norandoms -proxy : : : -login wavh:Lifeosbotbook123 -bot dark pk plox:ugot00wned2:1234 -world 422 -script NEX:ugot00wned2_
java_class_path (initial): ./osbot.jar
Launcher Type: SUN_STANDARD

Environment Variables:
PATH=C:/Program Files/Java/jre1.8.0_181/bin/server;C:/Program Files/Java/jre1.8.0_181/bin;C:/Program Files/Java/jre1.8.0_181/lib/amd64;C:\Program Files (x86)\Common Files\Oracle\Java\javapath;C:\Program Files (x86)\Intel\iCLS Client\;C:\Program Files\Intel\iCLS Client\;C:\WINDOWS\system32;C:\WINDOWS;C:\WINDOWS\System32\Wbem;C:\WINDOWS\System32\WindowsPowerShell\v1.0\;C:\WINDOWS\System32\OpenSSH\;C:\Program Files (x86)\NVIDIA Corporation\PhysX\Common;C:\Program Files (x86)\Intel\Intel(R) Management Engine Components\DAL;C:\Program Files\Intel\Intel(R) Management Engine Components\DAL;C:\Program Files (x86)\Intel\Intel(R) Management Engine Components\IPT;C:\Program Files\Intel\Intel(R) Management Engine Components\IPT;C:\Users\William Holmberg\AppData\Local\Microsoft\WindowsApps;C:\Users\William Holmberg\AppData\Local\GitHubDesktop\bin;C:\WINDOWS\system32;
USERNAME=William Holmberg
OS=Windows_NT
PROCESSOR_IDENTIFIER=Intel64 Family 6 Model 158 Stepping 10, GenuineIntel



---------------  S Y S T E M  ---------------

OS: Windows 10.0 , 64 bit Build 17134 (10.0.17134.1)

CPU:total 12 (initial active 12) (6 cores per cpu, 2 threads per core) family 6 model 158 stepping 10, cmov, cx8, fxsr, mmx, sse, sse2, sse3, ssse3, sse4.1, sse4.2, popcnt, avx, avx2, aes, clmul, erms, rtm, 3dnowpref, lzcnt, ht, tsc, tscinvbit, bmi1, bmi2, adx

Memory: 4k page, physical 16736684k(2371112k free), swap 45909140k(5284k free)

vm_info: Java HotSpot(TM) 64-Bit Server VM (25.181-b13) for windows-amd64 JRE (1.8.0_181-b13), built on Jul  7 2018 04:01:33 by "java_re" with MS VC++ 10.0 (VS2010)

time: Wed Nov 21 06:00:21 2018
elapsed time: 0 seconds (0d 0h 0m 0s)

