#
# There is insufficient memory for the Java Runtime Environment to continue.
# Native memory allocation (malloc) failed to allocate 1071776 bytes for Chunk::new
# Possible reasons:
#   The system is out of physical RAM or swap space
#   In 32 bit mode, the process size limit was hit
# Possible solutions:
#   Reduce memory load on the system
#   Increase physical memory or swap space
#   Check if swap backing store is full
#   Use 64 bit Java on a 64 bit OS
#   Decrease Java heap size (-Xmx/-Xms)
#   Decrease number of Java threads
#   Decrease Java thread stack sizes (-Xss)
#   Set larger code cache with -XX:ReservedCodeCacheSize=
# This output file may be truncated or incomplete.
#
#  Out of Memory Error (allocation.cpp:390), pid=18700, tid=0x000000000000186c
#
# JRE version: Java(TM) SE Runtime Environment (8.0_181-b13) (build 1.8.0_181-b13)
# Java VM: Java HotSpot(TM) 64-Bit Server VM (25.181-b13 mixed mode windows-amd64 compressed oops)
# Failed to write core dump. Minidumps are not enabled by default on client versions of Windows
#

---------------  T H R E A D  ---------------

Current thread (0x000000001e73c800):  JavaThread "C2 CompilerThread1" daemon [_thread_in_native, id=6252, stack(0x000000001fd90000,0x000000001fe90000)]

Stack: [0x000000001fd90000,0x000000001fe90000]
[error occurred during error reporting (printing stack bounds), id 0xc0000005]

Native frames: (J=compiled Java code, j=interpreted, Vv=VM code, C=native code)


Current CompileTask:
C2:12728334 11812   !   4       sun.net.www.protocol.https.HttpsClient::afterConnect (362 bytes)


---------------  P R O C E S S  ---------------

Java Threads: ( => current thread )
  0x000000002fea0800 JavaThread "Keep-Alive-Timer" daemon [_thread_blocked, id=7992, stack(0x000000006e940000,0x000000006ea40000)]
  0x000000002fea0000 JavaThread "Event Executor [Bot: 1, #100]" [_thread_blocked, id=26028, stack(0x000000006d740000,0x000000006d840000)]
  0x000000002dfee800 JavaThread "Thread-24" daemon [_thread_blocked, id=25792, stack(0x0000000063740000,0x0000000063840000)]
  0x000000002dfec000 JavaThread "Thread-23" daemon [_thread_in_native, id=18004, stack(0x0000000063640000,0x0000000063740000)]
  0x00000000206f8800 JavaThread "Script Executor" [_thread_blocked, id=6860, stack(0x000000003c920000,0x000000003ca20000)]
  0x00000000206f9000 JavaThread "Thread-20" [_thread_blocked, id=7692, stack(0x000000003c820000,0x000000003c920000)]
  0x00000000206fa000 JavaThread "pool-15-thread-1" [_thread_blocked, id=16024, stack(0x000000003c720000,0x000000003c820000)]
  0x00000000206ff000 JavaThread "pool-14-thread-1" [_thread_blocked, id=15620, stack(0x000000003c620000,0x000000003c720000)]
  0x00000000206fb800 JavaThread "Thread-18" daemon [_thread_blocked, id=17500, stack(0x0000000034310000,0x0000000034410000)]
  0x000000002dfea800 JavaThread "pool-5-thread-1" [_thread_blocked, id=10360, stack(0x0000000033d10000,0x0000000033e10000)]
  0x000000002fe9d000 JavaThread "DestroyJavaVM" [_thread_blocked, id=12896, stack(0x00000000030b0000,0x00000000031b0000)]
  0x000000002fea2000 JavaThread "Thread-14" daemon [_thread_blocked, id=15328, stack(0x0000000033710000,0x0000000033810000)]
  0x000000002fe9f000 JavaThread "pool-4-thread-1" [_thread_blocked, id=18540, stack(0x0000000033210000,0x0000000033310000)]
  0x000000002fea1800 JavaThread "Java Sound Event Dispatcher" daemon [_thread_blocked, id=19312, stack(0x0000000032f10000,0x0000000033010000)]
  0x000000002dfeb800 JavaThread "Thread-9" daemon [_thread_blocked, id=17664, stack(0x0000000032710000,0x0000000032810000)]
  0x000000002dff1800 JavaThread "Thread-7" daemon [_thread_in_Java, id=19560, stack(0x0000000032510000,0x0000000032610000)]
  0x000000002dff0800 JavaThread "Thread-6" daemon [_thread_blocked, id=3812, stack(0x0000000032410000,0x0000000032510000)]
  0x00000000209d7800 JavaThread "D3D Screen Updater" daemon [_thread_blocked, id=11708, stack(0x000000002da20000,0x000000002db20000)]
  0x000000002097e800 JavaThread "TimerQueue" daemon [_thread_blocked, id=13232, stack(0x000000002d520000,0x000000002d620000)]
  0x000000002089b800 JavaThread "AWT-EventQueue-0" [_thread_blocked, id=4884, stack(0x000000002c710000,0x000000002c810000)]
  0x00000000205e8800 JavaThread "Thread-1" [_thread_blocked, id=13520, stack(0x00000000218d0000,0x00000000219d0000)]
  0x0000000020522000 JavaThread "AWT-Windows" daemon [_thread_in_native, id=6476, stack(0x0000000020e40000,0x0000000020f40000)]
  0x0000000020461800 JavaThread "AWT-Shutdown" [_thread_blocked, id=11852, stack(0x0000000020d40000,0x0000000020e40000)]
  0x0000000020460800 JavaThread "Java2D Disposer" daemon [_thread_blocked, id=8168, stack(0x0000000020c40000,0x0000000020d40000)]
  0x000000001e7e1000 JavaThread "Service Thread" daemon [_thread_blocked, id=9404, stack(0x0000000020090000,0x0000000020190000)]
  0x000000001e7a3800 JavaThread "C1 CompilerThread3" daemon [_thread_blocked, id=20432, stack(0x000000001ff90000,0x0000000020090000)]
  0x000000001e77a000 JavaThread "C2 CompilerThread2" daemon [_thread_blocked, id=16356, stack(0x000000001fe90000,0x000000001ff90000)]
=>0x000000001e73c800 JavaThread "C2 CompilerThread1" daemon [_thread_in_native, id=6252, stack(0x000000001fd90000,0x000000001fe90000)]
  0x000000001e746800 JavaThread "C2 CompilerThread0" daemon [_thread_blocked, id=14732, stack(0x000000001fc90000,0x000000001fd90000)]
  0x000000001e744000 JavaThread "Signal Dispatcher" daemon [_thread_blocked, id=8892, stack(0x000000001fb90000,0x000000001fc90000)]
  0x000000001e733000 JavaThread "Finalizer" daemon [_thread_blocked, id=13660, stack(0x000000001f990000,0x000000001fa90000)]
  0x000000001d06c800 JavaThread "Reference Handler" daemon [_thread_blocked, id=9348, stack(0x000000001f890000,0x000000001f990000)]

Other Threads:
  0x000000001d066800 VMThread [stack: 0x000000001f790000,0x000000001f890000] [id=17632]
  0x000000001e7e3000 WatcherThread [stack: 0x0000000020190000,0x0000000020290000] [id=9552]

VM state:not at safepoint (normal execution)

VM Mutex/Monitor currently owned by a thread: None

Heap:
 PSYoungGen      total 544768K, used 113382K [0x000000076ad80000, 0x000000078f580000, 0x00000007c0000000)
  eden space 494080K, 22% used [0x000000076ad80000,0x000000077188f168,0x0000000789000000)
  from space 50688K, 7% used [0x000000078c280000,0x000000078c62a6f8,0x000000078f400000)
  to   space 51712K, 0% used [0x0000000789000000,0x0000000789000000,0x000000078c280000)
 ParOldGen       total 723968K, used 455109K [0x00000006c0800000, 0x00000006ecb00000, 0x000000076ad80000)
  object space 723968K, 62% used [0x00000006c0800000,0x00000006dc471448,0x00000006ecb00000)
 Metaspace       used 34218K, capacity 34985K, committed 35840K, reserved 1081344K
  class space    used 3439K, capacity 3626K, committed 3840K, reserved 1048576K

Card table byte_map: [0x0000000012760000,0x0000000012f60000] byte_map_base: 0x000000000f15c000

Marking Bits: (ParMarkBitMap*) 0x00000000532b2d00
 Begin Bits: [0x0000000013ec0000, 0x0000000017ea0000)
 End Bits:   [0x0000000017ea0000, 0x000000001be80000)

Polling page: 0x00000000018d0000

CodeCache: size=245760Kb used=47393Kb max_used=47461Kb free=198367Kb
 bounds [0x00000000033a0000, 0x00000000062d0000, 0x00000000123a0000]
 total_blobs=8498 nmethods=7790 adapters=618
 compilation: enabled

Compilation events (10 events):
Event: 12631.172 Thread 0x000000001e7a3800 nmethod 11807 0x0000000005ee9ad0 code [0x0000000005ee9d60, 0x0000000005eeade8]
Event: 12691.297 Thread 0x000000001e746800 11808       4       sun.net.www.protocol.http.HttpURLConnection$5::run (5 bytes)
Event: 12691.298 Thread 0x000000001e746800 nmethod 11808 0x0000000005ee94d0 code [0x0000000005ee9640, 0x0000000005ee97f8]
Event: 12691.478 Thread 0x000000001e73c800 11809       4       sun.net.www.HeaderParser::parse (561 bytes)
Event: 12691.479 Thread 0x000000001e73c800 nmethod 11809 0x00000000041b5b90 code [0x00000000041b5cc0, 0x00000000041b5d38]
Event: 12726.830 Thread 0x000000001e77a000 11810   !   4       sun.net.www.protocol.http.HttpURLConnection::<init> (244 bytes)
Event: 12726.844 Thread 0x000000001e77a000 nmethod 11810 0x0000000004c55c50 code [0x0000000004c55e40, 0x0000000004c56888]
Event: 12726.881 Thread 0x000000001e746800 11811       4       sun.net.www.protocol.https.AbstractDelegateHttpsURLConnection::getNewHttpClient (17 bytes)
Event: 12726.881 Thread 0x000000001e73c800 11812   !   4       sun.net.www.protocol.https.HttpsClient::afterConnect (362 bytes)
Event: 12726.882 Thread 0x000000001e746800 nmethod 11811 0x0000000005934650 code [0x00000000059347a0, 0x0000000005934868]

GC Heap History (10 events):
Event: 12563.240 GC heap before
{Heap before GC invocations=1455 (full 5):
 PSYoungGen      total 538624K, used 517923K [0x000000076ad80000, 0x000000078e980000, 0x00000007c0000000)
  eden space 493056K, 100% used [0x000000076ad80000,0x0000000788f00000,0x0000000788f00000)
  from space 45568K, 54% used [0x0000000788f00000,0x000000078a748e28,0x000000078bb80000)
  to   space 45568K, 0% used [0x000000078bd00000,0x000000078bd00000,0x000000078e980000)
 ParOldGen       total 723968K, used 431715K [0x00000006c0800000, 0x00000006ecb00000, 0x000000076ad80000)
  object space 723968K, 59% used [0x00000006c0800000,0x00000006dad98d18,0x00000006ecb00000)
 Metaspace       used 34213K, capacity 34985K, committed 35840K, reserved 1081344K
  class space    used 3439K, capacity 3626K, committed 3840K, reserved 1048576K
Event: 12563.265 GC heap after
Heap after GC invocations=1455 (full 5):
 PSYoungGen      total 540160K, used 22764K [0x000000076ad80000, 0x000000078e980000, 0x00000007c0000000)
  eden space 494592K, 0% used [0x000000076ad80000,0x000000076ad80000,0x0000000789080000)
  from space 45568K, 49% used [0x000000078bd00000,0x000000078d33b178,0x000000078e980000)
  to   space 45568K, 0% used [0x0000000789080000,0x0000000789080000,0x000000078bd00000)
 ParOldGen       total 723968K, used 434315K [0x00000006c0800000, 0x00000006ecb00000, 0x000000076ad80000)
  object space 723968K, 59% used [0x00000006c0800000,0x00000006db022c58,0x00000006ecb00000)
 Metaspace       used 34213K, capacity 34985K, committed 35840K, reserved 1081344K
  class space    used 3439K, capacity 3626K, committed 3840K, reserved 1048576K
}
Event: 12599.547 GC heap before
{Heap before GC invocations=1456 (full 5):
 PSYoungGen      total 540160K, used 517356K [0x000000076ad80000, 0x000000078e980000, 0x00000007c0000000)
  eden space 494592K, 100% used [0x000000076ad80000,0x0000000789080000,0x0000000789080000)
  from space 45568K, 49% used [0x000000078bd00000,0x000000078d33b178,0x000000078e980000)
  to   space 45568K, 0% used [0x0000000789080000,0x0000000789080000,0x000000078bd00000)
 ParOldGen       total 723968K, used 434318K [0x00000006c0800000, 0x00000006ecb00000, 0x000000076ad80000)
  object space 723968K, 59% used [0x00000006c0800000,0x00000006db0238c0,0x00000006ecb00000)
 Metaspace       used 34217K, capacity 34985K, committed 35840K, reserved 1081344K
  class space    used 3439K, capacity 3626K, committed 3840K, reserved 1048576K
Event: 12599.560 GC heap after
Heap after GC invocations=1456 (full 5):
 PSYoungGen      total 540160K, used 22580K [0x000000076ad80000, 0x000000078eb00000, 0x00000007c0000000)
  eden space 494592K, 0% used [0x000000076ad80000,0x000000076ad80000,0x0000000789080000)
  from space 45568K, 49% used [0x0000000789080000,0x000000078a68d370,0x000000078bd00000)
  to   space 45568K, 0% used [0x000000078be80000,0x000000078be80000,0x000000078eb00000)
 ParOldGen       total 723968K, used 434462K [0x00000006c0800000, 0x00000006ecb00000, 0x000000076ad80000)
  object space 723968K, 60% used [0x00000006c0800000,0x00000006db0478c0,0x00000006ecb00000)
 Metaspace       used 34217K, capacity 34985K, committed 35840K, reserved 1081344K
  class space    used 3439K, capacity 3626K, committed 3840K, reserved 1048576K
}
Event: 12642.739 GC heap before
{Heap before GC invocations=1457 (full 5):
 PSYoungGen      total 540160K, used 517172K [0x000000076ad80000, 0x000000078eb00000, 0x00000007c0000000)
  eden space 494592K, 100% used [0x000000076ad80000,0x0000000789080000,0x0000000789080000)
  from space 45568K, 49% used [0x0000000789080000,0x000000078a68d370,0x000000078bd00000)
  to   space 45568K, 0% used [0x000000078be80000,0x000000078be80000,0x000000078eb00000)
 ParOldGen       total 723968K, used 434462K [0x00000006c0800000, 0x00000006ecb00000, 0x000000076ad80000)
  object space 723968K, 60% used [0x00000006c0800000,0x00000006db0478c0,0x00000006ecb00000)
 Metaspace       used 34218K, capacity 34985K, committed 35840K, reserved 1081344K
  class space    used 3439K, capacity 3626K, committed 3840K, reserved 1048576K
Event: 12642.798 GC heap after
Heap after GC invocations=1457 (full 5):
 PSYoungGen      total 538624K, used 3214K [0x000000076ad80000, 0x000000078f200000, 0x00000007c0000000)
  eden space 493056K, 0% used [0x000000076ad80000,0x000000076ad80000,0x0000000788f00000)
  from space 45568K, 7% used [0x000000078be80000,0x000000078c1a3a90,0x000000078eb00000)
  to   space 48640K, 0% used [0x0000000788f00000,0x0000000788f00000,0x000000078be80000)
 ParOldGen       total 723968K, used 454248K [0x00000006c0800000, 0x00000006ecb00000, 0x000000076ad80000)
  object space 723968K, 62% used [0x00000006c0800000,0x00000006dc39a170,0x00000006ecb00000)
 Metaspace       used 34218K, capacity 34985K, committed 35840K, reserved 1081344K
  class space    used 3439K, capacity 3626K, committed 3840K, reserved 1048576K
}
Event: 12676.726 GC heap before
{Heap before GC invocations=1458 (full 5):
 PSYoungGen      total 538624K, used 496270K [0x000000076ad80000, 0x000000078f200000, 0x00000007c0000000)
  eden space 493056K, 100% used [0x000000076ad80000,0x0000000788f00000,0x0000000788f00000)
  from space 45568K, 7% used [0x000000078be80000,0x000000078c1a3a90,0x000000078eb00000)
  to   space 48640K, 0% used [0x0000000788f00000,0x0000000788f00000,0x000000078be80000)
 ParOldGen       total 723968K, used 454248K [0x00000006c0800000, 0x00000006ecb00000, 0x000000076ad80000)
  object space 723968K, 62% used [0x00000006c0800000,0x00000006dc39a170,0x00000006ecb00000)
 Metaspace       used 34218K, capacity 34985K, committed 35840K, reserved 1081344K
  class space    used 3439K, capacity 3626K, committed 3840K, reserved 1048576K
Event: 12676.736 GC heap after
Heap after GC invocations=1458 (full 5):
 PSYoungGen      total 541696K, used 2546K [0x000000076ad80000, 0x000000078f400000, 0x00000007c0000000)
  eden space 493056K, 0% used [0x000000076ad80000,0x000000076ad80000,0x0000000788f00000)
  from space 48640K, 5% used [0x0000000788f00000,0x000000078917ca68,0x000000078be80000)
  to   space 50688K, 0% used [0x000000078c280000,0x000000078c280000,0x000000078f400000)
 ParOldGen       total 723968K, used 454869K [0x00000006c0800000, 0x00000006ecb00000, 0x000000076ad80000)
  object space 723968K, 62% used [0x00000006c0800000,0x00000006dc4354f0,0x00000006ecb00000)
 Metaspace       used 34218K, capacity 34985K, committed 35840K, reserved 1081344K
  class space    used 3439K, capacity 3626K, committed 3840K, reserved 1048576K
}
Event: 12723.763 GC heap before
{Heap before GC invocations=1459 (full 5):
 PSYoungGen      total 541696K, used 495602K [0x000000076ad80000, 0x000000078f400000, 0x00000007c0000000)
  eden space 493056K, 100% used [0x000000076ad80000,0x0000000788f00000,0x0000000788f00000)
  from space 48640K, 5% used [0x0000000788f00000,0x000000078917ca68,0x000000078be80000)
  to   space 50688K, 0% used [0x000000078c280000,0x000000078c280000,0x000000078f400000)
 ParOldGen       total 723968K, used 454919K [0x00000006c0800000, 0x00000006ecb00000, 0x000000076ad80000)
  object space 723968K, 62% used [0x00000006c0800000,0x00000006dc441d58,0x00000006ecb00000)
 Metaspace       used 34218K, capacity 34985K, committed 35840K, reserved 1081344K
  class space    used 3439K, capacity 3626K, committed 3840K, reserved 1048576K
Event: 12723.770 GC heap after
Heap after GC invocations=1459 (full 5):
 PSYoungGen      total 544768K, used 3753K [0x000000076ad80000, 0x000000078f580000, 0x00000007c0000000)
  eden space 494080K, 0% used [0x000000076ad80000,0x000000076ad80000,0x0000000789000000)
  from space 50688K, 7% used [0x000000078c280000,0x000000078c62a6f8,0x000000078f400000)
  to   space 51712K, 0% used [0x0000000789000000,0x0000000789000000,0x000000078c280000)
 ParOldGen       total 723968K, used 455109K [0x00000006c0800000, 0x00000006ecb00000, 0x000000076ad80000)
  object space 723968K, 62% used [0x00000006c0800000,0x00000006dc471448,0x00000006ecb00000)
 Metaspace       used 34218K, capacity 34985K, committed 35840K, reserved 1081344K
  class space    used 3439K, capacity 3626K, committed 3840K, reserved 1048576K
}

Deoptimization events (10 events):
Event: 11698.465 Thread 0x000000002dff1800 Uncommon trap: reason=unstable_if action=reinterpret pc=0x0000000005e66638 method=client.fh(B)V @ 3920
Event: 11698.469 Thread 0x000000002dff1800 Uncommon trap: reason=unstable_if action=reinterpret pc=0x0000000003733b2c method=fe.r([BIII)V @ 79
Event: 11698.840 Thread 0x000000002dfed800 Uncommon trap: reason=null_check action=make_not_entrant pc=0x0000000005eefb04 method=org.osbot.rs07.api.Widgets.getWidgets(I)[Lorg/osbot/rs07/api/ui/RS2Widget; @ 87
Event: 11698.841 Thread 0x000000002dfed800 Uncommon trap: reason=null_check action=make_not_entrant pc=0x0000000004874074 method=org.osbot.rs07.api.Widgets.singleFilter(I[Lorg/osbot/rs07/api/filter/Filter;)Lorg/osbot/rs07/api/ui/RS2Widget; @ 61
Event: 11900.320 Thread 0x00000000206f8800 Uncommon trap: reason=null_check action=make_not_entrant pc=0x00000000040095a0 method=org.osbot.rs07.api.ui.RS2Widget.getChildWidgets()[Lorg/osbot/rs07/api/ui/RS2Widget; @ 141
Event: 11982.894 Thread 0x000000002dff1800 Uncommon trap: reason=unstable_if action=reinterpret pc=0x00000000060b8308 method=fg.hk(Lfc;B)V @ 835
Event: 11982.895 Thread 0x000000002dff1800 Uncommon trap: reason=unstable_if action=reinterpret pc=0x0000000005a44970 method=cy.<init>(IIIIIIIZLdd;)V @ 231
Event: 12089.873 Thread 0x00000000205e8800 Uncommon trap: reason=null_check action=make_not_entrant pc=0x0000000004b4e400 method=java.lang.Class.reflectionData()Ljava/lang/Class$ReflectionData; @ 24
Event: 12089.874 Thread 0x00000000205e8800 Uncommon trap: reason=null_check action=make_not_entrant pc=0x0000000003fd5d40 method=java.lang.Class.reflectionData()Ljava/lang/Class$ReflectionData; @ 24
Event: 12450.989 Thread 0x000000002dff1800 Uncommon trap: reason=unstable_if action=reinterpret pc=0x00000000060a5ac8 method=de.v(IIIIILdd;IJZ)Z @ 69

Classes redefined (0 events):
No events

Internal exceptions (10 events):
Event: 12723.730 Thread 0x00000000206f8800 Exception <a 'java/io/IOException'> (0x0000000786743a78) thrown at [C:\re\workspace\8-2-build-windows-amd64-cygwin\jdk8u181\11358\hotspot\src\share\vm\prims\jni.cpp, line 709]
Event: 12724.135 Thread 0x00000000206f8800 Exception <a 'java/io/IOException'> (0x000000076d139708) thrown at [C:\re\workspace\8-2-build-windows-amd64-cygwin\jdk8u181\11358\hotspot\src\share\vm\prims\jni.cpp, line 709]
Event: 12724.135 Thread 0x00000000206f8800 Exception <a 'java/io/IOException'> (0x000000076d1399a8) thrown at [C:\re\workspace\8-2-build-windows-amd64-cygwin\jdk8u181\11358\hotspot\src\share\vm\prims\jni.cpp, line 709]
Event: 12724.135 Thread 0x00000000206f8800 Exception <a 'java/io/IOException'> (0x000000076d139c18) thrown at [C:\re\workspace\8-2-build-windows-amd64-cygwin\jdk8u181\11358\hotspot\src\share\vm\prims\jni.cpp, line 709]
Event: 12726.665 Thread 0x00000000206f8800 Exception <a 'java/io/IOException'> (0x000000076d1446f0) thrown at [C:\re\workspace\8-2-build-windows-amd64-cygwin\jdk8u181\11358\hotspot\src\share\vm\prims\jni.cpp, line 709]
Event: 12726.665 Thread 0x00000000206f8800 Exception <a 'java/io/IOException'> (0x000000076d144990) thrown at [C:\re\workspace\8-2-build-windows-amd64-cygwin\jdk8u181\11358\hotspot\src\share\vm\prims\jni.cpp, line 709]
Event: 12726.665 Thread 0x00000000206f8800 Exception <a 'java/io/IOException'> (0x000000076d144c00) thrown at [C:\re\workspace\8-2-build-windows-amd64-cygwin\jdk8u181\11358\hotspot\src\share\vm\prims\jni.cpp, line 709]
Event: 12726.665 Thread 0x00000000206f8800 Exception <a 'java/io/IOException'> (0x000000076d14e120) thrown at [C:\re\workspace\8-2-build-windows-amd64-cygwin\jdk8u181\11358\hotspot\src\share\vm\prims\jni.cpp, line 709]
Event: 12726.665 Thread 0x00000000206f8800 Exception <a 'java/io/IOException'> (0x000000076d14e3c0) thrown at [C:\re\workspace\8-2-build-windows-amd64-cygwin\jdk8u181\11358\hotspot\src\share\vm\prims\jni.cpp, line 709]
Event: 12726.665 Thread 0x00000000206f8800 Exception <a 'java/io/IOException'> (0x000000076d14e630) thrown at [C:\re\workspace\8-2-build-windows-amd64-cygwin\jdk8u181\11358\hotspot\src\share\vm\prims\jni.cpp, line 709]

Events (10 events):
Event: 12723.825 Executing VM operation: RevokeBias done
Event: 12723.827 Thread 0x000000002fea0800 Thread added: 0x000000002fea0800
Event: 12724.061 Executing VM operation: RevokeBias
Event: 12724.061 Executing VM operation: RevokeBias done
Event: 12724.061 Thread 0x000000002fea0800 Thread exited: 0x000000002fea0800
Event: 12726.689 Thread 0x000000002fea0800 Thread added: 0x000000002fea0800
Event: 12726.691 Executing VM operation: RevokeBias
Event: 12726.694 Executing VM operation: RevokeBias done
Event: 12726.694 Thread 0x000000002fea0800 Thread exited: 0x000000002fea0800
Event: 12726.758 Thread 0x000000002fea0800 Thread added: 0x000000002fea0800


Dynamic libraries:
0x00007ff6653c0000 - 0x00007ff6653f7000 	C:\Program Files\Java\jre1.8.0_181\bin\java.exe
0x00007ffe34840000 - 0x00007ffe34a21000 	C:\WINDOWS\SYSTEM32\ntdll.dll
0x00007ffe34680000 - 0x00007ffe34732000 	C:\WINDOWS\System32\KERNEL32.DLL
0x00007ffe31560000 - 0x00007ffe317d3000 	C:\WINDOWS\System32\KERNELBASE.dll
0x00007ffe31f00000 - 0x00007ffe31fa1000 	C:\WINDOWS\System32\ADVAPI32.dll
0x00007ffe342f0000 - 0x00007ffe3438e000 	C:\WINDOWS\System32\msvcrt.dll
0x00007ffe329b0000 - 0x00007ffe32a0b000 	C:\WINDOWS\System32\sechost.dll
0x00007ffe340d0000 - 0x00007ffe341f4000 	C:\WINDOWS\System32\RPCRT4.dll
0x00007ffe34430000 - 0x00007ffe345c0000 	C:\WINDOWS\System32\USER32.dll
0x00007ffe31cb0000 - 0x00007ffe31cd0000 	C:\WINDOWS\System32\win32u.dll
0x00007ffe31ed0000 - 0x00007ffe31ef8000 	C:\WINDOWS\System32\GDI32.dll
0x00007ffe31320000 - 0x00007ffe314b2000 	C:\WINDOWS\System32\gdi32full.dll
0x00007ffe314c0000 - 0x00007ffe3155f000 	C:\WINDOWS\System32\msvcp_win.dll
0x00007ffe31bb0000 - 0x00007ffe31caa000 	C:\WINDOWS\System32\ucrtbase.dll
0x00007ffe263c0000 - 0x00007ffe26629000 	C:\WINDOWS\WinSxS\amd64_microsoft.windows.common-controls_6595b64144ccf1df_6.0.17134.407_none_fb449d63306391e9\COMCTL32.dll
0x00007ffe320b0000 - 0x00007ffe323d2000 	C:\WINDOWS\System32\combase.dll
0x00007ffe31b30000 - 0x00007ffe31baa000 	C:\WINDOWS\System32\bcryptPrimitives.dll
0x00007ffe34390000 - 0x00007ffe343bd000 	C:\WINDOWS\System32\IMM32.DLL
0x00000000527e0000 - 0x00000000528b2000 	C:\Program Files\Java\jre1.8.0_181\bin\msvcr100.dll
0x0000000052a90000 - 0x0000000053332000 	C:\Program Files\Java\jre1.8.0_181\bin\server\jvm.dll
0x00007ffe343c0000 - 0x00007ffe343c8000 	C:\WINDOWS\System32\PSAPI.DLL
0x00007ffe2b580000 - 0x00007ffe2b58a000 	C:\WINDOWS\SYSTEM32\VERSION.dll
0x00007ffe215d0000 - 0x00007ffe215d9000 	C:\WINDOWS\SYSTEM32\WSOCK32.dll
0x00007ffe2edb0000 - 0x00007ffe2edd3000 	C:\WINDOWS\SYSTEM32\WINMM.dll
0x00007ffe34280000 - 0x00007ffe342ec000 	C:\WINDOWS\System32\WS2_32.dll
0x00007ffe2ebb0000 - 0x00007ffe2ebda000 	C:\WINDOWS\SYSTEM32\WINMMBASE.dll
0x00007ffe31ae0000 - 0x00007ffe31b29000 	C:\WINDOWS\System32\cfgmgr32.dll
0x00000000529a0000 - 0x00000000529af000 	C:\Program Files\Java\jre1.8.0_181\bin\verify.dll
0x0000000052970000 - 0x0000000052999000 	C:\Program Files\Java\jre1.8.0_181\bin\java.dll
0x0000000052950000 - 0x0000000052966000 	C:\Program Files\Java\jre1.8.0_181\bin\zip.dll
0x00007ffe32c90000 - 0x00007ffe340cf000 	C:\WINDOWS\System32\SHELL32.dll
0x00007ffe345d0000 - 0x00007ffe34679000 	C:\WINDOWS\System32\shcore.dll
0x00007ffe30c10000 - 0x00007ffe3131d000 	C:\WINDOWS\System32\windows.storage.dll
0x00007ffe32050000 - 0x00007ffe320a1000 	C:\WINDOWS\System32\shlwapi.dll
0x00007ffe30bf0000 - 0x00007ffe30c01000 	C:\WINDOWS\System32\kernel.appcore.dll
0x00007ffe30b60000 - 0x00007ffe30b7f000 	C:\WINDOWS\System32\profapi.dll
0x00007ffe30b80000 - 0x00007ffe30bcc000 	C:\WINDOWS\System32\powrprof.dll
0x00007ffe30b50000 - 0x00007ffe30b5a000 	C:\WINDOWS\System32\FLTLIB.DLL
0x0000000052640000 - 0x00000000527d9000 	C:\Program Files\Java\jre1.8.0_181\bin\awt.dll
0x00007ffe34740000 - 0x00007ffe34802000 	C:\WINDOWS\System32\OLEAUT32.dll
0x00007ffe2eed0000 - 0x00007ffe2ef5b000 	C:\WINDOWS\SYSTEM32\apphelp.dll
0x00007ffe2f050000 - 0x00007ffe2f0e8000 	C:\WINDOWS\system32\uxtheme.dll
0x00007ffe32830000 - 0x00007ffe329a3000 	C:\WINDOWS\System32\MSCTF.dll
0x00007ffe2f230000 - 0x00007ffe2f259000 	C:\WINDOWS\system32\dwmapi.dll
0x00007ffe32b30000 - 0x00007ffe32c81000 	C:\WINDOWS\System32\ole32.dll
0x00000000528e0000 - 0x0000000052904000 	C:\Program Files\Java\jre1.8.0_181\bin\sunec.dll
0x0000000052930000 - 0x000000005294a000 	C:\Program Files\Java\jre1.8.0_181\bin\net.dll
0x00007ffe30370000 - 0x00007ffe303d6000 	C:\WINDOWS\system32\mswsock.dll
0x00007ffe300f0000 - 0x00007ffe30128000 	C:\WINDOWS\SYSTEM32\IPHLPAPI.DLL
0x00007ffe32a10000 - 0x00007ffe32a18000 	C:\WINDOWS\System32\NSI.dll
0x00007ffe2b7d0000 - 0x00007ffe2b7e6000 	C:\WINDOWS\SYSTEM32\dhcpcsvc6.DLL
0x00007ffe2b790000 - 0x00007ffe2b7aa000 	C:\WINDOWS\SYSTEM32\dhcpcsvc.DLL
0x0000000052910000 - 0x0000000052921000 	C:\Program Files\Java\jre1.8.0_181\bin\nio.dll
0x00007ffe0ad50000 - 0x00007ffe0ae70000 	C:\WINDOWS\system32\opengl32.dll
0x00007ffe1bdf0000 - 0x00007ffe1be1c000 	C:\WINDOWS\SYSTEM32\GLU32.dll
0x00007ffe29500000 - 0x00007ffe29697000 	C:\WINDOWS\system32\d3d9.dll
0x00007ffe2a290000 - 0x00007ffe2a37b000 	C:\WINDOWS\System32\DriverStore\FileRepository\nv_dispi.inf_amd64_040c7acb04cee565\nvldumdx.dll
0x00007ffe318f0000 - 0x00007ffe31ad2000 	C:\WINDOWS\System32\crypt32.dll
0x00007ffe30bd0000 - 0x00007ffe30be2000 	C:\WINDOWS\System32\MSASN1.dll
0x00007ffe31890000 - 0x00007ffe318e7000 	C:\WINDOWS\System32\WINTRUST.DLL
0x00007ffe32a20000 - 0x00007ffe32a3d000 	C:\WINDOWS\System32\imagehlp.dll
0x00007ffe30530000 - 0x00007ffe30547000 	C:\WINDOWS\SYSTEM32\CRYPTSP.dll
0x00007ffe2ff50000 - 0x00007ffe2ff83000 	C:\WINDOWS\system32\rsaenh.dll
0x00007ffe30650000 - 0x00007ffe30675000 	C:\WINDOWS\SYSTEM32\bcrypt.dll
0x00007ffe30520000 - 0x00007ffe3052b000 	C:\WINDOWS\SYSTEM32\CRYPTBASE.dll
0x00007ffde3f50000 - 0x00007ffde5188000 	C:\WINDOWS\System32\DriverStore\FileRepository\nv_dispi.inf_amd64_040c7acb04cee565\nvd3dumx.dll
0x00007ffdfa220000 - 0x00007ffdfa464000 	C:\WINDOWS\system32\nvspcap64.dll
0x00007ffe2fc70000 - 0x00007ffe2fca1000 	C:\WINDOWS\SYSTEM32\ntmarta.dll
0x00007ffe2f890000 - 0x00007ffe2f8b2000 	C:\WINDOWS\SYSTEM32\gpapi.dll
0x00007ffe2b310000 - 0x00007ffe2b33e000 	C:\WINDOWS\SYSTEM32\cryptnet.dll
0x00000000525f0000 - 0x0000000052637000 	C:\Program Files\Java\jre1.8.0_181\bin\fontmanager.dll
0x00007ffe31fb0000 - 0x00007ffe32050000 	C:\WINDOWS\System32\clbcatq.dll
0x00007ffe2a8b0000 - 0x00007ffe2aa5e000 	C:\WINDOWS\SYSTEM32\WindowsCodecs.dll
0x00007ffe13280000 - 0x00007ffe132d8000 	C:\WINDOWS\system32\dataexchange.dll
0x00007ffe2e590000 - 0x00007ffe2e72c000 	C:\WINDOWS\system32\dcomp.dll
0x00007ffe2d680000 - 0x00007ffe2d98b000 	C:\WINDOWS\system32\d3d11.dll
0x00007ffe2f910000 - 0x00007ffe2f9cb000 	C:\WINDOWS\system32\dxgi.dll
0x00007ffe2f420000 - 0x00007ffe2f5d8000 	C:\WINDOWS\system32\twinapi.appcore.dll
0x00007ffe2f3c0000 - 0x00007ffe2f3e1000 	C:\WINDOWS\system32\RMCLIENT.dll
0x00000000525a0000 - 0x00000000525e2000 	C:\Program Files\Java\jre1.8.0_181\bin\t2k.dll
0x00007ffe30a80000 - 0x00007ffe30aa8000 	C:\WINDOWS\SYSTEM32\USERENV.dll
0x00007ffe10800000 - 0x00007ffe10816000 	C:\WINDOWS\system32\napinsp.dll
0x00007ffe107e0000 - 0x00007ffe107fa000 	C:\WINDOWS\system32\pnrpnsp.dll
0x00007ffe2e570000 - 0x00007ffe2e589000 	C:\WINDOWS\system32\NLAapi.dll
0x00007ffe30130000 - 0x00007ffe301ee000 	C:\WINDOWS\SYSTEM32\DNSAPI.dll
0x00007ffe10770000 - 0x00007ffe1077e000 	C:\WINDOWS\System32\winrnr.dll
0x00007ffe115a0000 - 0x00007ffe115b5000 	C:\WINDOWS\System32\wshbth.dll
0x00007ffe29a40000 - 0x00007ffe29ab2000 	C:\WINDOWS\System32\fwpuclnt.dll
0x00007ffe29750000 - 0x00007ffe2975a000 	C:\Windows\System32\rasadhlp.dll
0x00000000528d0000 - 0x00000000528db000 	C:\Program Files\Java\jre1.8.0_181\bin\sunmscapi.dll
0x0000000052580000 - 0x0000000052597000 	C:\Program Files\Java\jre1.8.0_181\bin\unpack.dll
0x00007ffe25a40000 - 0x00007ffe25ad6000 	C:\WINDOWS\System32\TextInputFramework.dll
0x00007ffe2ecd0000 - 0x00007ffe2edaa000 	C:\WINDOWS\System32\CoreMessaging.dll
0x00007ffe2a440000 - 0x00007ffe2a75e000 	C:\WINDOWS\System32\CoreUIComponents.dll
0x00007ffe2ce20000 - 0x00007ffe2cf6d000 	C:\WINDOWS\SYSTEM32\wintypes.dll
0x0000000052570000 - 0x000000005257c000 	C:\Program Files\Java\jre1.8.0_181\bin\jsound.dll
0x0000000052560000 - 0x000000005256b000 	C:\Program Files\Java\jre1.8.0_181\bin\jsoundds.dll
0x00007ffe17440000 - 0x00007ffe174cf000 	C:\WINDOWS\SYSTEM32\DSOUND.dll
0x00007ffe2aa90000 - 0x00007ffe2ab06000 	C:\WINDOWS\SYSTEM32\MMDevAPI.DLL
0x00007ffe30900000 - 0x00007ffe30927000 	C:\WINDOWS\SYSTEM32\DEVOBJ.dll
0x00007ffe2d350000 - 0x00007ffe2d504000 	C:\WINDOWS\SYSTEM32\PROPSYS.dll
0x00007ffe2c070000 - 0x00007ffe2c0b4000 	C:\WINDOWS\SYSTEM32\wdmaud.drv
0x00007ffe2c820000 - 0x00007ffe2c82a000 	C:\WINDOWS\SYSTEM32\AVRT.dll
0x00007ffe2bfe0000 - 0x00007ffe2bfe9000 	C:\WINDOWS\SYSTEM32\ksuser.dll
0x00007ffe1c5b0000 - 0x00007ffe1c6dc000 	C:\WINDOWS\SYSTEM32\AUDIOSES.DLL
0x00007ffe2c060000 - 0x00007ffe2c06d000 	C:\WINDOWS\SYSTEM32\msacm32.drv
0x00007ffe2c040000 - 0x00007ffe2c05c000 	C:\WINDOWS\SYSTEM32\MSACM32.dll
0x00007ffe2c030000 - 0x00007ffe2c03a000 	C:\WINDOWS\SYSTEM32\midimap.dll
0x00007ffe25ae0000 - 0x00007ffe25bf4000 	C:\Windows\System32\Windows.UI.dll
0x00007ffe259c0000 - 0x00007ffe25a39000 	C:\Windows\System32\InputHost.dll
0x0000000052520000 - 0x0000000052551000 	C:\Program Files\Java\jre1.8.0_181\bin\jpeg.dll
0x00000000528c0000 - 0x00000000528cd000 	C:\Program Files\Java\jre1.8.0_181\bin\management.dll

VM Arguments:
jvm_args: -Xbootclasspath/p:C:\Users\William Holmberg\OSBot\Data\filter_72cdb86.jar -XX:+DisableAttachMechanism 
java_command: org.osbot.BotApplication 0,1,0,5Randlcious@gmail.com:ugot00wned2:1234,NEX:ugot00wned2_,158,0,0,1,0,0,null
java_class_path (initial): /C:/Users/William Holmberg/eclipse-workspace/NexusDesktop/osbot.jar;/C:/Users/William Holmberg/eclipse-workspace/NexusDesktop/osbot.jar
Launcher Type: SUN_STANDARD

Environment Variables:
PATH=C:/Program Files/Java/jre1.8.0_181/bin/server;C:/Program Files/Java/jre1.8.0_181/bin;C:/Program Files/Java/jre1.8.0_181/lib/amd64;C:\Program Files (x86)\Common Files\Oracle\Java\javapath;C:\Program Files (x86)\Intel\iCLS Client\;C:\Program Files\Intel\iCLS Client\;C:\WINDOWS\system32;C:\WINDOWS;C:\WINDOWS\System32\Wbem;C:\WINDOWS\System32\WindowsPowerShell\v1.0\;C:\WINDOWS\System32\OpenSSH\;C:\Program Files (x86)\NVIDIA Corporation\PhysX\Common;C:\Program Files (x86)\Intel\Intel(R) Management Engine Components\DAL;C:\Program Files\Intel\Intel(R) Management Engine Components\DAL;C:\Program Files (x86)\Intel\Intel(R) Management Engine Components\IPT;C:\Program Files\Intel\Intel(R) Management Engine Components\IPT;C:\Users\William Holmberg\AppData\Local\Microsoft\WindowsApps;C:\Users\William Holmberg\AppData\Local\GitHubDesktop\bin;C:\WINDOWS\system32;
USERNAME=William Holmberg
OS=Windows_NT
PROCESSOR_IDENTIFIER=Intel64 Family 6 Model 158 Stepping 10, GenuineIntel



---------------  S Y S T E M  ---------------

OS: Windows 10.0 , 64 bit Build 17134 (10.0.17134.1)

CPU:total 12 (initial active 12) (6 cores per cpu, 2 threads per core) family 6 model 158 stepping 10, cmov, cx8, fxsr, mmx, sse, sse2, sse3, ssse3, sse4.1, sse4.2, popcnt, avx, avx2, aes, clmul, erms, rtm, 3dnowpref, lzcnt, ht, tsc, tscinvbit, bmi1, bmi2, adx

Memory: 4k page, physical 16736684k(391996k free), swap 45909140k(3316k free)

vm_info: Java HotSpot(TM) 64-Bit Server VM (25.181-b13) for windows-amd64 JRE (1.8.0_181-b13), built on Jul  7 2018 04:01:33 by "java_re" with MS VC++ 10.0 (VS2010)

time: Thu Dec 06 20:15:42 2018
elapsed time: 12727 seconds (0d 3h 32m 7s)

