#
# There is insufficient memory for the Java Runtime Environment to continue.
# Native memory allocation (malloc) failed to allocate 429696 bytes for Chunk::new
# Possible reasons:
#   The system is out of physical RAM or swap space
#   In 32 bit mode, the process size limit was hit
# Possible solutions:
#   Reduce memory load on the system
#   Increase physical memory or swap space
#   Check if swap backing store is full
#   Use 64 bit Java on a 64 bit OS
#   Decrease Java heap size (-Xmx/-Xms)
#   Decrease number of Java threads
#   Decrease Java thread stack sizes (-Xss)
#   Set larger code cache with -XX:ReservedCodeCacheSize=
# This output file may be truncated or incomplete.
#
#  Out of Memory Error (allocation.cpp:390), pid=1064, tid=0x0000000000005c14
#
# JRE version: Java(TM) SE Runtime Environment (8.0_181-b13) (build 1.8.0_181-b13)
# Java VM: Java HotSpot(TM) 64-Bit Server VM (25.181-b13 mixed mode windows-amd64 compressed oops)
# Failed to write core dump. Minidumps are not enabled by default on client versions of Windows
#

---------------  T H R E A D  ---------------

Current thread (0x000000001deef800):  JavaThread "C2 CompilerThread1" daemon [_thread_in_native, id=23572, stack(0x000000001f540000,0x000000001f640000)]

Stack: [0x000000001f540000,0x000000001f640000]
[error occurred during error reporting (printing stack bounds), id 0xc0000005]

Native frames: (J=compiled Java code, j=interpreted, Vv=VM code, C=native code)


Current CompileTask:
C2:   1658 1467       4       java.io.WinNTFileSystem::normalize (143 bytes)


---------------  P R O C E S S  ---------------

Java Threads: ( => current thread )
  0x00000000200b4000 JavaThread "D3D Screen Updater" daemon [_thread_blocked, id=24124, stack(0x000000002d1d0000,0x000000002d2d0000)]
  0x00000000200f1800 JavaThread "Thread-4" [_thread_blocked, id=23232, stack(0x000000002d0d0000,0x000000002d1d0000)]
  0x0000000020105000 JavaThread "Thread-3" [_thread_blocked, id=20704, stack(0x000000002cfd0000,0x000000002d0d0000)]
  0x000000002007d800 JavaThread "TimerQueue" daemon [_thread_blocked, id=2588, stack(0x000000002ccd0000,0x000000002cdd0000)]
  0x000000001ff84000 JavaThread "AWT-EventQueue-0" [_thread_in_native, id=26920, stack(0x000000002c5f0000,0x000000002c6f0000)]
  0x000000001ff65000 JavaThread "Image Fetcher 0" daemon [_thread_blocked, id=25080, stack(0x000000002c2f0000,0x000000002c3f0000)]
  0x000000001fd5f800 JavaThread "Thread-1" [_thread_blocked, id=5396, stack(0x0000000021080000,0x0000000021180000)]
  0x000000001fd06000 JavaThread "AWT-Windows" daemon [_thread_in_native, id=4960, stack(0x00000000205f0000,0x00000000206f0000)]
  0x000000001fcf4800 JavaThread "AWT-Shutdown" [_thread_blocked, id=16076, stack(0x00000000204f0000,0x00000000205f0000)]
  0x000000001fcf4000 JavaThread "Java2D Disposer" daemon [_thread_blocked, id=1772, stack(0x00000000203f0000,0x00000000204f0000)]
  0x000000001df99000 JavaThread "Service Thread" daemon [_thread_blocked, id=13824, stack(0x000000001f840000,0x000000001f940000)]
  0x000000001df53800 JavaThread "C1 CompilerThread3" daemon [_thread_blocked, id=23580, stack(0x000000001f740000,0x000000001f840000)]
  0x000000001df34000 JavaThread "C2 CompilerThread2" daemon [_thread_blocked, id=23576, stack(0x000000001f640000,0x000000001f740000)]
=>0x000000001deef800 JavaThread "C2 CompilerThread1" daemon [_thread_in_native, id=23572, stack(0x000000001f540000,0x000000001f640000)]
  0x000000001deec800 JavaThread "C2 CompilerThread0" daemon [_thread_blocked, id=23568, stack(0x000000001f440000,0x000000001f540000)]
  0x000000001deea000 JavaThread "Signal Dispatcher" daemon [_thread_blocked, id=23564, stack(0x000000001f340000,0x000000001f440000)]
  0x000000001dee3000 JavaThread "Finalizer" daemon [_thread_blocked, id=23560, stack(0x000000001f140000,0x000000001f240000)]
  0x0000000002aea000 JavaThread "Reference Handler" daemon [_thread_blocked, id=23044, stack(0x000000001f040000,0x000000001f140000)]
  0x00000000029ed800 JavaThread "main" [_thread_in_vm, id=23016, stack(0x00000000028a0000,0x00000000029a0000)]

Other Threads:
  0x000000001c806800 VMThread [stack: 0x000000001ef40000,0x000000001f040000] [id=10512]
  0x000000001df9b800 WatcherThread [stack: 0x000000001f940000,0x000000001fa40000] [id=13724]

VM state:not at safepoint (normal execution)

VM Mutex/Monitor currently owned by a thread: None

Heap:
 PSYoungGen      total 76288K, used 40694K [0x000000076ad80000, 0x0000000770280000, 0x00000007c0000000)
  eden space 65536K, 62% used [0x000000076ad80000,0x000000076d53d9e0,0x000000076ed80000)
  from space 10752K, 0% used [0x000000076f800000,0x000000076f800000,0x0000000770280000)
  to   space 10752K, 0% used [0x000000076ed80000,0x000000076ed80000,0x000000076f800000)
 ParOldGen       total 175104K, used 0K [0x00000006c0800000, 0x00000006cb300000, 0x000000076ad80000)
  object space 175104K, 0% used [0x00000006c0800000,0x00000006c0800000,0x00000006cb300000)
 Metaspace       used 16865K, capacity 17364K, committed 17536K, reserved 1064960K
  class space    used 2171K, capacity 2306K, committed 2432K, reserved 1048576K

Card table byte_map: [0x0000000011eb0000,0x00000000126b0000] byte_map_base: 0x000000000e8ac000

Marking Bits: (ParMarkBitMap*) 0x00000000532b2d00
 Begin Bits: [0x0000000013610000, 0x00000000175f0000)
 End Bits:   [0x00000000175f0000, 0x000000001b5d0000)

Polling page: 0x00000000007f0000

CodeCache: size=245760Kb used=5020Kb max_used=5020Kb free=240739Kb
 bounds [0x0000000002af0000, 0x0000000002fe0000, 0x0000000011af0000]
 total_blobs=2011 nmethods=1469 adapters=454
 compilation: enabled

Compilation events (10 events):
Event: 1.646 Thread 0x000000001df53800 1464       3       java.util.regex.Matcher::<init> (84 bytes)
Event: 1.646 Thread 0x000000001df53800 nmethod 1464 0x0000000002fd0d90 code [0x0000000002fd0f20, 0x0000000002fd13e8]
Event: 1.646 Thread 0x000000001df53800 1462       3       java.util.regex.Pattern::<init> (90 bytes)
Event: 1.646 Thread 0x000000001df53800 nmethod 1462 0x0000000002fd7490 code [0x0000000002fd7660, 0x0000000002fd7f18]
Event: 1.646 Thread 0x000000001df53800 1460       3       java.util.regex.Pattern::skip (23 bytes)
Event: 1.646 Thread 0x000000001df53800 nmethod 1460 0x0000000002fd0990 code [0x0000000002fd0ae0, 0x0000000002fd0c70]
Event: 1.646 Thread 0x000000001df53800 1465       3       java.util.ArrayDeque::pollFirst (42 bytes)
Event: 1.647 Thread 0x000000001df53800 nmethod 1465 0x0000000002fd8310 code [0x0000000002fd8480, 0x0000000002fd87b0]
Event: 1.647 Thread 0x000000001df53800 1468       1       sun.java2d.SurfaceData::isSurfaceLost (5 bytes)
Event: 1.647 Thread 0x000000001df53800 nmethod 1468 0x0000000002fd8910 code [0x0000000002fd8a60, 0x0000000002fd8b70]

GC Heap History (0 events):
No events

Deoptimization events (10 events):
Event: 0.529 Thread 0x00000000029ed800 Uncommon trap: reason=unstable_if action=reinterpret pc=0x0000000002d3e2c0 method=java.util.regex.Pattern$BmpCharProperty.match(Ljava/util/regex/Matcher;ILjava/lang/CharSequence;)Z @ 5
Event: 0.683 Thread 0x00000000029ed800 Uncommon trap: reason=unstable_if action=reinterpret pc=0x0000000002cff2ec method=java.lang.Integer.parseInt(Ljava/lang/String;I)I @ 122
Event: 0.995 Thread 0x00000000029ed800 Uncommon trap: reason=unstable_if action=reinterpret pc=0x0000000002c4b924 method=java.lang.AbstractStringBuilder.append(Ljava/lang/String;)Ljava/lang/AbstractStringBuilder; @ 1
Event: 1.007 Thread 0x00000000029ed800 Uncommon trap: reason=unstable_if action=reinterpret pc=0x0000000002c4de04 method=java.lang.AbstractStringBuilder.append(Ljava/lang/String;)Ljava/lang/AbstractStringBuilder; @ 1
Event: 1.012 Thread 0x00000000029ed800 Uncommon trap: reason=unstable_if action=reinterpret pc=0x0000000002d6d1bc method=java.util.HashMap.hash(Ljava/lang/Object;)I @ 1
Event: 1.034 Thread 0x00000000029ed800 Uncommon trap: reason=unstable_if action=reinterpret pc=0x0000000002da2e68 method=java.util.HashMap.hash(Ljava/lang/Object;)I @ 1
Event: 1.200 Thread 0x00000000029ed800 Uncommon trap: reason=class_check action=maybe_recompile pc=0x0000000002ca6a80 method=java.lang.String.equals(Ljava/lang/Object;)Z @ 8
Event: 1.270 Thread 0x00000000029ed800 Uncommon trap: reason=class_check action=maybe_recompile pc=0x0000000002ca6a80 method=java.lang.String.equals(Ljava/lang/Object;)Z @ 8
Event: 1.355 Thread 0x00000000029ed800 Uncommon trap: reason=class_check action=maybe_recompile pc=0x0000000002ca6a80 method=java.lang.String.equals(Ljava/lang/Object;)Z @ 8
Event: 1.420 Thread 0x00000000029ed800 Uncommon trap: reason=class_check action=maybe_recompile pc=0x0000000002ca6a80 method=java.lang.String.equals(Ljava/lang/Object;)Z @ 8

Classes redefined (0 events):
No events

Internal exceptions (10 events):
Event: 0.709 Thread 0x00000000029ed800 Exception <a 'java/io/IOException'> (0x000000076c4cad68) thrown at [C:\re\workspace\8-2-build-windows-amd64-cygwin\jdk8u181\11358\hotspot\src\share\vm\prims\jni.cpp, line 709]
Event: 0.709 Thread 0x00000000029ed800 Exception <a 'java/io/IOException'> (0x000000076c4cb008) thrown at [C:\re\workspace\8-2-build-windows-amd64-cygwin\jdk8u181\11358\hotspot\src\share\vm\prims\jni.cpp, line 709]
Event: 0.709 Thread 0x00000000029ed800 Exception <a 'java/io/IOException'> (0x000000076c4cb278) thrown at [C:\re\workspace\8-2-build-windows-amd64-cygwin\jdk8u181\11358\hotspot\src\share\vm\prims\jni.cpp, line 709]
Event: 0.995 Thread 0x00000000029ed800 Implicit null exception at 0x0000000002c4b556 to 0x0000000002c4b90d
Event: 1.007 Thread 0x00000000029ed800 Implicit null exception at 0x0000000002c4da56 to 0x0000000002c4dded
Event: 1.012 Thread 0x00000000029ed800 Implicit null exception at 0x0000000002d6cc7b to 0x0000000002d6d1a1
Event: 1.034 Thread 0x00000000029ed800 Implicit null exception at 0x0000000002da2def to 0x0000000002da2e59
Event: 1.379 Thread 0x00000000029ed800 Exception <a 'java/io/IOException'> (0x000000076cd7d9a0) thrown at [C:\re\workspace\8-2-build-windows-amd64-cygwin\jdk8u181\11358\hotspot\src\share\vm\prims\jni.cpp, line 709]
Event: 1.379 Thread 0x00000000029ed800 Exception <a 'java/io/IOException'> (0x000000076cd7dc40) thrown at [C:\re\workspace\8-2-build-windows-amd64-cygwin\jdk8u181\11358\hotspot\src\share\vm\prims\jni.cpp, line 709]
Event: 1.379 Thread 0x00000000029ed800 Exception <a 'java/io/IOException'> (0x000000076cd7deb0) thrown at [C:\re\workspace\8-2-build-windows-amd64-cygwin\jdk8u181\11358\hotspot\src\share\vm\prims\jni.cpp, line 709]

Events (10 events):
Event: 1.655 loading class java/util/function/Supplier done
Event: 1.655 loading class java/lang/reflect/WeakCache$Factory done
Event: 1.655 loading class sun/misc/ProxyGenerator
Event: 1.655 loading class java/util/concurrent/ConcurrentHashMap$KeyIterator
Event: 1.655 loading class java/util/concurrent/ConcurrentHashMap$BaseIterator
Event: 1.655 loading class java/util/concurrent/ConcurrentHashMap$Traverser
Event: 1.655 loading class sun/misc/ProxyGenerator done
Event: 1.655 loading class java/util/concurrent/ConcurrentHashMap$Traverser done
Event: 1.655 loading class java/util/concurrent/ConcurrentHashMap$BaseIterator done
Event: 1.656 loading class java/util/concurrent/ConcurrentHashMap$KeyIterator done


Dynamic libraries:
0x00007ff6653c0000 - 0x00007ff6653f7000 	C:\Program Files\Java\jre1.8.0_181\bin\java.exe
0x00007ffe34840000 - 0x00007ffe34a21000 	C:\WINDOWS\SYSTEM32\ntdll.dll
0x00007ffe34680000 - 0x00007ffe34732000 	C:\WINDOWS\System32\KERNEL32.DLL
0x00007ffe31560000 - 0x00007ffe317d3000 	C:\WINDOWS\System32\KERNELBASE.dll
0x00007ffe31f00000 - 0x00007ffe31fa1000 	C:\WINDOWS\System32\ADVAPI32.dll
0x00007ffe342f0000 - 0x00007ffe3438e000 	C:\WINDOWS\System32\msvcrt.dll
0x00007ffe329b0000 - 0x00007ffe32a0b000 	C:\WINDOWS\System32\sechost.dll
0x00007ffe340d0000 - 0x00007ffe341f4000 	C:\WINDOWS\System32\RPCRT4.dll
0x00007ffe34430000 - 0x00007ffe345c0000 	C:\WINDOWS\System32\USER32.dll
0x00007ffe31cb0000 - 0x00007ffe31cd0000 	C:\WINDOWS\System32\win32u.dll
0x00007ffe31ed0000 - 0x00007ffe31ef8000 	C:\WINDOWS\System32\GDI32.dll
0x00007ffe31320000 - 0x00007ffe314b2000 	C:\WINDOWS\System32\gdi32full.dll
0x00007ffe314c0000 - 0x00007ffe3155f000 	C:\WINDOWS\System32\msvcp_win.dll
0x00007ffe31bb0000 - 0x00007ffe31caa000 	C:\WINDOWS\System32\ucrtbase.dll
0x00007ffe263c0000 - 0x00007ffe26629000 	C:\WINDOWS\WinSxS\amd64_microsoft.windows.common-controls_6595b64144ccf1df_6.0.17134.407_none_fb449d63306391e9\COMCTL32.dll
0x00007ffe320b0000 - 0x00007ffe323d2000 	C:\WINDOWS\System32\combase.dll
0x00007ffe31b30000 - 0x00007ffe31baa000 	C:\WINDOWS\System32\bcryptPrimitives.dll
0x00007ffe34390000 - 0x00007ffe343bd000 	C:\WINDOWS\System32\IMM32.DLL
0x00000000527e0000 - 0x00000000528b2000 	C:\Program Files\Java\jre1.8.0_181\bin\msvcr100.dll
0x0000000052a90000 - 0x0000000053332000 	C:\Program Files\Java\jre1.8.0_181\bin\server\jvm.dll
0x00007ffe343c0000 - 0x00007ffe343c8000 	C:\WINDOWS\System32\PSAPI.DLL
0x00007ffe2edb0000 - 0x00007ffe2edd3000 	C:\WINDOWS\SYSTEM32\WINMM.dll
0x00007ffe2b580000 - 0x00007ffe2b58a000 	C:\WINDOWS\SYSTEM32\VERSION.dll
0x00007ffe2ebb0000 - 0x00007ffe2ebda000 	C:\WINDOWS\SYSTEM32\WINMMBASE.dll
0x00007ffe31ae0000 - 0x00007ffe31b29000 	C:\WINDOWS\System32\cfgmgr32.dll
0x00007ffe215d0000 - 0x00007ffe215d9000 	C:\WINDOWS\SYSTEM32\WSOCK32.dll
0x0000000001010000 - 0x000000000107c000 	C:\WINDOWS\System32\ws2_32.DLL
0x00000000529a0000 - 0x00000000529af000 	C:\Program Files\Java\jre1.8.0_181\bin\verify.dll
0x0000000052970000 - 0x0000000052999000 	C:\Program Files\Java\jre1.8.0_181\bin\java.dll
0x0000000052950000 - 0x0000000052966000 	C:\Program Files\Java\jre1.8.0_181\bin\zip.dll
0x00007ffe32c90000 - 0x00007ffe340cf000 	C:\WINDOWS\System32\SHELL32.dll
0x00007ffe345d0000 - 0x00007ffe34679000 	C:\WINDOWS\System32\shcore.dll
0x00007ffe30c10000 - 0x00007ffe3131d000 	C:\WINDOWS\System32\windows.storage.dll
0x00007ffe32050000 - 0x00007ffe320a1000 	C:\WINDOWS\System32\shlwapi.dll
0x00007ffe30bf0000 - 0x00007ffe30c01000 	C:\WINDOWS\System32\kernel.appcore.dll
0x00007ffe30b60000 - 0x00007ffe30b7f000 	C:\WINDOWS\System32\profapi.dll
0x00007ffe30b80000 - 0x00007ffe30bcc000 	C:\WINDOWS\System32\powrprof.dll
0x00007ffe30b50000 - 0x00007ffe30b5a000 	C:\WINDOWS\System32\FLTLIB.DLL
0x0000000052640000 - 0x00000000527d9000 	C:\Program Files\Java\jre1.8.0_181\bin\awt.dll
0x00007ffe34740000 - 0x00007ffe34802000 	C:\WINDOWS\System32\OLEAUT32.dll
0x00007ffe2eed0000 - 0x00007ffe2ef5b000 	C:\WINDOWS\SYSTEM32\apphelp.dll
0x00007ffe2f050000 - 0x00007ffe2f0e8000 	C:\WINDOWS\system32\uxtheme.dll
0x00007ffe32830000 - 0x00007ffe329a3000 	C:\WINDOWS\System32\MSCTF.dll
0x00007ffe2f230000 - 0x00007ffe2f259000 	C:\WINDOWS\system32\dwmapi.dll
0x00007ffe32b30000 - 0x00007ffe32c81000 	C:\WINDOWS\System32\ole32.dll
0x00000000528e0000 - 0x0000000052904000 	C:\Program Files\Java\jre1.8.0_181\bin\sunec.dll
0x0000000052930000 - 0x000000005294a000 	C:\Program Files\Java\jre1.8.0_181\bin\net.dll
0x00007ffe30370000 - 0x00007ffe303d6000 	C:\WINDOWS\system32\mswsock.dll
0x00007ffe300f0000 - 0x00007ffe30128000 	C:\WINDOWS\SYSTEM32\IPHLPAPI.DLL
0x00007ffe32a10000 - 0x00007ffe32a18000 	C:\WINDOWS\System32\NSI.dll
0x00007ffe2b7d0000 - 0x00007ffe2b7e6000 	C:\WINDOWS\SYSTEM32\dhcpcsvc6.DLL
0x00007ffe2b790000 - 0x00007ffe2b7aa000 	C:\WINDOWS\SYSTEM32\dhcpcsvc.DLL
0x0000000052910000 - 0x0000000052921000 	C:\Program Files\Java\jre1.8.0_181\bin\nio.dll
0x00007ffe0ad50000 - 0x00007ffe0ae70000 	C:\WINDOWS\system32\opengl32.dll
0x00007ffe1bdf0000 - 0x00007ffe1be1c000 	C:\WINDOWS\SYSTEM32\GLU32.dll
0x00007ffe29500000 - 0x00007ffe29697000 	C:\WINDOWS\system32\d3d9.dll
0x00007ffe2a290000 - 0x00007ffe2a37b000 	C:\WINDOWS\System32\DriverStore\FileRepository\nv_dispi.inf_amd64_040c7acb04cee565\nvldumdx.dll
0x00007ffe318f0000 - 0x00007ffe31ad2000 	C:\WINDOWS\System32\crypt32.dll
0x00007ffe30bd0000 - 0x00007ffe30be2000 	C:\WINDOWS\System32\MSASN1.dll
0x00007ffe31890000 - 0x00007ffe318e7000 	C:\WINDOWS\System32\WINTRUST.DLL
0x00007ffe32a20000 - 0x00007ffe32a3d000 	C:\WINDOWS\System32\imagehlp.dll
0x00007ffe30530000 - 0x00007ffe30547000 	C:\WINDOWS\SYSTEM32\CRYPTSP.dll
0x00007ffe2ff50000 - 0x00007ffe2ff83000 	C:\WINDOWS\system32\rsaenh.dll
0x00007ffe30650000 - 0x00007ffe30675000 	C:\WINDOWS\SYSTEM32\bcrypt.dll
0x00007ffe30520000 - 0x00007ffe3052b000 	C:\WINDOWS\SYSTEM32\CRYPTBASE.dll
0x00007ffde3f50000 - 0x00007ffde5188000 	C:\WINDOWS\System32\DriverStore\FileRepository\nv_dispi.inf_amd64_040c7acb04cee565\nvd3dumx.dll
0x00007ffdfa220000 - 0x00007ffdfa464000 	C:\WINDOWS\system32\nvspcap64.dll
0x00007ffe2fc70000 - 0x00007ffe2fca1000 	C:\WINDOWS\SYSTEM32\ntmarta.dll
0x00007ffe2f890000 - 0x00007ffe2f8b2000 	C:\WINDOWS\SYSTEM32\gpapi.dll
0x00007ffe2b310000 - 0x00007ffe2b33e000 	C:\WINDOWS\SYSTEM32\cryptnet.dll
0x00000000525f0000 - 0x0000000052637000 	C:\Program Files\Java\jre1.8.0_181\bin\fontmanager.dll
0x00007ffe31fb0000 - 0x00007ffe32050000 	C:\WINDOWS\System32\clbcatq.dll
0x00007ffe2a8b0000 - 0x00007ffe2aa5e000 	C:\WINDOWS\SYSTEM32\WindowsCodecs.dll
0x00007ffe13280000 - 0x00007ffe132d8000 	C:\WINDOWS\system32\dataexchange.dll
0x00007ffe2e590000 - 0x00007ffe2e72c000 	C:\WINDOWS\system32\dcomp.dll
0x00007ffe2d680000 - 0x00007ffe2d98b000 	C:\WINDOWS\system32\d3d11.dll
0x00007ffe2f910000 - 0x00007ffe2f9cb000 	C:\WINDOWS\system32\dxgi.dll
0x00007ffe2f420000 - 0x00007ffe2f5d8000 	C:\WINDOWS\system32\twinapi.appcore.dll
0x00007ffe2f3c0000 - 0x00007ffe2f3e1000 	C:\WINDOWS\system32\RMCLIENT.dll
0x00000000525a0000 - 0x00000000525e2000 	C:\Program Files\Java\jre1.8.0_181\bin\t2k.dll

VM Arguments:
jvm_args: -Xbootclasspath/p:C:\Users\William Holmberg\OSBot\Data\filter_72cdb86.jar -XX:+DisableAttachMechanism 
java_command: org.osbot.BotApplication 0,1,0,1vestnolife@gmail.com:ugot00wned2:1234,NEX:ugot00wned2_,178,0,0,1,0,0,null
java_class_path (initial): /C:/Users/William Holmberg/eclipse-workspace/NexusDesktop/osbot.jar;/C:/Users/William Holmberg/eclipse-workspace/NexusDesktop/osbot.jar
Launcher Type: SUN_STANDARD

Environment Variables:
PATH=C:/Program Files/Java/jre1.8.0_181/bin/server;C:/Program Files/Java/jre1.8.0_181/bin;C:/Program Files/Java/jre1.8.0_181/lib/amd64;C:\Program Files (x86)\Common Files\Oracle\Java\javapath;C:\Program Files (x86)\Intel\iCLS Client\;C:\Program Files\Intel\iCLS Client\;C:\WINDOWS\system32;C:\WINDOWS;C:\WINDOWS\System32\Wbem;C:\WINDOWS\System32\WindowsPowerShell\v1.0\;C:\WINDOWS\System32\OpenSSH\;C:\Program Files (x86)\NVIDIA Corporation\PhysX\Common;C:\Program Files (x86)\Intel\Intel(R) Management Engine Components\DAL;C:\Program Files\Intel\Intel(R) Management Engine Components\DAL;C:\Program Files (x86)\Intel\Intel(R) Management Engine Components\IPT;C:\Program Files\Intel\Intel(R) Management Engine Components\IPT;C:\Users\William Holmberg\AppData\Local\Microsoft\WindowsApps;C:\Users\William Holmberg\AppData\Local\GitHubDesktop\bin;C:\WINDOWS\system32;
USERNAME=William Holmberg
OS=Windows_NT
PROCESSOR_IDENTIFIER=Intel64 Family 6 Model 158 Stepping 10, GenuineIntel



---------------  S Y S T E M  ---------------

OS: Windows 10.0 , 64 bit Build 17134 (10.0.17134.1)

CPU:total 12 (initial active 12) (6 cores per cpu, 2 threads per core) family 6 model 158 stepping 10, cmov, cx8, fxsr, mmx, sse, sse2, sse3, ssse3, sse4.1, sse4.2, popcnt, avx, avx2, aes, clmul, erms, rtm, 3dnowpref, lzcnt, ht, tsc, tscinvbit, bmi1, bmi2, adx

Memory: 4k page, physical 16736684k(425452k free), swap 45909140k(5144k free)

vm_info: Java HotSpot(TM) 64-Bit Server VM (25.181-b13) for windows-amd64 JRE (1.8.0_181-b13), built on Jul  7 2018 04:01:33 by "java_re" with MS VC++ 10.0 (VS2010)

time: Thu Dec 06 21:07:18 2018
elapsed time: 1 seconds (0d 0h 0m 1s)

