#
# There is insufficient memory for the Java Runtime Environment to continue.
# Native memory allocation (malloc) failed to allocate 1449456 bytes for Chunk::new
# Possible reasons:
#   The system is out of physical RAM or swap space
#   In 32 bit mode, the process size limit was hit
# Possible solutions:
#   Reduce memory load on the system
#   Increase physical memory or swap space
#   Check if swap backing store is full
#   Use 64 bit Java on a 64 bit OS
#   Decrease Java heap size (-Xmx/-Xms)
#   Decrease number of Java threads
#   Decrease Java thread stack sizes (-Xss)
#   Set larger code cache with -XX:ReservedCodeCacheSize=
# This output file may be truncated or incomplete.
#
#  Out of Memory Error (allocation.cpp:390), pid=26204, tid=0x0000000000003fe4
#
# JRE version: Java(TM) SE Runtime Environment (8.0_181-b13) (build 1.8.0_181-b13)
# Java VM: Java HotSpot(TM) 64-Bit Server VM (25.181-b13 mixed mode windows-amd64 compressed oops)
# Failed to write core dump. Minidumps are not enabled by default on client versions of Windows
#

---------------  T H R E A D  ---------------

Current thread (0x000000001e673800):  JavaThread "C2 CompilerThread2" daemon [_thread_in_native, id=16356, stack(0x000000001fda0000,0x000000001fea0000)]

Stack: [0x000000001fda0000,0x000000001fea0000]
[error occurred during error reporting (printing stack bounds), id 0xc0000005]

Native frames: (J=compiled Java code, j=interpreted, Vv=VM code, C=native code)


Current CompileTask:
C2:  31717 4434 %     4       du::r @ 1030 (2185 bytes)


---------------  P R O C E S S  ---------------

Java Threads: ( => current thread )
  0x000000002ef62000 JavaThread "Event Executor [Bot: 1, #1]" [_thread_blocked, id=26924, stack(0x0000000036750000,0x0000000036850000)]
  0x000000002ef65000 JavaThread "Thread-18" daemon [_thread_blocked, id=26552, stack(0x0000000034020000,0x0000000034120000)]
  0x000000002ef61000 JavaThread "Keep-Alive-Timer" daemon [_thread_blocked, id=25036, stack(0x0000000033b20000,0x0000000033c20000)]
  0x000000002ef60800 JavaThread "pool-5-thread-1" [_thread_blocked, id=26236, stack(0x0000000033920000,0x0000000033a20000)]
  0x000000002ef65800 JavaThread "Thread-17" daemon [_thread_blocked, id=27140, stack(0x0000000033820000,0x0000000033920000)]
  0x000000002ef63800 JavaThread "Thread-16" daemon [_thread_in_native, id=25484, stack(0x0000000033720000,0x0000000033820000)]
  0x000000002ef5f800 JavaThread "Event Executor [Bot: 1, #0]" [_thread_blocked, id=22956, stack(0x0000000033620000,0x0000000033720000)]
  0x000000002ef64000 JavaThread "DestroyJavaVM" [_thread_blocked, id=14324, stack(0x0000000003080000,0x0000000003180000)]
  0x000000002ef59800 JavaThread "Script Executor" [_thread_blocked, id=18232, stack(0x0000000033520000,0x0000000033620000)]
  0x000000002ef58000 JavaThread "Thread-15" [_thread_blocked, id=1372, stack(0x0000000033420000,0x0000000033520000)]
  0x000000002ef5b000 JavaThread "Thread-14" daemon [_thread_blocked, id=25904, stack(0x0000000033320000,0x0000000033420000)]
  0x000000002ef5e000 JavaThread "pool-4-thread-1" [_thread_blocked, id=20600, stack(0x0000000033120000,0x0000000033220000)]
  0x000000002ef5d800 JavaThread "Java Sound Event Dispatcher" daemon [_thread_blocked, id=17040, stack(0x0000000032e20000,0x0000000032f20000)]
  0x000000002ef5a800 JavaThread "Thread-12" daemon [_thread_blocked, id=16536, stack(0x0000000032b20000,0x0000000032c20000)]
  0x000000002ef57800 JavaThread "pool-3-thread-1" [_thread_blocked, id=9584, stack(0x0000000032a20000,0x0000000032b20000)]
  0x000000002ef59000 JavaThread "Thread-11" daemon [_thread_blocked, id=4300, stack(0x0000000032620000,0x0000000032720000)]
  0x000000002ef56800 JavaThread "Thread-10" daemon [_thread_in_native, id=18876, stack(0x0000000032520000,0x0000000032620000)]
  0x000000002086b000 JavaThread "Thread-9" daemon [_thread_blocked, id=17856, stack(0x0000000032420000,0x0000000032520000)]
  0x000000002086c000 JavaThread "Thread-7" daemon [_thread_in_Java, id=3032, stack(0x0000000032220000,0x0000000032320000)]
  0x0000000020871000 JavaThread "Thread-6" daemon [_thread_blocked, id=18004, stack(0x0000000031f00000,0x0000000032000000)]
  0x000000002086f800 JavaThread "Thread-5" [_thread_blocked, id=14732, stack(0x000000002f9a0000,0x000000002faa0000)]
  0x000000002086c800 JavaThread "D3D Screen Updater" daemon [_thread_blocked, id=11880, stack(0x000000002da20000,0x000000002db20000)]
  0x000000002085b000 JavaThread "Thread-4" [_thread_blocked, id=15600, stack(0x000000002d920000,0x000000002da20000)]
  0x0000000020857000 JavaThread "Thread-3" [_thread_blocked, id=11952, stack(0x000000002d820000,0x000000002d920000)]
  0x00000000207bf000 JavaThread "TimerQueue" daemon [_thread_blocked, id=19576, stack(0x000000002d420000,0x000000002d520000)]
  0x000000002074a000 JavaThread "AWT-EventQueue-0" [_thread_blocked, id=1612, stack(0x000000002cd40000,0x000000002ce40000)]
  0x000000002049d800 JavaThread "Thread-1" [_thread_blocked, id=25000, stack(0x00000000217f0000,0x00000000218f0000)]
  0x0000000020417800 JavaThread "AWT-Windows" daemon [_thread_in_native, id=5356, stack(0x0000000020d50000,0x0000000020e50000)]
  0x0000000020416800 JavaThread "AWT-Shutdown" [_thread_blocked, id=8772, stack(0x0000000020c50000,0x0000000020d50000)]
  0x00000000204a8000 JavaThread "Java2D Disposer" daemon [_thread_blocked, id=15620, stack(0x0000000020b50000,0x0000000020c50000)]
  0x000000001e6da000 JavaThread "Service Thread" daemon [_thread_blocked, id=8168, stack(0x000000001ffa0000,0x00000000200a0000)]
  0x000000001e693800 JavaThread "C1 CompilerThread3" daemon [_thread_blocked, id=9552, stack(0x000000001fea0000,0x000000001ffa0000)]
=>0x000000001e673800 JavaThread "C2 CompilerThread2" daemon [_thread_in_native, id=16356, stack(0x000000001fda0000,0x000000001fea0000)]
  0x000000001e633000 JavaThread "C2 CompilerThread1" daemon [_thread_in_native, id=16368, stack(0x000000001fca0000,0x000000001fda0000)]
  0x000000001e62c000 JavaThread "C2 CompilerThread0" daemon [_thread_in_native, id=26188, stack(0x000000001fba0000,0x000000001fca0000)]
  0x000000001cf5e800 JavaThread "Signal Dispatcher" daemon [_thread_blocked, id=9796, stack(0x000000001faa0000,0x000000001fba0000)]
  0x000000001cf53800 JavaThread "Finalizer" daemon [_thread_blocked, id=24400, stack(0x000000001f8a0000,0x000000001f9a0000)]
  0x000000001cf4c800 JavaThread "Reference Handler" daemon [_thread_blocked, id=26524, stack(0x000000001f7a0000,0x000000001f8a0000)]

Other Threads:
  0x000000001cf46800 VMThread [stack: 0x000000001f6a0000,0x000000001f7a0000] [id=25960]
  0x000000001e6dc000 WatcherThread [stack: 0x00000000200a0000,0x00000000201a0000] [id=12896]

VM state:not at safepoint (normal execution)

VM Mutex/Monitor currently owned by a thread: None

Heap:
 PSYoungGen      total 141824K, used 33265K [0x000000076ad80000, 0x0000000774280000, 0x00000007c0000000)
  eden space 131072K, 25% used [0x000000076ad80000,0x000000076cdfc640,0x0000000772d80000)
  from space 10752K, 0% used [0x0000000772d80000,0x0000000772d80000,0x0000000773800000)
  to   space 10752K, 0% used [0x0000000773800000,0x0000000773800000,0x0000000774280000)
 ParOldGen       total 175104K, used 175076K [0x00000006c0800000, 0x00000006cb300000, 0x000000076ad80000)
  object space 175104K, 99% used [0x00000006c0800000,0x00000006cb2f91b8,0x00000006cb300000)
 Metaspace       used 29578K, capacity 30239K, committed 30592K, reserved 1077248K
  class space    used 3183K, capacity 3361K, committed 3456K, reserved 1048576K

Card table byte_map: [0x0000000012640000,0x0000000012e40000] byte_map_base: 0x000000000f03c000

Marking Bits: (ParMarkBitMap*) 0x00000000532b2d00
 Begin Bits: [0x0000000013da0000, 0x0000000017d80000)
 End Bits:   [0x0000000017d80000, 0x000000001bd60000)

Polling page: 0x0000000001730000

CodeCache: size=245760Kb used=21571Kb max_used=21571Kb free=224189Kb
 bounds [0x0000000003280000, 0x00000000047e0000, 0x0000000012280000]
 total_blobs=4404 nmethods=3723 adapters=592
 compilation: enabled

Compilation events (10 events):
Event: 31.647 Thread 0x000000001e693800 4425       2       ds::u (11 bytes)
Event: 31.647 Thread 0x000000001e693800 nmethod 4425 0x000000000380add0 code [0x000000000380af20, 0x000000000380b050]
Event: 31.654 Thread 0x000000001e693800 4447       3       dl::h (1289 bytes)
Event: 31.657 Thread 0x000000001e693800 nmethod 4447 0x0000000003c8d950 code [0x0000000003c8de60, 0x0000000003c90750]
Event: 31.657 Thread 0x000000001e693800 4448       3       ds::v (2380 bytes)
Event: 31.663 Thread 0x000000001e693800 nmethod 4448 0x00000000047c57d0 code [0x00000000047c61a0, 0x00000000047cbd38]
Event: 31.669 Thread 0x000000001e693800 4450       3       du::g (24 bytes)
Event: 31.670 Thread 0x000000001e693800 nmethod 4450 0x0000000003e0c650 code [0x0000000003e0c860, 0x0000000003e0d278]
Event: 31.691 Thread 0x000000001e693800 4451   !   3       fq::g (106 bytes)
Event: 31.693 Thread 0x000000001e693800 nmethod 4451 0x00000000047cfa10 code [0x00000000047cfd60, 0x00000000047d1978]

GC Heap History (10 events):
Event: 8.840 GC heap before
{Heap before GC invocations=9 (full 2):
 PSYoungGen      total 141824K, used 131328K [0x000000076ad80000, 0x0000000774280000, 0x00000007c0000000)
  eden space 131072K, 100% used [0x000000076ad80000,0x0000000772d80000,0x0000000772d80000)
  from space 10752K, 2% used [0x0000000773800000,0x0000000773840000,0x0000000774280000)
  to   space 10752K, 0% used [0x0000000772d80000,0x0000000772d80000,0x0000000773800000)
 ParOldGen       total 175104K, used 118253K [0x00000006c0800000, 0x00000006cb300000, 0x000000076ad80000)
  object space 175104K, 67% used [0x00000006c0800000,0x00000006c7b7b4b0,0x00000006cb300000)
 Metaspace       used 20725K, capacity 21246K, committed 21504K, reserved 1069056K
  class space    used 2619K, capacity 2766K, committed 2816K, reserved 1048576K
Event: 8.843 GC heap after
Heap after GC invocations=9 (full 2):
 PSYoungGen      total 141824K, used 288K [0x000000076ad80000, 0x0000000774280000, 0x00000007c0000000)
  eden space 131072K, 0% used [0x000000076ad80000,0x000000076ad80000,0x0000000772d80000)
  from space 10752K, 2% used [0x0000000772d80000,0x0000000772dc8000,0x0000000773800000)
  to   space 10752K, 0% used [0x0000000773800000,0x0000000773800000,0x0000000774280000)
 ParOldGen       total 175104K, used 118261K [0x00000006c0800000, 0x00000006cb300000, 0x000000076ad80000)
  object space 175104K, 67% used [0x00000006c0800000,0x00000006c7b7d4b0,0x00000006cb300000)
 Metaspace       used 20725K, capacity 21246K, committed 21504K, reserved 1069056K
  class space    used 2619K, capacity 2766K, committed 2816K, reserved 1048576K
}
Event: 10.032 GC heap before
{Heap before GC invocations=10 (full 2):
 PSYoungGen      total 141824K, used 131360K [0x000000076ad80000, 0x0000000774280000, 0x00000007c0000000)
  eden space 131072K, 100% used [0x000000076ad80000,0x0000000772d80000,0x0000000772d80000)
  from space 10752K, 2% used [0x0000000772d80000,0x0000000772dc8000,0x0000000773800000)
  to   space 10752K, 0% used [0x0000000773800000,0x0000000773800000,0x0000000774280000)
 ParOldGen       total 175104K, used 118261K [0x00000006c0800000, 0x00000006cb300000, 0x000000076ad80000)
  object space 175104K, 67% used [0x00000006c0800000,0x00000006c7b7d4b0,0x00000006cb300000)
 Metaspace       used 20816K, capacity 21310K, committed 21504K, reserved 1069056K
  class space    used 2623K, capacity 2766K, committed 2816K, reserved 1048576K
Event: 10.033 GC heap after
Heap after GC invocations=10 (full 2):
 PSYoungGen      total 141824K, used 576K [0x000000076ad80000, 0x0000000774280000, 0x00000007c0000000)
  eden space 131072K, 0% used [0x000000076ad80000,0x000000076ad80000,0x0000000772d80000)
  from space 10752K, 5% used [0x0000000773800000,0x0000000773890000,0x0000000774280000)
  to   space 10752K, 0% used [0x0000000772d80000,0x0000000772d80000,0x0000000773800000)
 ParOldGen       total 175104K, used 118269K [0x00000006c0800000, 0x00000006cb300000, 0x000000076ad80000)
  object space 175104K, 67% used [0x00000006c0800000,0x00000006c7b7f4b0,0x00000006cb300000)
 Metaspace       used 20816K, capacity 21310K, committed 21504K, reserved 1069056K
  class space    used 2623K, capacity 2766K, committed 2816K, reserved 1048576K
}
Event: 12.409 GC heap before
{Heap before GC invocations=11 (full 2):
 PSYoungGen      total 141824K, used 131648K [0x000000076ad80000, 0x0000000774280000, 0x00000007c0000000)
  eden space 131072K, 100% used [0x000000076ad80000,0x0000000772d80000,0x0000000772d80000)
  from space 10752K, 5% used [0x0000000773800000,0x0000000773890000,0x0000000774280000)
  to   space 10752K, 0% used [0x0000000772d80000,0x0000000772d80000,0x0000000773800000)
 ParOldGen       total 175104K, used 118269K [0x00000006c0800000, 0x00000006cb300000, 0x000000076ad80000)
  object space 175104K, 67% used [0x00000006c0800000,0x00000006c7b7f4b0,0x00000006cb300000)
 Metaspace       used 27561K, capacity 28243K, committed 28544K, reserved 1075200K
  class space    used 3174K, capacity 3361K, committed 3456K, reserved 1048576K
Event: 12.431 GC heap after
Heap after GC invocations=11 (full 2):
 PSYoungGen      total 141824K, used 10738K [0x000000076ad80000, 0x0000000774280000, 0x00000007c0000000)
  eden space 131072K, 0% used [0x000000076ad80000,0x000000076ad80000,0x0000000772d80000)
  from space 10752K, 99% used [0x0000000772d80000,0x00000007737fca40,0x0000000773800000)
  to   space 10752K, 0% used [0x0000000773800000,0x0000000773800000,0x0000000774280000)
 ParOldGen       total 175104K, used 149277K [0x00000006c0800000, 0x00000006cb300000, 0x000000076ad80000)
  object space 175104K, 85% used [0x00000006c0800000,0x00000006c99c7590,0x00000006cb300000)
 Metaspace       used 27561K, capacity 28243K, committed 28544K, reserved 1075200K
  class space    used 3174K, capacity 3361K, committed 3456K, reserved 1048576K
}
Event: 12.431 GC heap before
{Heap before GC invocations=12 (full 3):
 PSYoungGen      total 141824K, used 10738K [0x000000076ad80000, 0x0000000774280000, 0x00000007c0000000)
  eden space 131072K, 0% used [0x000000076ad80000,0x000000076ad80000,0x0000000772d80000)
  from space 10752K, 99% used [0x0000000772d80000,0x00000007737fca40,0x0000000773800000)
  to   space 10752K, 0% used [0x0000000773800000,0x0000000773800000,0x0000000774280000)
 ParOldGen       total 175104K, used 149277K [0x00000006c0800000, 0x00000006cb300000, 0x000000076ad80000)
  object space 175104K, 85% used [0x00000006c0800000,0x00000006c99c7590,0x00000006cb300000)
 Metaspace       used 27561K, capacity 28243K, committed 28544K, reserved 1075200K
  class space    used 3174K, capacity 3361K, committed 3456K, reserved 1048576K
Event: 12.663 GC heap after
Heap after GC invocations=12 (full 3):
 PSYoungGen      total 141824K, used 0K [0x000000076ad80000, 0x0000000774280000, 0x00000007c0000000)
  eden space 131072K, 0% used [0x000000076ad80000,0x000000076ad80000,0x0000000772d80000)
  from space 10752K, 0% used [0x0000000772d80000,0x0000000772d80000,0x0000000773800000)
  to   space 10752K, 0% used [0x0000000773800000,0x0000000773800000,0x0000000774280000)
 ParOldGen       total 175104K, used 148146K [0x00000006c0800000, 0x00000006cb300000, 0x000000076ad80000)
  object space 175104K, 84% used [0x00000006c0800000,0x00000006c98ac980,0x00000006cb300000)
 Metaspace       used 27033K, capacity 27675K, committed 28544K, reserved 1075200K
  class space    used 3076K, capacity 3257K, committed 3456K, reserved 1048576K
}
Event: 29.939 GC heap before
{Heap before GC invocations=13 (full 4):
 PSYoungGen      total 141824K, used 131072K [0x000000076ad80000, 0x0000000774280000, 0x00000007c0000000)
  eden space 131072K, 100% used [0x000000076ad80000,0x0000000772d80000,0x0000000772d80000)
  from space 10752K, 0% used [0x0000000772d80000,0x0000000772d80000,0x0000000773800000)
  to   space 10752K, 0% used [0x0000000773800000,0x0000000773800000,0x0000000774280000)
 ParOldGen       total 175104K, used 148146K [0x00000006c0800000, 0x00000006cb300000, 0x000000076ad80000)
  object space 175104K, 84% used [0x00000006c0800000,0x00000006c98ac980,0x00000006cb300000)
 Metaspace       used 29129K, capacity 29753K, committed 30080K, reserved 1075200K
  class space    used 3172K, capacity 3328K, committed 3456K, reserved 1048576K
Event: 30.282 GC heap after
Heap after GC invocations=13 (full 4):
 PSYoungGen      total 141824K, used 2038K [0x000000076ad80000, 0x0000000774280000, 0x00000007c0000000)
  eden space 131072K, 1% used [0x000000076ad80000,0x000000076af7da18,0x0000000772d80000)
  from space 10752K, 0% used [0x0000000772d80000,0x0000000772d80000,0x0000000773800000)
  to   space 10752K, 0% used [0x0000000773800000,0x0000000773800000,0x0000000774280000)
 ParOldGen       total 175104K, used 175076K [0x00000006c0800000, 0x00000006cb300000, 0x000000076ad80000)
  object space 175104K, 99% used [0x00000006c0800000,0x00000006cb2f91b8,0x00000006cb300000)
 Metaspace       used 29129K, capacity 29753K, committed 30080K, reserved 1075200K
  class space    used 3172K, capacity 3328K, committed 3456K, reserved 1048576K
}

Deoptimization events (10 events):
Event: 30.658 Thread 0x000000002086c000 Uncommon trap: reason=unstable_if action=reinterpret pc=0x00000000044fc134 method=au.q(ILcx;ZB)I @ 3
Event: 30.660 Thread 0x000000002086c000 Uncommon trap: reason=unstable_if action=reinterpret pc=0x00000000044f7d48 method=at.jb(Lhn;I)V @ 15
Event: 30.672 Thread 0x000000002086c000 Uncommon trap: reason=unstable_if action=reinterpret pc=0x00000000044afcec method=ee.e(ILcx;ZI)I @ 633
Event: 31.250 Thread 0x000000002086c000 Uncommon trap: reason=unstable_if action=reinterpret pc=0x00000000045b8684 method=em.iu(Lhn;IIZB)V @ 407
Event: 31.517 Thread 0x000000002086c000 Uncommon trap: reason=unstable_if action=reinterpret pc=0x0000000004694190 method=am.ju([Lhn;IIIIIIII)V @ 3470
Event: 31.519 Thread 0x000000002086c000 Uncommon trap: reason=unstable_if action=reinterpret pc=0x00000000044fe2bc method=at.jb(Lhn;I)V @ 15
Event: 31.532 Thread 0x000000002086c000 Uncommon trap: reason=unstable_if action=reinterpret pc=0x0000000004186598 method=de.f(IIIIIIIILdd;IZJI)Z @ 223
Event: 31.540 Thread 0x000000002086c000 Uncommon trap: reason=unstable_if action=reinterpret pc=0x00000000046a978c method=ds.x([IIIIIIII)V @ 3
Event: 31.593 Thread 0x000000002086c000 Uncommon trap: reason=unstable_if action=reinterpret pc=0x0000000003d65f48 method=ds.j(IIIIIIIII)V @ 1669
Event: 31.615 Thread 0x000000002086c000 Uncommon trap: reason=unstable_if action=reinterpret pc=0x0000000004227df8 method=du.q(Ldu;I)I @ 171

Classes redefined (0 events):
No events

Internal exceptions (10 events):
Event: 30.653 Thread 0x000000002ef5f800 Exception <a 'java/io/IOException'> (0x000000076bd5a1d0) thrown at [C:\re\workspace\8-2-build-windows-amd64-cygwin\jdk8u181\11358\hotspot\src\share\vm\prims\jni.cpp, line 709]
Event: 30.716 Thread 0x000000002ef58000 Exception <a 'java/io/IOException'> (0x000000076becb4e0) thrown at [C:\re\workspace\8-2-build-windows-amd64-cygwin\jdk8u181\11358\hotspot\src\share\vm\prims\jni.cpp, line 709]
Event: 30.716 Thread 0x000000002ef58000 Exception <a 'java/io/IOException'> (0x000000076becb780) thrown at [C:\re\workspace\8-2-build-windows-amd64-cygwin\jdk8u181\11358\hotspot\src\share\vm\prims\jni.cpp, line 709]
Event: 30.716 Thread 0x000000002ef58000 Exception <a 'java/io/IOException'> (0x000000076becb9f0) thrown at [C:\re\workspace\8-2-build-windows-amd64-cygwin\jdk8u181\11358\hotspot\src\share\vm\prims\jni.cpp, line 709]
Event: 30.874 Thread 0x000000002ef58000 Exception <a 'java/io/IOException'> (0x000000076bed2630) thrown at [C:\re\workspace\8-2-build-windows-amd64-cygwin\jdk8u181\11358\hotspot\src\share\vm\prims\jni.cpp, line 709]
Event: 30.874 Thread 0x000000002ef58000 Exception <a 'java/io/IOException'> (0x000000076bed28d0) thrown at [C:\re\workspace\8-2-build-windows-amd64-cygwin\jdk8u181\11358\hotspot\src\share\vm\prims\jni.cpp, line 709]
Event: 30.874 Thread 0x000000002ef58000 Exception <a 'java/io/IOException'> (0x000000076bed2b40) thrown at [C:\re\workspace\8-2-build-windows-amd64-cygwin\jdk8u181\11358\hotspot\src\share\vm\prims\jni.cpp, line 709]
Event: 31.406 Thread 0x000000002ef5f800 Exception <a 'java/io/IOException'> (0x000000076c8c0ca8) thrown at [C:\re\workspace\8-2-build-windows-amd64-cygwin\jdk8u181\11358\hotspot\src\share\vm\prims\jni.cpp, line 709]
Event: 31.406 Thread 0x000000002ef5f800 Exception <a 'java/io/IOException'> (0x000000076c8c0f48) thrown at [C:\re\workspace\8-2-build-windows-amd64-cygwin\jdk8u181\11358\hotspot\src\share\vm\prims\jni.cpp, line 709]
Event: 31.406 Thread 0x000000002ef5f800 Exception <a 'java/io/IOException'> (0x000000076c8c11b8) thrown at [C:\re\workspace\8-2-build-windows-amd64-cygwin\jdk8u181\11358\hotspot\src\share\vm\prims\jni.cpp, line 709]

Events (10 events):
Event: 31.681 Thread 0x000000002086c000 DEOPT PACKING pc=0x0000000004101b52 sp=0x000000003231e7f0
Event: 31.681 Thread 0x000000002086c000 DEOPT UNPACKING pc=0x00000000032c7890 sp=0x000000003231e550 mode 0
Event: 31.688 Thread 0x000000002086c000 DEOPT PACKING pc=0x00000000033dcb35 sp=0x000000003231e770
Event: 31.688 Thread 0x000000002086c000 DEOPT UNPACKING pc=0x00000000032c7890 sp=0x000000003231e460 mode 0
Event: 31.696 Thread 0x000000002086c000 DEOPT PACKING pc=0x00000000033dcb35 sp=0x000000003231e770
Event: 31.696 Thread 0x000000002086c000 DEOPT UNPACKING pc=0x00000000032c7890 sp=0x000000003231e460 mode 0
Event: 31.696 Thread 0x000000002086c000 DEOPT PACKING pc=0x00000000041019b7 sp=0x000000003231e7d0
Event: 31.696 Thread 0x000000002086c000 DEOPT UNPACKING pc=0x00000000032c7890 sp=0x000000003231e528 mode 0
Event: 31.703 Thread 0x000000002086c000 DEOPT PACKING pc=0x00000000033dcb35 sp=0x000000003231e770
Event: 31.703 Thread 0x000000002086c000 DEOPT UNPACKING pc=0x00000000032c7890 sp=0x000000003231e460 mode 0


Dynamic libraries:
0x00007ff6653c0000 - 0x00007ff6653f7000 	C:\Program Files\Java\jre1.8.0_181\bin\java.exe
0x00007ffe34840000 - 0x00007ffe34a21000 	C:\WINDOWS\SYSTEM32\ntdll.dll
0x00007ffe34680000 - 0x00007ffe34732000 	C:\WINDOWS\System32\KERNEL32.DLL
0x00007ffe31560000 - 0x00007ffe317d3000 	C:\WINDOWS\System32\KERNELBASE.dll
0x00007ffe31f00000 - 0x00007ffe31fa1000 	C:\WINDOWS\System32\ADVAPI32.dll
0x00007ffe342f0000 - 0x00007ffe3438e000 	C:\WINDOWS\System32\msvcrt.dll
0x00007ffe329b0000 - 0x00007ffe32a0b000 	C:\WINDOWS\System32\sechost.dll
0x00007ffe340d0000 - 0x00007ffe341f4000 	C:\WINDOWS\System32\RPCRT4.dll
0x00007ffe34430000 - 0x00007ffe345c0000 	C:\WINDOWS\System32\USER32.dll
0x00007ffe31cb0000 - 0x00007ffe31cd0000 	C:\WINDOWS\System32\win32u.dll
0x00007ffe31ed0000 - 0x00007ffe31ef8000 	C:\WINDOWS\System32\GDI32.dll
0x00007ffe31320000 - 0x00007ffe314b2000 	C:\WINDOWS\System32\gdi32full.dll
0x00007ffe314c0000 - 0x00007ffe3155f000 	C:\WINDOWS\System32\msvcp_win.dll
0x00007ffe31bb0000 - 0x00007ffe31caa000 	C:\WINDOWS\System32\ucrtbase.dll
0x00007ffe263c0000 - 0x00007ffe26629000 	C:\WINDOWS\WinSxS\amd64_microsoft.windows.common-controls_6595b64144ccf1df_6.0.17134.407_none_fb449d63306391e9\COMCTL32.dll
0x00007ffe320b0000 - 0x00007ffe323d2000 	C:\WINDOWS\System32\combase.dll
0x00007ffe31b30000 - 0x00007ffe31baa000 	C:\WINDOWS\System32\bcryptPrimitives.dll
0x00007ffe34390000 - 0x00007ffe343bd000 	C:\WINDOWS\System32\IMM32.DLL
0x00000000527e0000 - 0x00000000528b2000 	C:\Program Files\Java\jre1.8.0_181\bin\msvcr100.dll
0x0000000052a90000 - 0x0000000053332000 	C:\Program Files\Java\jre1.8.0_181\bin\server\jvm.dll
0x00007ffe343c0000 - 0x00007ffe343c8000 	C:\WINDOWS\System32\PSAPI.DLL
0x00007ffe2edb0000 - 0x00007ffe2edd3000 	C:\WINDOWS\SYSTEM32\WINMM.dll
0x00007ffe215d0000 - 0x00007ffe215d9000 	C:\WINDOWS\SYSTEM32\WSOCK32.dll
0x00007ffe2b580000 - 0x00007ffe2b58a000 	C:\WINDOWS\SYSTEM32\VERSION.dll
0x00007ffe34280000 - 0x00007ffe342ec000 	C:\WINDOWS\System32\WS2_32.dll
0x00007ffe2ebb0000 - 0x00007ffe2ebda000 	C:\WINDOWS\SYSTEM32\WINMMBASE.dll
0x00007ffe31ae0000 - 0x00007ffe31b29000 	C:\WINDOWS\System32\cfgmgr32.dll
0x00000000529a0000 - 0x00000000529af000 	C:\Program Files\Java\jre1.8.0_181\bin\verify.dll
0x0000000052970000 - 0x0000000052999000 	C:\Program Files\Java\jre1.8.0_181\bin\java.dll
0x0000000052950000 - 0x0000000052966000 	C:\Program Files\Java\jre1.8.0_181\bin\zip.dll
0x00007ffe32c90000 - 0x00007ffe340cf000 	C:\WINDOWS\System32\SHELL32.dll
0x00007ffe345d0000 - 0x00007ffe34679000 	C:\WINDOWS\System32\shcore.dll
0x00007ffe30c10000 - 0x00007ffe3131d000 	C:\WINDOWS\System32\windows.storage.dll
0x00007ffe32050000 - 0x00007ffe320a1000 	C:\WINDOWS\System32\shlwapi.dll
0x00007ffe30bf0000 - 0x00007ffe30c01000 	C:\WINDOWS\System32\kernel.appcore.dll
0x00007ffe30b60000 - 0x00007ffe30b7f000 	C:\WINDOWS\System32\profapi.dll
0x00007ffe30b80000 - 0x00007ffe30bcc000 	C:\WINDOWS\System32\powrprof.dll
0x00007ffe30b50000 - 0x00007ffe30b5a000 	C:\WINDOWS\System32\FLTLIB.DLL
0x0000000052640000 - 0x00000000527d9000 	C:\Program Files\Java\jre1.8.0_181\bin\awt.dll
0x00007ffe34740000 - 0x00007ffe34802000 	C:\WINDOWS\System32\OLEAUT32.dll
0x00007ffe2eed0000 - 0x00007ffe2ef5b000 	C:\WINDOWS\SYSTEM32\apphelp.dll
0x00007ffe2f050000 - 0x00007ffe2f0e8000 	C:\WINDOWS\system32\uxtheme.dll
0x00007ffe32830000 - 0x00007ffe329a3000 	C:\WINDOWS\System32\MSCTF.dll
0x00007ffe2f230000 - 0x00007ffe2f259000 	C:\WINDOWS\system32\dwmapi.dll
0x00007ffe32b30000 - 0x00007ffe32c81000 	C:\WINDOWS\System32\ole32.dll
0x00000000528e0000 - 0x0000000052904000 	C:\Program Files\Java\jre1.8.0_181\bin\sunec.dll
0x0000000052930000 - 0x000000005294a000 	C:\Program Files\Java\jre1.8.0_181\bin\net.dll
0x00007ffe30370000 - 0x00007ffe303d6000 	C:\WINDOWS\system32\mswsock.dll
0x00007ffe300f0000 - 0x00007ffe30128000 	C:\WINDOWS\SYSTEM32\IPHLPAPI.DLL
0x00007ffe32a10000 - 0x00007ffe32a18000 	C:\WINDOWS\System32\NSI.dll
0x00007ffe2b7d0000 - 0x00007ffe2b7e6000 	C:\WINDOWS\SYSTEM32\dhcpcsvc6.DLL
0x00007ffe2b790000 - 0x00007ffe2b7aa000 	C:\WINDOWS\SYSTEM32\dhcpcsvc.DLL
0x0000000052910000 - 0x0000000052921000 	C:\Program Files\Java\jre1.8.0_181\bin\nio.dll
0x00007ffe0ad50000 - 0x00007ffe0ae70000 	C:\WINDOWS\system32\opengl32.dll
0x00007ffe1bdf0000 - 0x00007ffe1be1c000 	C:\WINDOWS\SYSTEM32\GLU32.dll
0x00007ffe29500000 - 0x00007ffe29697000 	C:\WINDOWS\system32\d3d9.dll
0x00007ffe2a290000 - 0x00007ffe2a37b000 	C:\WINDOWS\System32\DriverStore\FileRepository\nv_dispi.inf_amd64_040c7acb04cee565\nvldumdx.dll
0x00007ffe318f0000 - 0x00007ffe31ad2000 	C:\WINDOWS\System32\crypt32.dll
0x00007ffe30bd0000 - 0x00007ffe30be2000 	C:\WINDOWS\System32\MSASN1.dll
0x00007ffe31890000 - 0x00007ffe318e7000 	C:\WINDOWS\System32\WINTRUST.DLL
0x00007ffe32a20000 - 0x00007ffe32a3d000 	C:\WINDOWS\System32\imagehlp.dll
0x00007ffe30530000 - 0x00007ffe30547000 	C:\WINDOWS\SYSTEM32\CRYPTSP.dll
0x00007ffe2ff50000 - 0x00007ffe2ff83000 	C:\WINDOWS\system32\rsaenh.dll
0x00007ffe30650000 - 0x00007ffe30675000 	C:\WINDOWS\SYSTEM32\bcrypt.dll
0x00007ffe30520000 - 0x00007ffe3052b000 	C:\WINDOWS\SYSTEM32\CRYPTBASE.dll
0x00007ffde3f50000 - 0x00007ffde5188000 	C:\WINDOWS\System32\DriverStore\FileRepository\nv_dispi.inf_amd64_040c7acb04cee565\nvd3dumx.dll
0x00007ffdfa220000 - 0x00007ffdfa464000 	C:\WINDOWS\system32\nvspcap64.dll
0x00007ffe2fc70000 - 0x00007ffe2fca1000 	C:\WINDOWS\SYSTEM32\ntmarta.dll
0x00007ffe2f890000 - 0x00007ffe2f8b2000 	C:\WINDOWS\SYSTEM32\gpapi.dll
0x00007ffe2b310000 - 0x00007ffe2b33e000 	C:\WINDOWS\SYSTEM32\cryptnet.dll
0x00000000525f0000 - 0x0000000052637000 	C:\Program Files\Java\jre1.8.0_181\bin\fontmanager.dll
0x00007ffe31fb0000 - 0x00007ffe32050000 	C:\WINDOWS\System32\clbcatq.dll
0x00007ffe2a8b0000 - 0x00007ffe2aa5e000 	C:\WINDOWS\SYSTEM32\WindowsCodecs.dll
0x00007ffe13280000 - 0x00007ffe132d8000 	C:\WINDOWS\system32\dataexchange.dll
0x00007ffe2e590000 - 0x00007ffe2e72c000 	C:\WINDOWS\system32\dcomp.dll
0x00007ffe2d680000 - 0x00007ffe2d98b000 	C:\WINDOWS\system32\d3d11.dll
0x00007ffe2f910000 - 0x00007ffe2f9cb000 	C:\WINDOWS\system32\dxgi.dll
0x00007ffe2f420000 - 0x00007ffe2f5d8000 	C:\WINDOWS\system32\twinapi.appcore.dll
0x00007ffe2f3c0000 - 0x00007ffe2f3e1000 	C:\WINDOWS\system32\RMCLIENT.dll
0x00000000525a0000 - 0x00000000525e2000 	C:\Program Files\Java\jre1.8.0_181\bin\t2k.dll
0x00007ffe25a40000 - 0x00007ffe25ad6000 	C:\WINDOWS\System32\TextInputFramework.dll
0x00007ffe2ecd0000 - 0x00007ffe2edaa000 	C:\WINDOWS\System32\CoreMessaging.dll
0x00007ffe2a440000 - 0x00007ffe2a75e000 	C:\WINDOWS\System32\CoreUIComponents.dll
0x00007ffe2ce20000 - 0x00007ffe2cf6d000 	C:\WINDOWS\SYSTEM32\wintypes.dll
0x00007ffe30a80000 - 0x00007ffe30aa8000 	C:\WINDOWS\SYSTEM32\USERENV.dll
0x00007ffe10800000 - 0x00007ffe10816000 	C:\WINDOWS\system32\napinsp.dll
0x00007ffe107e0000 - 0x00007ffe107fa000 	C:\WINDOWS\system32\pnrpnsp.dll
0x00007ffe2e570000 - 0x00007ffe2e589000 	C:\WINDOWS\system32\NLAapi.dll
0x00007ffe30130000 - 0x00007ffe301ee000 	C:\WINDOWS\SYSTEM32\DNSAPI.dll
0x00007ffe10770000 - 0x00007ffe1077e000 	C:\WINDOWS\System32\winrnr.dll
0x00007ffe115a0000 - 0x00007ffe115b5000 	C:\WINDOWS\System32\wshbth.dll
0x00007ffe29a40000 - 0x00007ffe29ab2000 	C:\WINDOWS\System32\fwpuclnt.dll
0x00007ffe29750000 - 0x00007ffe2975a000 	C:\Windows\System32\rasadhlp.dll
0x00000000528d0000 - 0x00000000528db000 	C:\Program Files\Java\jre1.8.0_181\bin\sunmscapi.dll
0x0000000052580000 - 0x0000000052597000 	C:\Program Files\Java\jre1.8.0_181\bin\unpack.dll
0x0000000052570000 - 0x000000005257c000 	C:\Program Files\Java\jre1.8.0_181\bin\jsound.dll
0x0000000052560000 - 0x000000005256b000 	C:\Program Files\Java\jre1.8.0_181\bin\jsoundds.dll
0x00007ffe17440000 - 0x00007ffe174cf000 	C:\WINDOWS\SYSTEM32\DSOUND.dll
0x00007ffe2aa90000 - 0x00007ffe2ab06000 	C:\WINDOWS\SYSTEM32\MMDevAPI.DLL
0x00007ffe30900000 - 0x00007ffe30927000 	C:\WINDOWS\SYSTEM32\DEVOBJ.dll
0x00007ffe2d350000 - 0x00007ffe2d504000 	C:\WINDOWS\SYSTEM32\PROPSYS.dll
0x00007ffe2c070000 - 0x00007ffe2c0b4000 	C:\WINDOWS\SYSTEM32\wdmaud.drv
0x00007ffe2bfe0000 - 0x00007ffe2bfe9000 	C:\WINDOWS\SYSTEM32\ksuser.dll
0x00007ffe2c820000 - 0x00007ffe2c82a000 	C:\WINDOWS\SYSTEM32\AVRT.dll
0x00007ffe1c5b0000 - 0x00007ffe1c6dc000 	C:\WINDOWS\SYSTEM32\AUDIOSES.DLL
0x00007ffe2c060000 - 0x00007ffe2c06d000 	C:\WINDOWS\SYSTEM32\msacm32.drv
0x00007ffe2c040000 - 0x00007ffe2c05c000 	C:\WINDOWS\SYSTEM32\MSACM32.dll
0x00007ffe2c030000 - 0x00007ffe2c03a000 	C:\WINDOWS\SYSTEM32\midimap.dll
0x00007ffe25ae0000 - 0x00007ffe25bf4000 	C:\Windows\System32\Windows.UI.dll
0x00007ffe259c0000 - 0x00007ffe25a39000 	C:\Windows\System32\InputHost.dll
0x0000000052520000 - 0x0000000052551000 	C:\Program Files\Java\jre1.8.0_181\bin\jpeg.dll

VM Arguments:
jvm_args: -Xbootclasspath/p:C:\Users\William Holmberg\OSBot\Data\filter_72cdb86.jar -XX:+DisableAttachMechanism 
java_command: org.osbot.BotApplication 0,1,0,ad_da_mig1@hotmail.com:ugot00wned2:1234,NEX:ugot00wned2_,152,0,0,1,0,0,null
java_class_path (initial): /C:/Users/William Holmberg/eclipse-workspace/NexusDesktop/osbot.jar;/C:/Users/William Holmberg/eclipse-workspace/NexusDesktop/osbot.jar
Launcher Type: SUN_STANDARD

Environment Variables:
PATH=C:/Program Files/Java/jre1.8.0_181/bin/server;C:/Program Files/Java/jre1.8.0_181/bin;C:/Program Files/Java/jre1.8.0_181/lib/amd64;C:\Program Files (x86)\Common Files\Oracle\Java\javapath;C:\Program Files (x86)\Intel\iCLS Client\;C:\Program Files\Intel\iCLS Client\;C:\WINDOWS\system32;C:\WINDOWS;C:\WINDOWS\System32\Wbem;C:\WINDOWS\System32\WindowsPowerShell\v1.0\;C:\WINDOWS\System32\OpenSSH\;C:\Program Files (x86)\NVIDIA Corporation\PhysX\Common;C:\Program Files (x86)\Intel\Intel(R) Management Engine Components\DAL;C:\Program Files\Intel\Intel(R) Management Engine Components\DAL;C:\Program Files (x86)\Intel\Intel(R) Management Engine Components\IPT;C:\Program Files\Intel\Intel(R) Management Engine Components\IPT;C:\Users\William Holmberg\AppData\Local\Microsoft\WindowsApps;C:\Users\William Holmberg\AppData\Local\GitHubDesktop\bin;C:\WINDOWS\system32;
USERNAME=William Holmberg
OS=Windows_NT
PROCESSOR_IDENTIFIER=Intel64 Family 6 Model 158 Stepping 10, GenuineIntel



---------------  S Y S T E M  ---------------

OS: Windows 10.0 , 64 bit Build 17134 (10.0.17134.1)

CPU:total 12 (initial active 12) (6 cores per cpu, 2 threads per core) family 6 model 158 stepping 10, cmov, cx8, fxsr, mmx, sse, sse2, sse3, ssse3, sse4.1, sse4.2, popcnt, avx, avx2, aes, clmul, erms, rtm, 3dnowpref, lzcnt, ht, tsc, tscinvbit, bmi1, bmi2, adx

Memory: 4k page, physical 16736684k(581460k free), swap 45909140k(6312k free)

vm_info: Java HotSpot(TM) 64-Bit Server VM (25.181-b13) for windows-amd64 JRE (1.8.0_181-b13), built on Jul  7 2018 04:01:33 by "java_re" with MS VC++ 10.0 (VS2010)

time: Thu Dec 06 20:19:36 2018
elapsed time: 31 seconds (0d 0h 0m 31s)

