#
# There is insufficient memory for the Java Runtime Environment to continue.
# Native memory allocation (malloc) failed to allocate 495376 bytes for Chunk::new
# Possible reasons:
#   The system is out of physical RAM or swap space
#   In 32 bit mode, the process size limit was hit
# Possible solutions:
#   Reduce memory load on the system
#   Increase physical memory or swap space
#   Check if swap backing store is full
#   Use 64 bit Java on a 64 bit OS
#   Decrease Java heap size (-Xmx/-Xms)
#   Decrease number of Java threads
#   Decrease Java thread stack sizes (-Xss)
#   Set larger code cache with -XX:ReservedCodeCacheSize=
# This output file may be truncated or incomplete.
#
#  Out of Memory Error (allocation.cpp:390), pid=15520, tid=0x00000000000035b4
#
# JRE version: Java(TM) SE Runtime Environment (8.0_181-b13) (build 1.8.0_181-b13)
# Java VM: Java HotSpot(TM) 64-Bit Server VM (25.181-b13 mixed mode windows-amd64 compressed oops)
# Failed to write core dump. Minidumps are not enabled by default on client versions of Windows
#

---------------  T H R E A D  ---------------

Current thread (0x000000001dcf2000):  JavaThread "C2 CompilerThread1" daemon [_thread_in_native, id=13748, stack(0x000000001f340000,0x000000001f440000)]

Stack: [0x000000001f340000,0x000000001f440000]
[error occurred during error reporting (printing stack bounds), id 0xc0000005]

Native frames: (J=compiled Java code, j=interpreted, Vv=VM code, C=native code)


Current CompileTask:
C2:  14507 2626       4       org.osbot.ud::IiiiIiiiiIII (27 bytes)


---------------  P R O C E S S  ---------------

Java Threads: ( => current thread )
  0x000000002d5d8800 JavaThread "Thread-5" [_thread_blocked, id=26892, stack(0x000000002e6c0000,0x000000002e7c0000)]
  0x000000002d5d9800 JavaThread "Keep-Alive-Timer" daemon [_thread_blocked, id=27060, stack(0x000000002e4c0000,0x000000002e5c0000)]
  0x000000001fe7c000 JavaThread "D3D Screen Updater" daemon [_thread_blocked, id=6820, stack(0x000000002cf40000,0x000000002d040000)]
  0x000000001fe79800 JavaThread "Thread-4" [_thread_blocked, id=25164, stack(0x000000002ce40000,0x000000002cf40000)]
  0x000000001fe9d800 JavaThread "Thread-3" [_thread_blocked, id=14860, stack(0x000000002cd40000,0x000000002ce40000)]
  0x000000001fe05000 JavaThread "TimerQueue" daemon [_thread_blocked, id=5088, stack(0x000000002ca40000,0x000000002cb40000)]
  0x000000001fd32000 JavaThread "AWT-EventQueue-0" [_thread_blocked, id=20964, stack(0x000000002c3f0000,0x000000002c4f0000)]
  0x000000001fb7a000 JavaThread "Thread-1" [_thread_blocked, id=17432, stack(0x0000000020db0000,0x0000000020eb0000)]
  0x000000001fb1d000 JavaThread "AWT-Windows" daemon [_thread_in_native, id=22440, stack(0x0000000020380000,0x0000000020480000)]
  0x000000001fb1b800 JavaThread "AWT-Shutdown" [_thread_blocked, id=9520, stack(0x0000000020280000,0x0000000020380000)]
  0x000000001fb1a800 JavaThread "Java2D Disposer" daemon [_thread_blocked, id=1120, stack(0x0000000020180000,0x0000000020280000)]
  0x000000001dd87800 JavaThread "Service Thread" daemon [_thread_blocked, id=2592, stack(0x000000001f640000,0x000000001f740000)]
  0x000000001dd52800 JavaThread "C1 CompilerThread3" daemon [_thread_blocked, id=25556, stack(0x000000001f540000,0x000000001f640000)]
  0x000000001dd18000 JavaThread "C2 CompilerThread2" daemon [_thread_in_native, id=25016, stack(0x000000001f440000,0x000000001f540000)]
=>0x000000001dcf2000 JavaThread "C2 CompilerThread1" daemon [_thread_in_native, id=13748, stack(0x000000001f340000,0x000000001f440000)]
  0x000000001dced000 JavaThread "C2 CompilerThread0" daemon [_thread_in_native, id=27048, stack(0x000000001f240000,0x000000001f340000)]
  0x000000001dcea000 JavaThread "Signal Dispatcher" daemon [_thread_blocked, id=4072, stack(0x000000001f140000,0x000000001f240000)]
  0x000000001dce3000 JavaThread "Finalizer" daemon [_thread_blocked, id=23268, stack(0x000000001ef40000,0x000000001f040000)]
  0x000000001c61d000 JavaThread "Reference Handler" daemon [_thread_blocked, id=27468, stack(0x000000001ee40000,0x000000001ef40000)]
  0x000000000274d800 JavaThread "main" [_thread_in_vm, id=6224, stack(0x0000000002750000,0x0000000002850000)]

Other Threads:
  0x000000001c617000 VMThread [stack: 0x000000001ed40000,0x000000001ee40000] [id=26904]
  0x000000001dd89800 WatcherThread [stack: 0x000000001f740000,0x000000001f840000] [id=17288]

VM state:not at safepoint (normal execution)

VM Mutex/Monitor currently owned by a thread: None

Heap:
 PSYoungGen      total 141824K, used 14299K [0x000000076ad80000, 0x0000000774280000, 0x00000007c0000000)
  eden space 131072K, 8% used [0x000000076ad80000,0x000000076b7dd0f0,0x0000000772d80000)
  from space 10752K, 34% used [0x0000000772d80000,0x0000000773119dd0,0x0000000773800000)
  to   space 10752K, 0% used [0x0000000773800000,0x0000000773800000,0x0000000774280000)
 ParOldGen       total 266752K, used 122180K [0x00000006c0800000, 0x00000006d0c80000, 0x000000076ad80000)
  object space 266752K, 45% used [0x00000006c0800000,0x00000006c7f51270,0x00000006d0c80000)
 Metaspace       used 22009K, capacity 22633K, committed 22912K, reserved 1069056K
  class space    used 2671K, capacity 2832K, committed 2944K, reserved 1048576K

Card table byte_map: [0x0000000011d10000,0x0000000012510000] byte_map_base: 0x000000000e70c000

Marking Bits: (ParMarkBitMap*) 0x00000000532b2d00
 Begin Bits: [0x0000000013470000, 0x0000000017450000)
 End Bits:   [0x0000000017450000, 0x000000001b430000)

Polling page: 0x00000000005d0000

CodeCache: size=245760Kb used=9934Kb max_used=9934Kb free=235826Kb
 bounds [0x0000000002950000, 0x0000000003310000, 0x0000000011950000]
 total_blobs=3221 nmethods=2650 adapters=482
 compilation: enabled

Compilation events (10 events):
Event: 14.444 Thread 0x000000001dd52800 2670       3       org.osbot.qE::IiiiIiiiiIII (1 bytes)
Event: 14.444 Thread 0x000000001dd52800 nmethod 2670 0x00000000032f3bd0 code [0x00000000032f3d20, 0x00000000032f3e70]
Event: 14.451 Thread 0x000000001dd52800 2676       3       org.osbot.gE::IiiiIiiiiIII (349 bytes)
Event: 14.451 Thread 0x000000001dd52800 nmethod 2676 0x0000000003301c10 code [0x0000000003301e40, 0x0000000003302b08]
Event: 14.454 Thread 0x000000001dd52800 2677       1       org.osbot.ne::iiiiiiiIIIii (1 bytes)
Event: 14.454 Thread 0x000000001dd52800 nmethod 2677 0x0000000003307490 code [0x00000000033075e0, 0x00000000033076f0]
Event: 14.457 Thread 0x000000001dd52800 2678       1       org.osbot.ne::IiiiIiiiiIII (1 bytes)
Event: 14.457 Thread 0x000000001dd52800 nmethod 2678 0x00000000033071d0 code [0x0000000003307320, 0x0000000003307430]
Event: 14.488 Thread 0x000000001dd52800 2681       3       org.osbot.eE::IiiiIiiiiIII (90 bytes)
Event: 14.489 Thread 0x000000001dd52800 nmethod 2681 0x000000000330af10 code [0x000000000330b100, 0x000000000330bc28]

GC Heap History (10 events):
Event: 9.599 GC heap before
{Heap before GC invocations=6 (full 1):
 PSYoungGen      total 141824K, used 10731K [0x000000076ad80000, 0x0000000774280000, 0x00000007c0000000)
  eden space 131072K, 0% used [0x000000076ad80000,0x000000076ad80000,0x0000000772d80000)
  from space 10752K, 99% used [0x0000000772d80000,0x00000007737faea8,0x0000000773800000)
  to   space 10752K, 0% used [0x0000000773800000,0x0000000773800000,0x0000000774280000)
 ParOldGen       total 175104K, used 114384K [0x00000006c0800000, 0x00000006cb300000, 0x000000076ad80000)
  object space 175104K, 65% used [0x00000006c0800000,0x00000006c77b4330,0x00000006cb300000)
 Metaspace       used 20653K, capacity 21182K, committed 21248K, reserved 1067008K
  class space    used 2619K, capacity 2766K, committed 2816K, reserved 1048576K
Event: 9.954 GC heap after
Heap after GC invocations=6 (full 1):
 PSYoungGen      total 141824K, used 0K [0x000000076ad80000, 0x0000000774280000, 0x00000007c0000000)
  eden space 131072K, 0% used [0x000000076ad80000,0x000000076ad80000,0x0000000772d80000)
  from space 10752K, 0% used [0x0000000772d80000,0x0000000772d80000,0x0000000773800000)
  to   space 10752K, 0% used [0x0000000773800000,0x0000000773800000,0x0000000774280000)
 ParOldGen       total 266752K, used 122156K [0x00000006c0800000, 0x00000006d0c80000, 0x000000076ad80000)
  object space 266752K, 45% used [0x00000006c0800000,0x00000006c7f4b270,0x00000006d0c80000)
 Metaspace       used 20653K, capacity 21182K, committed 21248K, reserved 1067008K
  class space    used 2619K, capacity 2766K, committed 2816K, reserved 1048576K
}
Event: 11.100 GC heap before
{Heap before GC invocations=7 (full 1):
 PSYoungGen      total 141824K, used 131072K [0x000000076ad80000, 0x0000000774280000, 0x00000007c0000000)
  eden space 131072K, 100% used [0x000000076ad80000,0x0000000772d80000,0x0000000772d80000)
  from space 10752K, 0% used [0x0000000772d80000,0x0000000772d80000,0x0000000773800000)
  to   space 10752K, 0% used [0x0000000773800000,0x0000000773800000,0x0000000774280000)
 ParOldGen       total 266752K, used 122156K [0x00000006c0800000, 0x00000006d0c80000, 0x000000076ad80000)
  object space 266752K, 45% used [0x00000006c0800000,0x00000006c7f4b270,0x00000006d0c80000)
 Metaspace       used 20680K, capacity 21246K, committed 21504K, reserved 1069056K
  class space    used 2619K, capacity 2766K, committed 2816K, reserved 1048576K
Event: 11.102 GC heap after
Heap after GC invocations=7 (full 1):
 PSYoungGen      total 141824K, used 775K [0x000000076ad80000, 0x0000000774280000, 0x00000007c0000000)
  eden space 131072K, 0% used [0x000000076ad80000,0x000000076ad80000,0x0000000772d80000)
  from space 10752K, 7% used [0x0000000773800000,0x00000007738c1cd8,0x0000000774280000)
  to   space 10752K, 0% used [0x0000000772d80000,0x0000000772d80000,0x0000000773800000)
 ParOldGen       total 266752K, used 122164K [0x00000006c0800000, 0x00000006d0c80000, 0x000000076ad80000)
  object space 266752K, 45% used [0x00000006c0800000,0x00000006c7f4d270,0x00000006d0c80000)
 Metaspace       used 20680K, capacity 21246K, committed 21504K, reserved 1069056K
  class space    used 2619K, capacity 2766K, committed 2816K, reserved 1048576K
}
Event: 12.145 GC heap before
{Heap before GC invocations=8 (full 1):
 PSYoungGen      total 141824K, used 131847K [0x000000076ad80000, 0x0000000774280000, 0x00000007c0000000)
  eden space 131072K, 100% used [0x000000076ad80000,0x0000000772d80000,0x0000000772d80000)
  from space 10752K, 7% used [0x0000000773800000,0x00000007738c1cd8,0x0000000774280000)
  to   space 10752K, 0% used [0x0000000772d80000,0x0000000772d80000,0x0000000773800000)
 ParOldGen       total 266752K, used 122164K [0x00000006c0800000, 0x00000006d0c80000, 0x000000076ad80000)
  object space 266752K, 45% used [0x00000006c0800000,0x00000006c7f4d270,0x00000006d0c80000)
 Metaspace       used 20711K, capacity 21246K, committed 21504K, reserved 1069056K
  class space    used 2619K, capacity 2766K, committed 2816K, reserved 1048576K
Event: 12.146 GC heap after
Heap after GC invocations=8 (full 1):
 PSYoungGen      total 141824K, used 659K [0x000000076ad80000, 0x0000000774280000, 0x00000007c0000000)
  eden space 131072K, 0% used [0x000000076ad80000,0x000000076ad80000,0x0000000772d80000)
  from space 10752K, 6% used [0x0000000772d80000,0x0000000772e24e50,0x0000000773800000)
  to   space 10752K, 0% used [0x0000000773800000,0x0000000773800000,0x0000000774280000)
 ParOldGen       total 266752K, used 122164K [0x00000006c0800000, 0x00000006d0c80000, 0x000000076ad80000)
  object space 266752K, 45% used [0x00000006c0800000,0x00000006c7f4d270,0x00000006d0c80000)
 Metaspace       used 20711K, capacity 21246K, committed 21504K, reserved 1069056K
  class space    used 2619K, capacity 2766K, committed 2816K, reserved 1048576K
}
Event: 13.087 GC heap before
{Heap before GC invocations=9 (full 1):
 PSYoungGen      total 141824K, used 131731K [0x000000076ad80000, 0x0000000774280000, 0x00000007c0000000)
  eden space 131072K, 100% used [0x000000076ad80000,0x0000000772d80000,0x0000000772d80000)
  from space 10752K, 6% used [0x0000000772d80000,0x0000000772e24e50,0x0000000773800000)
  to   space 10752K, 0% used [0x0000000773800000,0x0000000773800000,0x0000000774280000)
 ParOldGen       total 266752K, used 122164K [0x00000006c0800000, 0x00000006d0c80000, 0x000000076ad80000)
  object space 266752K, 45% used [0x00000006c0800000,0x00000006c7f4d270,0x00000006d0c80000)
 Metaspace       used 20712K, capacity 21246K, committed 21504K, reserved 1069056K
  class space    used 2619K, capacity 2766K, committed 2816K, reserved 1048576K
Event: 13.089 GC heap after
Heap after GC invocations=9 (full 1):
 PSYoungGen      total 141824K, used 595K [0x000000076ad80000, 0x0000000774280000, 0x00000007c0000000)
  eden space 131072K, 0% used [0x000000076ad80000,0x000000076ad80000,0x0000000772d80000)
  from space 10752K, 5% used [0x0000000773800000,0x0000000773894e60,0x0000000774280000)
  to   space 10752K, 0% used [0x0000000772d80000,0x0000000772d80000,0x0000000773800000)
 ParOldGen       total 266752K, used 122172K [0x00000006c0800000, 0x00000006d0c80000, 0x000000076ad80000)
  object space 266752K, 45% used [0x00000006c0800000,0x00000006c7f4f270,0x00000006d0c80000)
 Metaspace       used 20712K, capacity 21246K, committed 21504K, reserved 1069056K
  class space    used 2619K, capacity 2766K, committed 2816K, reserved 1048576K
}
Event: 14.401 GC heap before
{Heap before GC invocations=10 (full 1):
 PSYoungGen      total 141824K, used 131667K [0x000000076ad80000, 0x0000000774280000, 0x00000007c0000000)
  eden space 131072K, 100% used [0x000000076ad80000,0x0000000772d80000,0x0000000772d80000)
  from space 10752K, 5% used [0x0000000773800000,0x0000000773894e60,0x0000000774280000)
  to   space 10752K, 0% used [0x0000000772d80000,0x0000000772d80000,0x0000000773800000)
 ParOldGen       total 266752K, used 122172K [0x00000006c0800000, 0x00000006d0c80000, 0x000000076ad80000)
  object space 266752K, 45% used [0x00000006c0800000,0x00000006c7f4f270,0x00000006d0c80000)
 Metaspace       used 20853K, capacity 21438K, committed 21504K, reserved 1069056K
  class space    used 2623K, capacity 2766K, committed 2816K, reserved 1048576K
Event: 14.404 GC heap after
Heap after GC invocations=10 (full 1):
 PSYoungGen      total 141824K, used 3687K [0x000000076ad80000, 0x0000000774280000, 0x00000007c0000000)
  eden space 131072K, 0% used [0x000000076ad80000,0x000000076ad80000,0x0000000772d80000)
  from space 10752K, 34% used [0x0000000772d80000,0x0000000773119dd0,0x0000000773800000)
  to   space 10752K, 0% used [0x0000000773800000,0x0000000773800000,0x0000000774280000)
 ParOldGen       total 266752K, used 122180K [0x00000006c0800000, 0x00000006d0c80000, 0x000000076ad80000)
  object space 266752K, 45% used [0x00000006c0800000,0x00000006c7f51270,0x00000006d0c80000)
 Metaspace       used 20853K, capacity 21438K, committed 21504K, reserved 1069056K
  class space    used 2623K, capacity 2766K, committed 2816K, reserved 1048576K
}

Deoptimization events (10 events):
Event: 11.516 Thread 0x000000000274d800 Uncommon trap: reason=unstable_if action=reinterpret pc=0x00000000031e2150 method=org.osbot.RB.IiiiIiiiiIII(Lorg/osbot/eE;Lorg/osbot/iE;Lorg/osbot/UE;Lorg/osbot/Sc;)V @ 29
Event: 11.520 Thread 0x000000000274d800 Uncommon trap: reason=predicate action=maybe_recompile pc=0x00000000031df73c method=org.osbot.RB.IiiiIiiiiIII(Ljava/lang/String;)Ljava/lang/String; @ 93
Event: 11.522 Thread 0x000000000274d800 Uncommon trap: reason=unstable_if action=reinterpret pc=0x00000000031d8a20 method=org.osbot.RB.IiiiIiiiiIII(Lorg/osbot/eE;Lorg/osbot/iE;Lorg/osbot/UE;Lorg/osbot/Rd;)V @ 27
Event: 11.533 Thread 0x000000000274d800 Uncommon trap: reason=unstable_if action=reinterpret pc=0x00000000031d9690 method=org.osbot.RB.IiiiIiiiiIII(Lorg/osbot/eE;Lorg/osbot/iE;Lorg/osbot/UE;Lorg/osbot/Yc;)V @ 26
Event: 11.870 Thread 0x000000000274d800 Uncommon trap: reason=unstable_if action=reinterpret pc=0x00000000032070a0 method=org.osbot.ZA.IiiiIiiiiIII(Lorg/osbot/eE;Lorg/osbot/iE;Lorg/osbot/UE;Lorg/osbot/ud;)V @ 89
Event: 13.513 Thread 0x000000000274d800 Uncommon trap: reason=unstable_if action=reinterpret pc=0x0000000003276508 method=org.osbot.y.IiiiIiiiiIII(Ljava/lang/String;)Ljava/lang/String; @ 148
Event: 13.752 Thread 0x000000000274d800 Uncommon trap: reason=unstable_if action=reinterpret pc=0x000000000329159c method=org.osbot.y.IiiiIiiiiIII(Lorg/osbot/eE;Lorg/osbot/iE;Lorg/osbot/UE;)V @ 3169
Event: 14.413 Thread 0x000000000274d800 Uncommon trap: reason=unstable_if action=reinterpret pc=0x00000000032d8460 method=org.osbot.ne.IIIIIiiIiiii(II)V @ 150
Event: 14.413 Thread 0x000000000274d800 Uncommon trap: reason=unstable_if action=reinterpret pc=0x00000000032e046c method=org.osbot.ne.IIIIIiiIiiii(II)V @ 138
Event: 14.451 Thread 0x000000000274d800 Uncommon trap: reason=unstable_if action=reinterpret pc=0x00000000032d3304 method=org.osbot.gE.IiiiIiiiiIII(Lorg/osbot/gE;)Z @ 252

Classes redefined (0 events):
No events

Internal exceptions (10 events):
Event: 13.102 Thread 0x000000000274d800 Exception <a 'java/io/IOException'> (0x000000076af435b0) thrown at [C:\re\workspace\8-2-build-windows-amd64-cygwin\jdk8u181\11358\hotspot\src\share\vm\prims\jni.cpp, line 709]
Event: 13.224 Thread 0x000000000274d800 Exception <a 'java/io/IOException'> (0x000000076bd4c8c8) thrown at [C:\re\workspace\8-2-build-windows-amd64-cygwin\jdk8u181\11358\hotspot\src\share\vm\prims\jni.cpp, line 709]
Event: 13.224 Thread 0x000000000274d800 Exception <a 'java/io/IOException'> (0x000000076bd4cb68) thrown at [C:\re\workspace\8-2-build-windows-amd64-cygwin\jdk8u181\11358\hotspot\src\share\vm\prims\jni.cpp, line 709]
Event: 13.224 Thread 0x000000000274d800 Exception <a 'java/io/IOException'> (0x000000076bd4cdd8) thrown at [C:\re\workspace\8-2-build-windows-amd64-cygwin\jdk8u181\11358\hotspot\src\share\vm\prims\jni.cpp, line 709]
Event: 13.308 Thread 0x000000000274d800 Exception <a 'java/io/IOException'> (0x000000076c54b980) thrown at [C:\re\workspace\8-2-build-windows-amd64-cygwin\jdk8u181\11358\hotspot\src\share\vm\prims\jni.cpp, line 709]
Event: 13.308 Thread 0x000000000274d800 Exception <a 'java/io/IOException'> (0x000000076c54bc20) thrown at [C:\re\workspace\8-2-build-windows-amd64-cygwin\jdk8u181\11358\hotspot\src\share\vm\prims\jni.cpp, line 709]
Event: 13.308 Thread 0x000000000274d800 Exception <a 'java/io/IOException'> (0x000000076c54be90) thrown at [C:\re\workspace\8-2-build-windows-amd64-cygwin\jdk8u181\11358\hotspot\src\share\vm\prims\jni.cpp, line 709]
Event: 14.097 Thread 0x000000000274d800 Exception <a 'java/io/IOException'> (0x00000007712bba58) thrown at [C:\re\workspace\8-2-build-windows-amd64-cygwin\jdk8u181\11358\hotspot\src\share\vm\prims\jni.cpp, line 709]
Event: 14.097 Thread 0x000000000274d800 Exception <a 'java/io/IOException'> (0x00000007712bbcf8) thrown at [C:\re\workspace\8-2-build-windows-amd64-cygwin\jdk8u181\11358\hotspot\src\share\vm\prims\jni.cpp, line 709]
Event: 14.097 Thread 0x000000000274d800 Exception <a 'java/io/IOException'> (0x00000007712bbf68) thrown at [C:\re\workspace\8-2-build-windows-amd64-cygwin\jdk8u181\11358\hotspot\src\share\vm\prims\jni.cpp, line 709]

Events (10 events):
Event: 14.448 Thread 0x000000000274d800 DEOPT UNPACKING pc=0x0000000002997890 sp=0x000000000284d5d8 mode 0
Event: 14.451 Thread 0x000000000274d800 Uncommon trap: trap_request=0xffffff65 fr.pc=0x00000000032d3304
Event: 14.451 Thread 0x000000000274d800 DEOPT PACKING pc=0x00000000032d3304 sp=0x000000000284d620
Event: 14.451 Thread 0x000000000274d800 DEOPT UNPACKING pc=0x000000000299583b sp=0x000000000284d5b8 mode 2
Event: 14.453 Thread 0x000000000274d800 DEOPT PACKING pc=0x00000000032e2f38 sp=0x000000000284d820
Event: 14.453 Thread 0x000000000274d800 DEOPT UNPACKING pc=0x0000000002997890 sp=0x000000000284d5d8 mode 0
Event: 14.460 Thread 0x000000000274d800 DEOPT PACKING pc=0x00000000032e2f38 sp=0x000000000284d820
Event: 14.460 Thread 0x000000000274d800 DEOPT UNPACKING pc=0x0000000002997890 sp=0x000000000284d5d8 mode 0
Event: 14.486 Thread 0x000000000274d800 DEOPT PACKING pc=0x00000000032e2f38 sp=0x000000000284d820
Event: 14.486 Thread 0x000000000274d800 DEOPT UNPACKING pc=0x0000000002997890 sp=0x000000000284d5d8 mode 0


Dynamic libraries:
0x00007ff6653c0000 - 0x00007ff6653f7000 	C:\Program Files\Java\jre1.8.0_181\bin\java.exe
0x00007ffe34840000 - 0x00007ffe34a21000 	C:\WINDOWS\SYSTEM32\ntdll.dll
0x00007ffe34680000 - 0x00007ffe34732000 	C:\WINDOWS\System32\KERNEL32.DLL
0x00007ffe31560000 - 0x00007ffe317d3000 	C:\WINDOWS\System32\KERNELBASE.dll
0x00007ffe31f00000 - 0x00007ffe31fa1000 	C:\WINDOWS\System32\ADVAPI32.dll
0x00007ffe342f0000 - 0x00007ffe3438e000 	C:\WINDOWS\System32\msvcrt.dll
0x00007ffe329b0000 - 0x00007ffe32a0b000 	C:\WINDOWS\System32\sechost.dll
0x00007ffe340d0000 - 0x00007ffe341f4000 	C:\WINDOWS\System32\RPCRT4.dll
0x00007ffe34430000 - 0x00007ffe345c0000 	C:\WINDOWS\System32\USER32.dll
0x00007ffe31cb0000 - 0x00007ffe31cd0000 	C:\WINDOWS\System32\win32u.dll
0x00007ffe31ed0000 - 0x00007ffe31ef8000 	C:\WINDOWS\System32\GDI32.dll
0x00007ffe31320000 - 0x00007ffe314b2000 	C:\WINDOWS\System32\gdi32full.dll
0x00007ffe314c0000 - 0x00007ffe3155f000 	C:\WINDOWS\System32\msvcp_win.dll
0x00007ffe31bb0000 - 0x00007ffe31caa000 	C:\WINDOWS\System32\ucrtbase.dll
0x00007ffe263c0000 - 0x00007ffe26629000 	C:\WINDOWS\WinSxS\amd64_microsoft.windows.common-controls_6595b64144ccf1df_6.0.17134.407_none_fb449d63306391e9\COMCTL32.dll
0x00007ffe320b0000 - 0x00007ffe323d2000 	C:\WINDOWS\System32\combase.dll
0x00007ffe31b30000 - 0x00007ffe31baa000 	C:\WINDOWS\System32\bcryptPrimitives.dll
0x00007ffe34390000 - 0x00007ffe343bd000 	C:\WINDOWS\System32\IMM32.DLL
0x00000000527e0000 - 0x00000000528b2000 	C:\Program Files\Java\jre1.8.0_181\bin\msvcr100.dll
0x0000000052a90000 - 0x0000000053332000 	C:\Program Files\Java\jre1.8.0_181\bin\server\jvm.dll
0x00007ffe343c0000 - 0x00007ffe343c8000 	C:\WINDOWS\System32\PSAPI.DLL
0x00007ffe215d0000 - 0x00007ffe215d9000 	C:\WINDOWS\SYSTEM32\WSOCK32.dll
0x00007ffe2b580000 - 0x00007ffe2b58a000 	C:\WINDOWS\SYSTEM32\VERSION.dll
0x00007ffe2edb0000 - 0x00007ffe2edd3000 	C:\WINDOWS\SYSTEM32\WINMM.dll
0x00007ffe34280000 - 0x00007ffe342ec000 	C:\WINDOWS\System32\WS2_32.dll
0x00007ffe2ebb0000 - 0x00007ffe2ebda000 	C:\WINDOWS\SYSTEM32\WINMMBASE.dll
0x00007ffe31ae0000 - 0x00007ffe31b29000 	C:\WINDOWS\System32\cfgmgr32.dll
0x00000000529a0000 - 0x00000000529af000 	C:\Program Files\Java\jre1.8.0_181\bin\verify.dll
0x0000000052970000 - 0x0000000052999000 	C:\Program Files\Java\jre1.8.0_181\bin\java.dll
0x0000000052950000 - 0x0000000052966000 	C:\Program Files\Java\jre1.8.0_181\bin\zip.dll
0x00007ffe32c90000 - 0x00007ffe340cf000 	C:\WINDOWS\System32\SHELL32.dll
0x00007ffe345d0000 - 0x00007ffe34679000 	C:\WINDOWS\System32\shcore.dll
0x00007ffe30c10000 - 0x00007ffe3131d000 	C:\WINDOWS\System32\windows.storage.dll
0x00007ffe32050000 - 0x00007ffe320a1000 	C:\WINDOWS\System32\shlwapi.dll
0x00007ffe30bf0000 - 0x00007ffe30c01000 	C:\WINDOWS\System32\kernel.appcore.dll
0x00007ffe30b60000 - 0x00007ffe30b7f000 	C:\WINDOWS\System32\profapi.dll
0x00007ffe30b80000 - 0x00007ffe30bcc000 	C:\WINDOWS\System32\powrprof.dll
0x00007ffe30b50000 - 0x00007ffe30b5a000 	C:\WINDOWS\System32\FLTLIB.DLL
0x0000000052640000 - 0x00000000527d9000 	C:\Program Files\Java\jre1.8.0_181\bin\awt.dll
0x00007ffe34740000 - 0x00007ffe34802000 	C:\WINDOWS\System32\OLEAUT32.dll
0x00007ffe2eed0000 - 0x00007ffe2ef5b000 	C:\WINDOWS\SYSTEM32\apphelp.dll
0x00007ffe2f050000 - 0x00007ffe2f0e8000 	C:\WINDOWS\system32\uxtheme.dll
0x00007ffe32830000 - 0x00007ffe329a3000 	C:\WINDOWS\System32\MSCTF.dll
0x00007ffe2f230000 - 0x00007ffe2f259000 	C:\WINDOWS\system32\dwmapi.dll
0x00007ffe32b30000 - 0x00007ffe32c81000 	C:\WINDOWS\System32\ole32.dll
0x00000000528e0000 - 0x0000000052904000 	C:\Program Files\Java\jre1.8.0_181\bin\sunec.dll
0x0000000052930000 - 0x000000005294a000 	C:\Program Files\Java\jre1.8.0_181\bin\net.dll
0x00007ffe30370000 - 0x00007ffe303d6000 	C:\WINDOWS\system32\mswsock.dll
0x00007ffe300f0000 - 0x00007ffe30128000 	C:\WINDOWS\SYSTEM32\IPHLPAPI.DLL
0x00007ffe32a10000 - 0x00007ffe32a18000 	C:\WINDOWS\System32\NSI.dll
0x00007ffe2b7d0000 - 0x00007ffe2b7e6000 	C:\WINDOWS\SYSTEM32\dhcpcsvc6.DLL
0x00007ffe2b790000 - 0x00007ffe2b7aa000 	C:\WINDOWS\SYSTEM32\dhcpcsvc.DLL
0x0000000052910000 - 0x0000000052921000 	C:\Program Files\Java\jre1.8.0_181\bin\nio.dll
0x00007ffe0ad50000 - 0x00007ffe0ae70000 	C:\WINDOWS\system32\opengl32.dll
0x00007ffe1bdf0000 - 0x00007ffe1be1c000 	C:\WINDOWS\SYSTEM32\GLU32.dll
0x00007ffe29500000 - 0x00007ffe29697000 	C:\WINDOWS\system32\d3d9.dll
0x00007ffe2a290000 - 0x00007ffe2a37b000 	C:\WINDOWS\System32\DriverStore\FileRepository\nv_dispi.inf_amd64_040c7acb04cee565\nvldumdx.dll
0x00007ffe318f0000 - 0x00007ffe31ad2000 	C:\WINDOWS\System32\crypt32.dll
0x00007ffe30bd0000 - 0x00007ffe30be2000 	C:\WINDOWS\System32\MSASN1.dll
0x00007ffe31890000 - 0x00007ffe318e7000 	C:\WINDOWS\System32\WINTRUST.DLL
0x00007ffe32a20000 - 0x00007ffe32a3d000 	C:\WINDOWS\System32\imagehlp.dll
0x00007ffe30530000 - 0x00007ffe30547000 	C:\WINDOWS\SYSTEM32\CRYPTSP.dll
0x00007ffe2ff50000 - 0x00007ffe2ff83000 	C:\WINDOWS\system32\rsaenh.dll
0x00007ffe30650000 - 0x00007ffe30675000 	C:\WINDOWS\SYSTEM32\bcrypt.dll
0x00007ffe30520000 - 0x00007ffe3052b000 	C:\WINDOWS\SYSTEM32\CRYPTBASE.dll
0x00007ffde3f50000 - 0x00007ffde5188000 	C:\WINDOWS\System32\DriverStore\FileRepository\nv_dispi.inf_amd64_040c7acb04cee565\nvd3dumx.dll
0x00007ffdfa220000 - 0x00007ffdfa464000 	C:\WINDOWS\system32\nvspcap64.dll
0x00007ffe2fc70000 - 0x00007ffe2fca1000 	C:\WINDOWS\SYSTEM32\ntmarta.dll
0x00007ffe2f890000 - 0x00007ffe2f8b2000 	C:\WINDOWS\SYSTEM32\gpapi.dll
0x00007ffe2b310000 - 0x00007ffe2b33e000 	C:\WINDOWS\SYSTEM32\cryptnet.dll
0x00000000525f0000 - 0x0000000052637000 	C:\Program Files\Java\jre1.8.0_181\bin\fontmanager.dll
0x00007ffe31fb0000 - 0x00007ffe32050000 	C:\WINDOWS\System32\clbcatq.dll
0x00007ffe2a8b0000 - 0x00007ffe2aa5e000 	C:\WINDOWS\SYSTEM32\WindowsCodecs.dll
0x00007ffe13280000 - 0x00007ffe132d8000 	C:\WINDOWS\system32\dataexchange.dll
0x00007ffe2e590000 - 0x00007ffe2e72c000 	C:\WINDOWS\system32\dcomp.dll
0x00007ffe2d680000 - 0x00007ffe2d98b000 	C:\WINDOWS\system32\d3d11.dll
0x00007ffe2f910000 - 0x00007ffe2f9cb000 	C:\WINDOWS\system32\dxgi.dll
0x00007ffe2f420000 - 0x00007ffe2f5d8000 	C:\WINDOWS\system32\twinapi.appcore.dll
0x00007ffe2f3c0000 - 0x00007ffe2f3e1000 	C:\WINDOWS\system32\RMCLIENT.dll
0x00000000525a0000 - 0x00000000525e2000 	C:\Program Files\Java\jre1.8.0_181\bin\t2k.dll
0x00007ffe30a80000 - 0x00007ffe30aa8000 	C:\WINDOWS\SYSTEM32\USERENV.dll
0x00007ffe10800000 - 0x00007ffe10816000 	C:\WINDOWS\system32\napinsp.dll
0x00007ffe107e0000 - 0x00007ffe107fa000 	C:\WINDOWS\system32\pnrpnsp.dll
0x00007ffe2e570000 - 0x00007ffe2e589000 	C:\WINDOWS\system32\NLAapi.dll
0x00007ffe30130000 - 0x00007ffe301ee000 	C:\WINDOWS\SYSTEM32\DNSAPI.dll
0x00007ffe10770000 - 0x00007ffe1077e000 	C:\WINDOWS\System32\winrnr.dll
0x00007ffe115a0000 - 0x00007ffe115b5000 	C:\WINDOWS\System32\wshbth.dll
0x00007ffe29a40000 - 0x00007ffe29ab2000 	C:\WINDOWS\System32\fwpuclnt.dll
0x00007ffe29750000 - 0x00007ffe2975a000 	C:\Windows\System32\rasadhlp.dll
0x00000000528d0000 - 0x00000000528db000 	C:\Program Files\Java\jre1.8.0_181\bin\sunmscapi.dll
0x0000000052580000 - 0x0000000052597000 	C:\Program Files\Java\jre1.8.0_181\bin\unpack.dll

VM Arguments:
jvm_args: -Xbootclasspath/p:C:\Users\William Holmberg\OSBot\Data\filter_72cdb86.jar -XX:+DisableAttachMechanism 
java_command: org.osbot.BotApplication 0,1,0,sirjolefon@gmail.com:ugot00wned2:1234,NEX:ugot00wned2_,169,0,0,1,0,0,null
java_class_path (initial): /C:/Users/William Holmberg/eclipse-workspace/NexusDesktop/osbot.jar;/C:/Users/William Holmberg/eclipse-workspace/NexusDesktop/osbot.jar
Launcher Type: SUN_STANDARD

Environment Variables:
PATH=C:/Program Files/Java/jre1.8.0_181/bin/server;C:/Program Files/Java/jre1.8.0_181/bin;C:/Program Files/Java/jre1.8.0_181/lib/amd64;C:\Program Files (x86)\Common Files\Oracle\Java\javapath;C:\Program Files (x86)\Intel\iCLS Client\;C:\Program Files\Intel\iCLS Client\;C:\WINDOWS\system32;C:\WINDOWS;C:\WINDOWS\System32\Wbem;C:\WINDOWS\System32\WindowsPowerShell\v1.0\;C:\WINDOWS\System32\OpenSSH\;C:\Program Files (x86)\NVIDIA Corporation\PhysX\Common;C:\Program Files (x86)\Intel\Intel(R) Management Engine Components\DAL;C:\Program Files\Intel\Intel(R) Management Engine Components\DAL;C:\Program Files (x86)\Intel\Intel(R) Management Engine Components\IPT;C:\Program Files\Intel\Intel(R) Management Engine Components\IPT;C:\Users\William Holmberg\AppData\Local\Microsoft\WindowsApps;C:\Users\William Holmberg\AppData\Local\GitHubDesktop\bin;C:\WINDOWS\system32;
USERNAME=William Holmberg
OS=Windows_NT
PROCESSOR_IDENTIFIER=Intel64 Family 6 Model 158 Stepping 10, GenuineIntel



---------------  S Y S T E M  ---------------

OS: Windows 10.0 , 64 bit Build 17134 (10.0.17134.1)

CPU:total 12 (initial active 12) (6 cores per cpu, 2 threads per core) family 6 model 158 stepping 10, cmov, cx8, fxsr, mmx, sse, sse2, sse3, ssse3, sse4.1, sse4.2, popcnt, avx, avx2, aes, clmul, erms, rtm, 3dnowpref, lzcnt, ht, tsc, tscinvbit, bmi1, bmi2, adx

Memory: 4k page, physical 16736684k(639696k free), swap 45909140k(9132k free)

vm_info: Java HotSpot(TM) 64-Bit Server VM (25.181-b13) for windows-amd64 JRE (1.8.0_181-b13), built on Jul  7 2018 04:01:33 by "java_re" with MS VC++ 10.0 (VS2010)

time: Thu Dec 06 20:18:55 2018
elapsed time: 14 seconds (0d 0h 0m 14s)

